<?xml version="1.0" encoding="UTF-8"?>
<coverage generated="1774252818386" clover="3.2.0">
  <project timestamp="1774252818386" name="All files">
    <metrics statements="1110" coveredstatements="844" conditionals="1046" coveredconditionals="689" methods="221" coveredmethods="155" elements="2377" coveredelements="1688" complexity="0" loc="1110" ncloc="1110" packages="8" files="20" classes="20"/>
    <package name="app.actions">
      <metrics statements="670" coveredstatements="522" conditionals="707" coveredconditionals="508" methods="68" coveredmethods="52"/>
      <file name="admin.ts" path="/Users/sgrueva/pbars/app/actions/admin.ts">
        <metrics statements="396" coveredstatements="341" conditionals="384" coveredconditionals="299" methods="31" coveredmethods="28"/>
        <line num="13" count="1" type="stmt"/>
        <line num="19" count="1" type="stmt"/>
        <line num="20" count="1" type="stmt"/>
        <line num="21" count="1" type="stmt"/>
        <line num="24" count="13" type="stmt"/>
        <line num="25" count="13" type="cond" truecount="2" falsecount="0"/>
        <line num="28" count="12" type="stmt"/>
        <line num="29" count="12" type="stmt"/>
        <line num="30" count="25" type="cond" truecount="1" falsecount="1"/>
        <line num="31" count="0" type="stmt"/>
        <line num="35" count="12" type="stmt"/>
        <line num="36" count="12" type="cond" truecount="1" falsecount="1"/>
        <line num="37" count="13" type="stmt"/>
        <line num="38" count="13" type="cond" truecount="4" falsecount="0"/>
        <line num="39" count="2" type="stmt"/>
        <line num="44" count="10" type="stmt"/>
        <line num="45" count="10" type="stmt"/>
        <line num="46" count="10" type="stmt"/>
        <line num="48" count="10" type="cond" truecount="2" falsecount="0"/>
        <line num="49" count="9" type="cond" truecount="2" falsecount="0"/>
        <line num="50" count="6" type="stmt"/>
        <line num="52" count="3" type="stmt"/>
        <line num="54" count="9" type="stmt"/>
        <line num="57" count="1" type="stmt"/>
        <line num="58" count="1" type="stmt"/>
        <line num="59" count="1" type="stmt"/>
        <line num="63" count="1" type="stmt"/>
        <line num="64" count="1" type="stmt"/>
        <line num="68" count="116" type="stmt"/>
        <line num="69" count="116" type="cond" truecount="2" falsecount="0"/>
        <line num="90" count="3" type="stmt"/>
        <line num="91" count="2" type="stmt"/>
        <line num="93" count="2" type="stmt"/>
        <line num="94" count="2" type="stmt"/>
        <line num="95" count="2" type="stmt"/>
        <line num="96" count="2" type="cond" truecount="1" falsecount="1"/>
        <line num="97" count="3" type="stmt"/>
        <line num="98" count="3" type="stmt"/>
        <line num="101" count="3" type="stmt"/>
        <line num="107" count="2" type="cond" truecount="2" falsecount="0"/>
        <line num="108" count="1" type="stmt"/>
        <line num="109" count="1" type="stmt"/>
        <line num="112" count="1" type="cond" truecount="1" falsecount="1"/>
        <line num="115" count="3" type="stmt"/>
        <line num="121" count="1" type="stmt"/>
        <line num="200" count="1" type="stmt"/>
        <line num="203" count="0" type="stmt"/>
        <line num="208" count="9" type="stmt"/>
        <line num="209" count="9" type="cond" truecount="4" falsecount="0"/>
        <line num="210" count="1" type="stmt"/>
        <line num="213" count="9" type="stmt"/>
        <line num="214" count="9" type="cond" truecount="1" falsecount="1"/>
        <line num="215" count="0" type="stmt"/>
        <line num="218" count="9" type="stmt"/>
        <line num="219" count="9" type="cond" truecount="1" falsecount="1"/>
        <line num="220" count="0" type="stmt"/>
        <line num="223" count="9" type="stmt"/>
        <line num="224" count="9" type="cond" truecount="1" falsecount="1"/>
        <line num="225" count="0" type="stmt"/>
        <line num="226" count="0" type="stmt"/>
        <line num="227" count="0" type="cond" truecount="0" falsecount="2"/>
        <line num="228" count="0" type="stmt"/>
        <line num="229" count="0" type="stmt"/>
        <line num="230" count="0" type="cond" truecount="0" falsecount="2"/>
        <line num="231" count="0" type="stmt"/>
        <line num="233" count="0" type="stmt"/>
        <line num="237" count="9" type="stmt"/>
        <line num="238" count="9" type="cond" truecount="1" falsecount="1"/>
        <line num="239" count="0" type="stmt"/>
        <line num="240" count="9" type="cond" truecount="1" falsecount="1"/>
        <line num="241" count="0" type="stmt"/>
        <line num="242" count="9" type="cond" truecount="1" falsecount="1"/>
        <line num="243" count="0" type="stmt"/>
        <line num="246" count="9" type="stmt"/>
        <line num="250" count="6" type="stmt"/>
        <line num="251" count="5" type="stmt"/>
        <line num="253" count="5" type="cond" truecount="2" falsecount="0"/>
        <line num="254" count="6" type="stmt"/>
        <line num="255" count="6" type="stmt"/>
        <line num="257" count="6" type="stmt"/>
        <line num="263" count="6" type="stmt"/>
        <line num="265" count="6" type="stmt"/>
        <line num="267" count="5" type="cond" truecount="2" falsecount="0"/>
        <line num="268" count="1" type="stmt"/>
        <line num="269" count="1" type="stmt"/>
        <line num="272" count="4" type="cond" truecount="3" falsecount="1"/>
        <line num="276" count="4" type="stmt"/>
        <line num="277" count="3" type="stmt"/>
        <line num="279" count="3" type="stmt"/>
        <line num="280" count="3" type="stmt"/>
        <line num="281" count="3" type="stmt"/>
        <line num="283" count="3" type="stmt"/>
        <line num="284" count="4" type="stmt"/>
        <line num="290" count="4" type="stmt"/>
        <line num="292" count="4" type="stmt"/>
        <line num="293" count="4" type="cond" truecount="2" falsecount="0"/>
        <line num="294" count="1" type="stmt"/>
        <line num="295" count="1" type="stmt"/>
        <line num="298" count="3" type="cond" truecount="1" falsecount="1"/>
        <line num="299" count="4" type="cond" truecount="4" falsecount="0"/>
        <line num="300" count="1" type="stmt"/>
        <line num="303" count="2" type="stmt"/>
        <line num="328" count="4" type="stmt"/>
        <line num="329" count="4" type="cond" truecount="1" falsecount="1"/>
        <line num="330" count="0" type="stmt"/>
        <line num="333" count="4" type="stmt"/>
        <line num="334" count="4" type="cond" truecount="1" falsecount="1"/>
        <line num="335" count="0" type="stmt"/>
        <line num="338" count="4" type="stmt"/>
        <line num="339" count="4" type="cond" truecount="1" falsecount="1"/>
        <line num="340" count="0" type="stmt"/>
        <line num="341" count="0" type="cond" truecount="0" falsecount="2"/>
        <line num="342" count="0" type="stmt"/>
        <line num="344" count="0" type="stmt"/>
        <line num="348" count="4" type="stmt"/>
        <line num="352" count="3" type="stmt"/>
        <line num="353" count="2" type="stmt"/>
        <line num="355" count="2" type="cond" truecount="2" falsecount="0"/>
        <line num="356" count="3" type="stmt"/>
        <line num="357" count="3" type="stmt"/>
        <line num="359" count="3" type="stmt"/>
        <line num="366" count="3" type="stmt"/>
        <line num="368" count="3" type="stmt"/>
        <line num="370" count="2" type="cond" truecount="2" falsecount="0"/>
        <line num="371" count="1" type="stmt"/>
        <line num="372" count="1" type="stmt"/>
        <line num="375" count="1" type="cond" truecount="2" falsecount="2"/>
        <line num="379" count="3" type="stmt"/>
        <line num="380" count="2" type="stmt"/>
        <line num="382" count="2" type="stmt"/>
        <line num="383" count="2" type="stmt"/>
        <line num="384" count="2" type="stmt"/>
        <line num="386" count="2" type="stmt"/>
        <line num="387" count="2" type="stmt"/>
        <line num="394" count="2" type="stmt"/>
        <line num="396" count="2" type="stmt"/>
        <line num="397" count="2" type="cond" truecount="2" falsecount="0"/>
        <line num="398" count="1" type="stmt"/>
        <line num="399" count="1" type="stmt"/>
        <line num="402" count="1" type="cond" truecount="1" falsecount="1"/>
        <line num="403" count="2" type="cond" truecount="4" falsecount="0"/>
        <line num="404" count="0" type="stmt"/>
        <line num="407" count="1" type="stmt"/>
        <line num="411" count="6" type="stmt"/>
        <line num="413" count="5" type="stmt"/>
        <line num="414" count="5" type="cond" truecount="2" falsecount="0"/>
        <line num="415" count="3" type="stmt"/>
        <line num="418" count="2" type="stmt"/>
        <line num="420" count="2" type="stmt"/>
        <line num="426" count="2" type="cond" truecount="4" falsecount="0"/>
        <line num="427" count="1" type="stmt"/>
        <line num="430" count="1" type="stmt"/>
        <line num="434" count="1" type="stmt"/>
        <line num="446" count="17" type="stmt"/>
        <line num="448" count="16" type="stmt"/>
        <line num="449" count="16" type="cond" truecount="2" falsecount="0"/>
        <line num="450" count="1" type="stmt"/>
        <line num="453" count="15" type="cond" truecount="5" falsecount="0"/>
        <line num="454" count="3" type="stmt"/>
        <line num="456" count="12" type="cond" truecount="4" falsecount="0"/>
        <line num="457" count="1" type="stmt"/>
        <line num="459" count="11" type="cond" truecount="4" falsecount="0"/>
        <line num="460" count="1" type="stmt"/>
        <line num="463" count="10" type="stmt"/>
        <line num="466" count="10" type="stmt"/>
        <line num="472" count="10" type="cond" truecount="4" falsecount="0"/>
        <line num="473" count="1" type="stmt"/>
        <line num="477" count="9" type="stmt"/>
        <line num="478" count="9" type="cond" truecount="4" falsecount="0"/>
        <line num="479" count="2" type="stmt"/>
        <line num="483" count="7" type="stmt"/>
        <line num="484" count="7" type="stmt"/>
        <line num="485" count="7" type="cond" truecount="2" falsecount="0"/>
        <line num="486" count="2" type="stmt"/>
        <line num="488" count="7" type="cond" truecount="2" falsecount="0"/>
        <line num="489" count="2" type="stmt"/>
        <line num="490" count="2" type="cond" truecount="1" falsecount="1"/>
        <line num="492" count="7" type="cond" truecount="2" falsecount="0"/>
        <line num="493" count="1" type="stmt"/>
        <line num="495" count="7" type="cond" truecount="2" falsecount="0"/>
        <line num="496" count="2" type="stmt"/>
        <line num="497" count="2" type="cond" truecount="2" falsecount="0"/>
        <line num="501" count="7" type="stmt"/>
        <line num="508" count="7" type="cond" truecount="1" falsecount="1"/>
        <line num="509" count="0" type="stmt"/>
        <line num="510" count="0" type="stmt"/>
        <line num="513" count="7" type="cond" truecount="3" falsecount="1"/>
        <line num="514" count="0" type="stmt"/>
        <line num="518" count="7" type="cond" truecount="2" falsecount="0"/>
        <line num="519" count="2" type="stmt"/>
        <line num="523" count="7" type="cond" truecount="3" falsecount="4"/>
        <line num="524" count="0" type="stmt"/>
        <line num="525" count="0" type="stmt"/>
        <line num="529" count="0" type="cond" truecount="0" falsecount="4"/>
        <line num="530" count="0" type="stmt"/>
        <line num="532" count="0" type="stmt"/>
        <line num="533" count="0" type="stmt"/>
        <line num="541" count="0" type="stmt"/>
        <line num="551" count="0" type="stmt"/>
        <line num="555" count="7" type="stmt"/>
        <line num="586" count="4" type="stmt"/>
        <line num="588" count="3" type="stmt"/>
        <line num="589" count="3" type="cond" truecount="2" falsecount="0"/>
        <line num="591" count="2" type="stmt"/>
        <line num="592" count="2" type="stmt"/>
        <line num="598" count="2" type="cond" truecount="3" falsecount="1"/>
        <line num="599" count="2" type="stmt"/>
        <line num="600" count="2" type="stmt"/>
        <line num="601" count="2" type="cond" truecount="1" falsecount="1"/>
        <line num="602" count="4" type="stmt"/>
        <line num="603" count="4" type="stmt"/>
        <line num="605" count="4" type="stmt"/>
        <line num="636" count="16" type="stmt"/>
        <line num="638" count="15" type="stmt"/>
        <line num="639" count="15" type="cond" truecount="2" falsecount="0"/>
        <line num="640" count="14" type="cond" truecount="5" falsecount="0"/>
        <line num="641" count="12" type="cond" truecount="2" falsecount="0"/>
        <line num="642" count="11" type="cond" truecount="2" falsecount="0"/>
        <line num="643" count="10" type="cond" truecount="2" falsecount="0"/>
        <line num="644" count="9" type="cond" truecount="2" falsecount="0"/>
        <line num="646" count="8" type="stmt"/>
        <line num="649" count="8" type="stmt"/>
        <line num="658" count="8" type="cond" truecount="4" falsecount="0"/>
        <line num="660" count="2" type="stmt"/>
        <line num="661" count="2" type="cond" truecount="1" falsecount="1"/>
        <line num="662" count="2" type="cond" truecount="2" falsecount="0"/>
        <line num="663" count="1" type="cond" truecount="1" falsecount="1"/>
        <line num="664" count="0" type="stmt"/>
        <line num="667" count="6" type="stmt"/>
        <line num="670" count="6" type="stmt"/>
        <line num="671" count="6" type="cond" truecount="2" falsecount="0"/>
        <line num="672" count="16" type="cond" truecount="1" falsecount="1"/>
        <line num="675" count="16" type="stmt"/>
        <line num="676" count="16" type="cond" truecount="2" falsecount="0"/>
        <line num="680" count="16" type="stmt"/>
        <line num="681" count="16" type="cond" truecount="2" falsecount="0"/>
        <line num="682" count="1" type="stmt"/>
        <line num="690" count="1" type="stmt"/>
        <line num="692" count="5" type="stmt"/>
        <line num="713" count="4" type="stmt"/>
        <line num="717" count="1" type="stmt"/>
        <line num="718" count="1" type="stmt"/>
        <line num="722" count="5" type="stmt"/>
        <line num="728" count="5" type="cond" truecount="2" falsecount="0"/>
        <line num="729" count="1" type="stmt"/>
        <line num="730" count="1" type="stmt"/>
        <line num="731" count="1" type="stmt"/>
        <line num="734" count="4" type="stmt"/>
        <line num="738" count="5" type="stmt"/>
        <line num="740" count="4" type="stmt"/>
        <line num="741" count="4" type="cond" truecount="2" falsecount="0"/>
        <line num="742" count="3" type="cond" truecount="2" falsecount="0"/>
        <line num="744" count="2" type="stmt"/>
        <line num="745" count="2" type="stmt"/>
        <line num="750" count="2" type="cond" truecount="1" falsecount="1"/>
        <line num="751" count="0" type="stmt"/>
        <line num="752" count="0" type="stmt"/>
        <line num="755" count="2" type="stmt"/>
        <line num="759" count="6" type="stmt"/>
        <line num="761" count="5" type="stmt"/>
        <line num="762" count="5" type="cond" truecount="2" falsecount="0"/>
        <line num="764" count="4" type="stmt"/>
        <line num="765" count="4" type="stmt"/>
        <line num="771" count="4" type="cond" truecount="4" falsecount="0"/>
        <line num="772" count="3" type="cond" truecount="2" falsecount="0"/>
        <line num="775" count="2" type="stmt"/>
        <line num="779" count="2" type="cond" truecount="4" falsecount="0"/>
        <line num="780" count="1" type="stmt"/>
        <line num="781" count="1" type="cond" truecount="1" falsecount="1"/>
        <line num="787" count="1" type="stmt"/>
        <line num="793" count="1" type="cond" truecount="1" falsecount="1"/>
        <line num="794" count="6" type="stmt"/>
        <line num="796" count="6" type="stmt"/>
        <line num="805" count="1" type="stmt"/>
        <line num="814" count="1" type="stmt"/>
        <line num="818" count="4" type="stmt"/>
        <line num="820" count="3" type="stmt"/>
        <line num="821" count="3" type="cond" truecount="2" falsecount="0"/>
        <line num="823" count="2" type="stmt"/>
        <line num="824" count="2" type="stmt"/>
        <line num="830" count="2" type="cond" truecount="3" falsecount="1"/>
        <line num="832" count="2" type="stmt"/>
        <line num="833" count="2" type="stmt"/>
        <line num="834" count="2" type="cond" truecount="2" falsecount="0"/>
        <line num="835" count="4" type="cond" truecount="2" falsecount="0"/>
        <line num="837" count="4" type="stmt"/>
        <line num="845" count="2" type="cond" truecount="2" falsecount="0"/>
        <line num="849" count="4" type="stmt"/>
        <line num="853" count="2" type="cond" truecount="1" falsecount="1"/>
        <line num="855" count="0" type="stmt"/>
        <line num="856" count="0" type="stmt"/>
        <line num="857" count="0" type="stmt"/>
        <line num="863" count="0" type="stmt"/>
        <line num="864" count="0" type="stmt"/>
        <line num="867" count="0" type="cond" truecount="0" falsecount="4"/>
        <line num="868" count="2" type="cond" truecount="0" falsecount="4"/>
        <line num="870" count="2" type="stmt"/>
        <line num="893" count="0" type="stmt"/>
        <line num="911" count="2" type="stmt"/>
        <line num="912" count="1" type="stmt"/>
        <line num="914" count="1" type="stmt"/>
        <line num="919" count="1" type="cond" truecount="1" falsecount="1"/>
        <line num="920" count="0" type="stmt"/>
        <line num="921" count="0" type="stmt"/>
        <line num="924" count="1" type="cond" truecount="1" falsecount="1"/>
        <line num="928" count="1" type="stmt"/>
        <line num="929" count="1" type="cond" truecount="1" falsecount="1"/>
        <line num="931" count="1" type="stmt"/>
        <line num="932" count="1" type="stmt"/>
        <line num="935" count="1" type="stmt"/>
        <line num="944" count="1" type="stmt"/>
        <line num="952" count="1" type="stmt"/>
        <line num="953" count="1" type="cond" truecount="2" falsecount="0"/>
        <line num="954" count="1" type="cond" truecount="2" falsecount="0"/>
        <line num="956" count="1" type="stmt"/>
        <line num="965" count="10" type="stmt"/>
        <line num="967" count="11" type="stmt"/>
        <line num="968" count="9" type="cond" truecount="2" falsecount="0"/>
        <line num="970" count="8" type="cond" truecount="4" falsecount="0"/>
        <line num="971" count="3" type="stmt"/>
        <line num="974" count="5" type="cond" truecount="2" falsecount="0"/>
        <line num="975" count="2" type="stmt"/>
        <line num="980" count="3" type="cond" truecount="2" falsecount="0"/>
        <line num="981" count="2" type="stmt"/>
        <line num="982" count="2" type="cond" truecount="2" falsecount="0"/>
        <line num="983" count="1" type="stmt"/>
        <line num="985" count="1" type="cond" truecount="1" falsecount="1"/>
        <line num="986" count="1" type="stmt"/>
        <line num="991" count="1" type="stmt"/>
        <line num="993" count="1" type="stmt"/>
        <line num="996" count="1" type="stmt"/>
        <line num="1002" count="1" type="cond" truecount="1" falsecount="1"/>
        <line num="1003" count="0" type="stmt"/>
        <line num="1004" count="0" type="stmt"/>
        <line num="1008" count="1" type="stmt"/>
        <line num="1013" count="1" type="stmt"/>
        <line num="1022" count="1" type="cond" truecount="1" falsecount="1"/>
        <line num="1023" count="0" type="stmt"/>
        <line num="1024" count="0" type="stmt"/>
        <line num="1027" count="1" type="stmt"/>
        <line num="1028" count="1" type="stmt"/>
        <line num="1032" count="4" type="stmt"/>
        <line num="1034" count="3" type="stmt"/>
        <line num="1035" count="3" type="cond" truecount="2" falsecount="0"/>
        <line num="1037" count="2" type="stmt"/>
        <line num="1039" count="2" type="stmt"/>
        <line num="1046" count="2" type="cond" truecount="1" falsecount="1"/>
        <line num="1047" count="0" type="stmt"/>
        <line num="1048" count="0" type="stmt"/>
        <line num="1051" count="2" type="cond" truecount="4" falsecount="0"/>
        <line num="1052" count="1" type="stmt"/>
        <line num="1055" count="1" type="stmt"/>
        <line num="1056" count="1" type="stmt"/>
        <line num="1076" count="2" type="stmt"/>
        <line num="1077" count="1" type="stmt"/>
        <line num="1079" count="1" type="stmt"/>
        <line num="1084" count="1" type="cond" truecount="1" falsecount="1"/>
        <line num="1085" count="0" type="stmt"/>
        <line num="1086" count="0" type="stmt"/>
        <line num="1089" count="1" type="cond" truecount="1" falsecount="1"/>
        <line num="1092" count="1" type="stmt"/>
        <line num="1103" count="17" type="stmt"/>
        <line num="1105" count="16" type="stmt"/>
        <line num="1106" count="16" type="cond" truecount="2" falsecount="0"/>
        <line num="1107" count="3" type="stmt"/>
        <line num="1110" count="13" type="cond" truecount="4" falsecount="0"/>
        <line num="1111" count="2" type="stmt"/>
        <line num="1114" count="11" type="cond" truecount="4" falsecount="0"/>
        <line num="1115" count="1" type="stmt"/>
        <line num="1118" count="10" type="cond" truecount="2" falsecount="0"/>
        <line num="1119" count="1" type="stmt"/>
        <line num="1122" count="9" type="cond" truecount="4" falsecount="0"/>
        <line num="1123" count="2" type="stmt"/>
        <line num="1126" count="7" type="cond" truecount="2" falsecount="0"/>
        <line num="1127" count="1" type="stmt"/>
        <line num="1128" count="1" type="cond" truecount="1" falsecount="1"/>
        <line num="1129" count="1" type="cond" truecount="1" falsecount="1"/>
        <line num="1132" count="6" type="stmt"/>
        <line num="1134" count="6" type="stmt"/>
        <line num="1145" count="6" type="cond" truecount="2" falsecount="0"/>
        <line num="1146" count="2" type="cond" truecount="2" falsecount="0"/>
        <line num="1147" count="1" type="stmt"/>
        <line num="1149" count="1" type="stmt"/>
        <line num="1150" count="1" type="stmt"/>
        <line num="1153" count="4" type="stmt"/>
        <line num="1157" count="4" type="stmt"/>
        <line num="1159" count="3" type="stmt"/>
        <line num="1160" count="3" type="cond" truecount="2" falsecount="0"/>
        <line num="1162" count="2" type="stmt"/>
        <line num="1164" count="2" type="stmt"/>
        <line num="1171" count="2" type="cond" truecount="1" falsecount="1"/>
        <line num="1172" count="0" type="stmt"/>
        <line num="1173" count="0" type="stmt"/>
        <line num="1176" count="2" type="cond" truecount="4" falsecount="0"/>
        <line num="1177" count="1" type="stmt"/>
        <line num="1180" count="1" type="stmt"/>
      </file>
      <file name="contact.ts" path="/Users/sgrueva/pbars/app/actions/contact.ts">
        <metrics statements="26" coveredstatements="21" conditionals="21" coveredconditionals="16" methods="4" coveredmethods="3"/>
        <line num="14" count="1" type="stmt"/>
        <line num="15" count="1" type="stmt"/>
        <line num="16" count="1" type="stmt"/>
        <line num="19" count="2" type="stmt"/>
        <line num="20" count="2" type="cond" truecount="2" falsecount="0"/>
        <line num="21" count="1" type="stmt"/>
        <line num="23" count="2" type="cond" truecount="1" falsecount="1"/>
        <line num="24" count="0" type="stmt"/>
        <line num="26" count="2" type="stmt"/>
        <line num="27" count="2" type="stmt"/>
        <line num="30" count="2" type="cond" truecount="1" falsecount="1"/>
        <line num="31" count="0" type="stmt"/>
        <line num="32" count="0" type="stmt"/>
        <line num="33" count="0" type="cond" truecount="0" falsecount="2"/>
        <line num="34" count="0" type="stmt"/>
        <line num="40" count="6" type="stmt"/>
        <line num="42" count="6" type="cond" truecount="5" falsecount="0"/>
        <line num="43" count="3" type="stmt"/>
        <line num="46" count="3" type="cond" truecount="2" falsecount="0"/>
        <line num="47" count="1" type="stmt"/>
        <line num="51" count="2" type="stmt"/>
        <line num="52" count="2" type="cond" truecount="1" falsecount="1"/>
        <line num="53" count="6" type="stmt"/>
        <line num="55" count="6" type="stmt"/>
        <line num="57" count="6" type="stmt"/>
        <line num="65" count="2" type="stmt"/>
      </file>
      <file name="stripe.ts" path="/Users/sgrueva/pbars/app/actions/stripe.ts">
        <metrics statements="248" coveredstatements="160" conditionals="302" coveredconditionals="193" methods="33" coveredmethods="21"/>
        <line num="74" count="2" type="stmt"/>
        <line num="75" count="2" type="stmt"/>
        <line num="76" count="2" type="stmt"/>
        <line num="80" count="2" type="stmt"/>
        <line num="81" count="2" type="stmt"/>
        <line num="82" count="2" type="stmt"/>
        <line num="85" count="2" type="stmt"/>
        <line num="86" count="2" type="stmt"/>
        <line num="87" count="2" type="stmt"/>
        <line num="90" count="13" type="stmt"/>
        <line num="91" count="13" type="cond" truecount="2" falsecount="0"/>
        <line num="92" count="0" type="stmt"/>
        <line num="94" count="13" type="cond" truecount="1" falsecount="1"/>
        <line num="95" count="0" type="stmt"/>
        <line num="97" count="13" type="stmt"/>
        <line num="98" count="13" type="stmt"/>
        <line num="101" count="13" type="cond" truecount="1" falsecount="1"/>
        <line num="102" count="0" type="stmt"/>
        <line num="103" count="0" type="stmt"/>
        <line num="104" count="0" type="cond" truecount="0" falsecount="2"/>
        <line num="105" count="0" type="stmt"/>
        <line num="111" count="39" type="cond" truecount="2" falsecount="0"/>
        <line num="112" count="1" type="stmt"/>
        <line num="114" count="38" type="stmt"/>
        <line num="118" count="38" type="cond" truecount="5" falsecount="1"/>
        <line num="119" count="2" type="stmt"/>
        <line num="124" count="51" type="stmt"/>
        <line num="132" count="51" type="stmt"/>
        <line num="133" count="248" type="cond" truecount="4" falsecount="0"/>
        <line num="134" count="3" type="stmt"/>
        <line num="138" count="48" type="cond" truecount="2" falsecount="0"/>
        <line num="139" count="1" type="stmt"/>
        <line num="142" count="47" type="cond" truecount="2" falsecount="0"/>
        <line num="143" count="1" type="stmt"/>
        <line num="147" count="46" type="stmt"/>
        <line num="158" count="46" type="stmt"/>
        <line num="159" count="368" type="cond" truecount="4" falsecount="0"/>
        <line num="160" count="1" type="stmt"/>
        <line num="166" count="29" type="cond" truecount="4" falsecount="0"/>
        <line num="167" count="1" type="stmt"/>
        <line num="171" count="28" type="stmt"/>
        <line num="172" count="28" type="stmt"/>
        <line num="173" count="28" type="cond" truecount="2" falsecount="0"/>
        <line num="174" count="28" type="stmt"/>
        <line num="178" count="28" type="stmt"/>
        <line num="179" count="84" type="stmt"/>
        <line num="181" count="28" type="stmt"/>
        <line num="182" count="28" type="stmt"/>
        <line num="183" count="28" type="cond" truecount="2" falsecount="0"/>
        <line num="184" count="2" type="stmt"/>
        <line num="186" count="26" type="cond" truecount="5" falsecount="0"/>
        <line num="187" count="3" type="stmt"/>
        <line num="189" count="23" type="stmt"/>
        <line num="204" count="0" type="cond" truecount="0" falsecount="2"/>
        <line num="205" count="0" type="stmt"/>
        <line num="208" count="0" type="stmt"/>
        <line num="212" count="2" type="stmt"/>
        <line num="213" count="2" type="stmt"/>
        <line num="214" count="2" type="stmt"/>
        <line num="217" count="0" type="cond" truecount="0" falsecount="4"/>
        <line num="218" count="0" type="stmt"/>
        <line num="222" count="0" type="stmt"/>
        <line num="223" count="0" type="cond" truecount="0" falsecount="2"/>
        <line num="224" count="0" type="stmt"/>
        <line num="225" count="0" type="cond" truecount="0" falsecount="2"/>
        <line num="226" count="0" type="cond" truecount="0" falsecount="2"/>
        <line num="227" count="0" type="stmt"/>
        <line num="229" count="0" type="stmt"/>
        <line num="230" count="0" type="stmt"/>
        <line num="232" count="0" type="stmt"/>
        <line num="233" count="0" type="stmt"/>
        <line num="235" count="0" type="stmt"/>
        <line num="243" count="0" type="cond" truecount="0" falsecount="4"/>
        <line num="244" count="0" type="stmt"/>
        <line num="248" count="0" type="cond" truecount="0" falsecount="4"/>
        <line num="249" count="0" type="stmt"/>
        <line num="252" count="0" type="cond" truecount="0" falsecount="4"/>
        <line num="253" count="0" type="stmt"/>
        <line num="256" count="0" type="cond" truecount="0" falsecount="2"/>
        <line num="257" count="0" type="stmt"/>
        <line num="263" count="0" type="stmt"/>
        <line num="265" count="0" type="stmt"/>
        <line num="278" count="23" type="cond" truecount="1" falsecount="1"/>
        <line num="280" count="0" type="stmt"/>
        <line num="281" count="0" type="stmt"/>
        <line num="285" count="0" type="stmt"/>
        <line num="293" count="0" type="cond" truecount="0" falsecount="4"/>
        <line num="294" count="0" type="stmt"/>
        <line num="297" count="0" type="cond" truecount="0" falsecount="4"/>
        <line num="298" count="0" type="stmt"/>
        <line num="301" count="0" type="cond" truecount="0" falsecount="4"/>
        <line num="302" count="0" type="stmt"/>
        <line num="305" count="0" type="cond" truecount="0" falsecount="2"/>
        <line num="306" count="0" type="stmt"/>
        <line num="310" count="0" type="stmt"/>
        <line num="316" count="0" type="cond" truecount="0" falsecount="2"/>
        <line num="317" count="0" type="stmt"/>
        <line num="320" count="0" type="stmt"/>
        <line num="322" count="0" type="cond" truecount="0" falsecount="4"/>
        <line num="323" count="0" type="stmt"/>
        <line num="326" count="0" type="stmt"/>
        <line num="328" count="0" type="stmt"/>
        <line num="337" count="66" type="cond" truecount="2" falsecount="0"/>
        <line num="339" count="36" type="cond" truecount="4" falsecount="0"/>
        <line num="340" count="5" type="stmt"/>
        <line num="342" count="31" type="cond" truecount="4" falsecount="1"/>
        <line num="343" count="0" type="stmt"/>
        <line num="345" count="31" type="cond" truecount="2" falsecount="0"/>
        <line num="346" count="1" type="stmt"/>
        <line num="348" count="30" type="cond" truecount="3" falsecount="1"/>
        <line num="349" count="0" type="stmt"/>
        <line num="351" count="30" type="cond" truecount="4" falsecount="0"/>
        <line num="352" count="1" type="stmt"/>
        <line num="357" count="45" type="cond" truecount="2" falsecount="0"/>
        <line num="358" count="9" type="cond" truecount="1" falsecount="1"/>
        <line num="359" count="9" type="cond" truecount="2" falsecount="0"/>
        <line num="362" count="45" type="cond" truecount="2" falsecount="0"/>
        <line num="363" count="5" type="cond" truecount="1" falsecount="1"/>
        <line num="364" count="0" type="stmt"/>
        <line num="366" count="5" type="cond" truecount="4" falsecount="0"/>
        <line num="367" count="2" type="stmt"/>
        <line num="369" count="3" type="cond" truecount="4" falsecount="0"/>
        <line num="370" count="1" type="stmt"/>
        <line num="372" count="2" type="cond" truecount="1" falsecount="1"/>
        <line num="373" count="0" type="stmt"/>
        <line num="378" count="6" type="cond" truecount="2" falsecount="0"/>
        <line num="379" count="4" type="cond" truecount="4" falsecount="0"/>
        <line num="380" count="1" type="stmt"/>
        <line num="384" count="5" type="cond" truecount="2" falsecount="0"/>
        <line num="385" count="1" type="stmt"/>
        <line num="387" count="4" type="cond" truecount="2" falsecount="0"/>
        <line num="388" count="1" type="stmt"/>
        <line num="393" count="30" type="stmt"/>
        <line num="395" count="30" type="stmt"/>
        <line num="396" count="30" type="stmt"/>
        <line num="397" count="30" type="stmt"/>
        <line num="398" count="30" type="stmt"/>
        <line num="399" count="30" type="stmt"/>
        <line num="400" count="30" type="stmt"/>
        <line num="401" count="30" type="stmt"/>
        <line num="403" count="11" type="stmt"/>
        <line num="404" count="11" type="stmt"/>
        <line num="407" count="11" type="stmt"/>
        <line num="410" count="11" type="stmt"/>
        <line num="411" count="11" type="cond" truecount="2" falsecount="0"/>
        <line num="412" count="30" type="stmt"/>
        <line num="414" count="30" type="stmt"/>
        <line num="426" count="30" type="cond" truecount="2" falsecount="0"/>
        <line num="427" count="1" type="stmt"/>
        <line num="440" count="11" type="stmt"/>
        <line num="442" count="11" type="stmt"/>
        <line num="449" count="11" type="stmt"/>
        <line num="487" count="11" type="cond" truecount="2" falsecount="0"/>
        <line num="488" count="1" type="stmt"/>
        <line num="489" count="1" type="stmt"/>
        <line num="492" count="10" type="cond" truecount="2" falsecount="0"/>
        <line num="497" count="30" type="stmt"/>
        <line num="500" count="30" type="cond" truecount="1" falsecount="1"/>
        <line num="501" count="0" type="stmt"/>
        <line num="507" count="0" type="stmt"/>
        <line num="508" count="0" type="stmt"/>
        <line num="511" count="10" type="stmt"/>
        <line num="525" count="0" type="stmt"/>
        <line num="526" count="0" type="cond" truecount="0" falsecount="2"/>
        <line num="527" count="0" type="stmt"/>
        <line num="529" count="0" type="stmt"/>
        <line num="533" count="10" type="stmt"/>
        <line num="538" count="10" type="cond" truecount="1" falsecount="1"/>
        <line num="539" count="0" type="stmt"/>
        <line num="544" count="10" type="stmt"/>
        <line num="549" count="7" type="stmt"/>
        <line num="550" count="7" type="cond" truecount="2" falsecount="0"/>
        <line num="551" count="1" type="stmt"/>
        <line num="554" count="6" type="stmt"/>
        <line num="556" count="6" type="stmt"/>
        <line num="562" count="6" type="cond" truecount="4" falsecount="0"/>
        <line num="564" count="1" type="stmt"/>
        <line num="567" count="5" type="cond" truecount="2" falsecount="0"/>
        <line num="568" count="1" type="stmt"/>
        <line num="572" count="4" type="cond" truecount="1" falsecount="1"/>
        <line num="573" count="4" type="cond" truecount="2" falsecount="0"/>
        <line num="574" count="1" type="stmt"/>
        <line num="576" count="3" type="stmt"/>
        <line num="577" count="3" type="cond" truecount="2" falsecount="0"/>
        <line num="578" count="1" type="stmt"/>
        <line num="582" count="2" type="stmt"/>
        <line num="590" count="2" type="cond" truecount="3" falsecount="1"/>
        <line num="593" count="0" type="stmt"/>
        <line num="599" count="0" type="cond" truecount="0" falsecount="2"/>
        <line num="600" count="0" type="stmt"/>
        <line num="603" count="0" type="stmt"/>
        <line num="604" count="0" type="stmt"/>
        <line num="608" count="2" type="stmt"/>
        <line num="610" count="2" type="stmt"/>
        <line num="614" count="21" type="stmt"/>
        <line num="616" count="21" type="stmt"/>
        <line num="617" count="21" type="stmt"/>
        <line num="618" count="21" type="stmt"/>
        <line num="619" count="21" type="stmt"/>
        <line num="620" count="21" type="stmt"/>
        <line num="621" count="21" type="stmt"/>
        <line num="624" count="21" type="stmt"/>
        <line num="625" count="13" type="cond" truecount="1" falsecount="1"/>
        <line num="626" count="21" type="stmt"/>
        <line num="628" count="21" type="stmt"/>
        <line num="630" count="12" type="stmt"/>
        <line num="631" count="12" type="stmt"/>
        <line num="634" count="12" type="stmt"/>
        <line num="635" count="12" type="stmt"/>
        <line num="638" count="12" type="stmt"/>
        <line num="639" count="12" type="cond" truecount="2" falsecount="0"/>
        <line num="640" count="21" type="stmt"/>
        <line num="642" count="21" type="stmt"/>
        <line num="644" count="12" type="stmt"/>
        <line num="651" count="12" type="stmt"/>
        <line num="690" count="12" type="cond" truecount="2" falsecount="0"/>
        <line num="691" count="1" type="stmt"/>
        <line num="692" count="1" type="stmt"/>
        <line num="696" count="11" type="stmt"/>
        <line num="697" count="11" type="stmt"/>
        <line num="699" count="11" type="stmt"/>
        <line num="705" count="11" type="cond" truecount="2" falsecount="2"/>
        <line num="707" count="0" type="stmt"/>
        <line num="708" count="0" type="stmt"/>
        <line num="709" count="0" type="stmt"/>
        <line num="710" count="0" type="stmt"/>
        <line num="713" count="0" type="stmt"/>
        <line num="736" count="0" type="stmt"/>
        <line num="741" count="2" type="cond" truecount="1" falsecount="1"/>
        <line num="743" count="0" type="stmt"/>
        <line num="744" count="0" type="stmt"/>
        <line num="750" count="0" type="stmt"/>
        <line num="751" count="0" type="stmt"/>
        <line num="754" count="0" type="stmt"/>
        <line num="755" count="0" type="cond" truecount="0" falsecount="4"/>
        <line num="756" count="2" type="cond" truecount="0" falsecount="4"/>
        <line num="758" count="2" type="stmt"/>
        <line num="782" count="0" type="stmt"/>
        <line num="792" count="11" type="cond" truecount="1" falsecount="1"/>
        <line num="794" count="0" type="stmt"/>
        <line num="795" count="0" type="stmt"/>
        <line num="801" count="0" type="stmt"/>
        <line num="802" count="0" type="stmt"/>
        <line num="805" count="0" type="stmt"/>
        <line num="806" count="0" type="cond" truecount="0" falsecount="4"/>
        <line num="807" count="11" type="cond" truecount="0" falsecount="4"/>
        <line num="809" count="11" type="stmt"/>
        <line num="836" count="0" type="stmt"/>
      </file>
    </package>
    <package name="app.api.econt.offices">
      <metrics statements="39" coveredstatements="34" conditionals="34" coveredconditionals="26" methods="6" coveredmethods="5"/>
      <file name="route.ts" path="/Users/sgrueva/pbars/app/api/econt/offices/route.ts">
        <metrics statements="39" coveredstatements="34" conditionals="34" coveredconditionals="26" methods="6" coveredmethods="5"/>
        <line num="5" count="1" type="stmt"/>
        <line num="6" count="1" type="stmt"/>
        <line num="9" count="7" type="stmt"/>
        <line num="12" count="1" type="stmt"/>
        <line num="13" count="1" type="stmt"/>
        <line num="14" count="1" type="stmt"/>
        <line num="17" count="67" type="stmt"/>
        <line num="18" count="67" type="cond" truecount="2" falsecount="0"/>
        <line num="19" count="910" type="stmt"/>
        <line num="21" count="67" type="cond" truecount="2" falsecount="0"/>
        <line num="22" count="66" type="stmt"/>
        <line num="23" count="66" type="stmt"/>
        <line num="26" count="66" type="cond" truecount="1" falsecount="1"/>
        <line num="27" count="0" type="stmt"/>
        <line num="28" count="0" type="stmt"/>
        <line num="29" count="0" type="cond" truecount="0" falsecount="2"/>
        <line num="30" count="0" type="stmt"/>
        <line num="33" count="66" type="stmt"/>
        <line num="37" count="67" type="cond" truecount="1" falsecount="1"/>
        <line num="38" count="67" type="cond" truecount="2" falsecount="0"/>
        <line num="39" count="1" type="stmt"/>
        <line num="45" count="66" type="cond" truecount="2" falsecount="0"/>
        <line num="46" count="67" type="cond" truecount="3" falsecount="1"/>
        <line num="47" count="0" type="stmt"/>
        <line num="50" count="66" type="stmt"/>
        <line num="51" count="66" type="cond" truecount="2" falsecount="0"/>
        <line num="52" count="67" type="stmt"/>
        <line num="55" count="67" type="cond" truecount="4" falsecount="0"/>
        <line num="56" count="59" type="stmt"/>
        <line num="57" count="59" type="cond" truecount="1" falsecount="1"/>
        <line num="58" count="59" type="stmt"/>
        <line num="62" count="7" type="stmt"/>
        <line num="63" count="6" type="stmt"/>
        <line num="72" count="6" type="cond" truecount="2" falsecount="2"/>
        <line num="73" count="6" type="stmt"/>
        <line num="75" count="6" type="stmt"/>
        <line num="77" count="6" type="stmt"/>
        <line num="79" count="1" type="stmt"/>
        <line num="80" count="1" type="stmt"/>
      </file>
    </package>
    <package name="app.api.speedy.offices">
      <metrics statements="27" coveredstatements="22" conditionals="22" coveredconditionals="17" methods="5" coveredmethods="4"/>
      <file name="route.ts" path="/Users/sgrueva/pbars/app/api/speedy/offices/route.ts">
        <metrics statements="27" coveredstatements="22" conditionals="22" coveredconditionals="17" methods="5" coveredmethods="4"/>
        <line num="5" count="1" type="stmt"/>
        <line num="6" count="1" type="stmt"/>
        <line num="7" count="1" type="stmt"/>
        <line num="10" count="67" type="stmt"/>
        <line num="11" count="67" type="cond" truecount="2" falsecount="0"/>
        <line num="12" count="910" type="stmt"/>
        <line num="14" count="67" type="cond" truecount="2" falsecount="0"/>
        <line num="15" count="66" type="stmt"/>
        <line num="16" count="66" type="stmt"/>
        <line num="19" count="66" type="cond" truecount="1" falsecount="1"/>
        <line num="20" count="0" type="stmt"/>
        <line num="21" count="0" type="stmt"/>
        <line num="22" count="0" type="cond" truecount="0" falsecount="2"/>
        <line num="23" count="0" type="stmt"/>
        <line num="26" count="66" type="stmt"/>
        <line num="30" count="67" type="cond" truecount="1" falsecount="1"/>
        <line num="31" count="67" type="cond" truecount="2" falsecount="0"/>
        <line num="32" count="1" type="stmt"/>
        <line num="38" count="66" type="cond" truecount="2" falsecount="0"/>
        <line num="39" count="67" type="cond" truecount="3" falsecount="1"/>
        <line num="40" count="0" type="stmt"/>
        <line num="43" count="66" type="stmt"/>
        <line num="44" count="66" type="stmt"/>
        <line num="45" count="65" type="stmt"/>
        <line num="51" count="65" type="stmt"/>
        <line num="53" count="1" type="stmt"/>
        <line num="54" count="1" type="stmt"/>
      </file>
    </package>
    <package name="components">
      <metrics statements="102" coveredstatements="92" conditionals="82" coveredconditionals="56" methods="40" coveredmethods="36"/>
      <file name="econt-office-picker.tsx" path="/Users/sgrueva/pbars/components/econt-office-picker.tsx">
        <metrics statements="51" coveredstatements="46" conditionals="41" coveredconditionals="28" methods="20" coveredmethods="18"/>
        <line num="23" count="27" type="stmt"/>
        <line num="24" count="27" type="stmt"/>
        <line num="25" count="27" type="stmt"/>
        <line num="26" count="27" type="stmt"/>
        <line num="27" count="27" type="stmt"/>
        <line num="28" count="27" type="stmt"/>
        <line num="31" count="27" type="stmt"/>
        <line num="32" count="17" type="cond" truecount="2" falsecount="0"/>
        <line num="34" count="0" type="cond" truecount="0" falsecount="4"/>
        <line num="35" count="0" type="stmt"/>
        <line num="38" count="6" type="stmt"/>
        <line num="39" count="6" type="stmt"/>
        <line num="42" count="27" type="stmt"/>
        <line num="43" count="9" type="stmt"/>
        <line num="44" count="9" type="stmt"/>
        <line num="45" count="9" type="stmt"/>
        <line num="46" count="9" type="stmt"/>
        <line num="48" count="9" type="cond" truecount="2" falsecount="0"/>
        <line num="49" count="8" type="stmt"/>
        <line num="52" count="8" type="cond" truecount="1" falsecount="1"/>
        <line num="55" count="1" type="cond" truecount="2" falsecount="2"/>
        <line num="56" count="1" type="stmt"/>
        <line num="59" count="9" type="cond" truecount="1" falsecount="1"/>
        <line num="61" count="9" type="stmt"/>
        <line num="64" count="49" type="stmt"/>
        <line num="66" count="27" type="stmt"/>
        <line num="67" count="18" type="cond" truecount="2" falsecount="0"/>
        <line num="68" count="2" type="stmt"/>
        <line num="69" count="2" type="stmt"/>
        <line num="71" count="6" type="cond" truecount="3" falsecount="0"/>
        <line num="78" count="27" type="stmt"/>
        <line num="79" count="18" type="stmt"/>
        <line num="80" count="18" type="stmt"/>
        <line num="81" count="22" type="cond" truecount="1" falsecount="1"/>
        <line num="82" count="22" type="cond" truecount="2" falsecount="0"/>
        <line num="83" count="22" type="stmt"/>
        <line num="85" count="18" type="stmt"/>
        <line num="88" count="27" type="cond" truecount="2" falsecount="0"/>
        <line num="89" count="9" type="stmt"/>
        <line num="97" count="18" type="cond" truecount="2" falsecount="0"/>
        <line num="98" count="1" type="stmt"/>
        <line num="104" count="0" type="stmt"/>
        <line num="105" count="0" type="cond" truecount="0" falsecount="2"/>
        <line num="106" count="0" type="stmt"/>
        <line num="117" count="17" type="stmt"/>
        <line num="125" count="6" type="stmt"/>
        <line num="146" count="2" type="stmt"/>
        <line num="157" count="13" type="stmt"/>
        <line num="162" count="19" type="stmt"/>
        <line num="169" count="2" type="stmt"/>
        <line num="170" count="2" type="stmt"/>
      </file>
      <file name="speedy-office-picker.tsx" path="/Users/sgrueva/pbars/components/speedy-office-picker.tsx">
        <metrics statements="51" coveredstatements="46" conditionals="41" coveredconditionals="28" methods="20" coveredmethods="18"/>
        <line num="22" count="27" type="stmt"/>
        <line num="23" count="27" type="stmt"/>
        <line num="24" count="27" type="stmt"/>
        <line num="25" count="27" type="stmt"/>
        <line num="26" count="27" type="stmt"/>
        <line num="27" count="27" type="stmt"/>
        <line num="30" count="27" type="stmt"/>
        <line num="31" count="17" type="cond" truecount="2" falsecount="0"/>
        <line num="33" count="0" type="cond" truecount="0" falsecount="4"/>
        <line num="34" count="0" type="stmt"/>
        <line num="37" count="6" type="stmt"/>
        <line num="38" count="6" type="stmt"/>
        <line num="41" count="27" type="stmt"/>
        <line num="42" count="9" type="stmt"/>
        <line num="43" count="9" type="stmt"/>
        <line num="44" count="9" type="stmt"/>
        <line num="45" count="9" type="stmt"/>
        <line num="47" count="9" type="cond" truecount="2" falsecount="0"/>
        <line num="48" count="8" type="stmt"/>
        <line num="51" count="8" type="cond" truecount="1" falsecount="1"/>
        <line num="54" count="1" type="cond" truecount="2" falsecount="2"/>
        <line num="55" count="1" type="stmt"/>
        <line num="58" count="9" type="cond" truecount="1" falsecount="1"/>
        <line num="60" count="9" type="stmt"/>
        <line num="63" count="49" type="stmt"/>
        <line num="65" count="27" type="stmt"/>
        <line num="66" count="18" type="cond" truecount="2" falsecount="0"/>
        <line num="67" count="2" type="stmt"/>
        <line num="68" count="2" type="stmt"/>
        <line num="70" count="6" type="cond" truecount="3" falsecount="0"/>
        <line num="77" count="27" type="stmt"/>
        <line num="78" count="18" type="stmt"/>
        <line num="79" count="18" type="stmt"/>
        <line num="80" count="22" type="cond" truecount="1" falsecount="1"/>
        <line num="81" count="22" type="cond" truecount="2" falsecount="0"/>
        <line num="82" count="22" type="stmt"/>
        <line num="84" count="18" type="stmt"/>
        <line num="87" count="27" type="cond" truecount="2" falsecount="0"/>
        <line num="88" count="9" type="stmt"/>
        <line num="96" count="18" type="cond" truecount="2" falsecount="0"/>
        <line num="97" count="1" type="stmt"/>
        <line num="103" count="0" type="stmt"/>
        <line num="104" count="0" type="cond" truecount="0" falsecount="2"/>
        <line num="105" count="0" type="stmt"/>
        <line num="116" count="17" type="stmt"/>
        <line num="124" count="6" type="stmt"/>
        <line num="145" count="2" type="stmt"/>
        <line num="156" count="13" type="stmt"/>
        <line num="161" count="19" type="stmt"/>
        <line num="168" count="2" type="stmt"/>
        <line num="169" count="2" type="stmt"/>
      </file>
    </package>
    <package name="components.ui">
      <metrics statements="5" coveredstatements="5" conditionals="3" coveredconditionals="2" methods="3" coveredmethods="3"/>
      <file name="button.tsx" path="/Users/sgrueva/pbars/components/ui/button.tsx">
        <metrics statements="3" coveredstatements="3" conditionals="3" coveredconditionals="2" methods="1" coveredmethods="1"/>
        <line num="7" count="2" type="stmt"/>
        <line num="49" count="34" type="cond" truecount="1" falsecount="1"/>
        <line num="51" count="34" type="stmt"/>
      </file>
      <file name="input.tsx" path="/Users/sgrueva/pbars/components/ui/input.tsx">
        <metrics statements="1" coveredstatements="1" conditionals="0" coveredconditionals="0" methods="1" coveredmethods="1"/>
        <line num="6" count="18" type="stmt"/>
      </file>
      <file name="label.tsx" path="/Users/sgrueva/pbars/components/ui/label.tsx">
        <metrics statements="1" coveredstatements="1" conditionals="0" coveredconditionals="0" methods="1" coveredmethods="1"/>
        <line num="12" count="36" type="stmt"/>
      </file>
    </package>
    <package name="lib">
      <metrics statements="164" coveredstatements="92" conditionals="168" coveredconditionals="53" methods="29" coveredmethods="20"/>
      <file name="admin-auth.ts" path="/Users/sgrueva/pbars/lib/admin-auth.ts">
        <metrics statements="35" coveredstatements="35" conditionals="20" coveredconditionals="17" methods="6" coveredmethods="6"/>
        <line num="3" count="1" type="stmt"/>
        <line num="5" count="1" type="stmt"/>
        <line num="6" count="1" type="stmt"/>
        <line num="7" count="1" type="stmt"/>
        <line num="10" count="10" type="stmt"/>
        <line num="11" count="10" type="cond" truecount="1" falsecount="1"/>
        <line num="12" count="10" type="stmt"/>
        <line num="16" count="10" type="stmt"/>
        <line num="20" count="8" type="stmt"/>
        <line num="21" count="8" type="cond" truecount="1" falsecount="1"/>
        <line num="22" count="8" type="stmt"/>
        <line num="30" count="2" type="stmt"/>
        <line num="31" count="2" type="stmt"/>
        <line num="32" count="2" type="stmt"/>
        <line num="33" count="2" type="stmt"/>
        <line num="35" count="2" type="stmt"/>
        <line num="36" count="2" type="stmt"/>
        <line num="46" count="11" type="stmt"/>
        <line num="47" count="11" type="stmt"/>
        <line num="48" count="11" type="cond" truecount="2" falsecount="0"/>
        <line num="50" count="9" type="stmt"/>
        <line num="51" count="9" type="cond" truecount="2" falsecount="0"/>
        <line num="53" count="8" type="stmt"/>
        <line num="54" count="8" type="stmt"/>
        <line num="55" count="8" type="cond" truecount="3" falsecount="1"/>
        <line num="57" count="8" type="cond" truecount="2" falsecount="0"/>
        <line num="59" count="6" type="stmt"/>
        <line num="60" count="6" type="cond" truecount="2" falsecount="0"/>
        <line num="62" count="5" type="stmt"/>
        <line num="63" count="5" type="stmt"/>
        <line num="66" count="5" type="cond" truecount="2" falsecount="0"/>
        <line num="69" count="4" type="cond" truecount="2" falsecount="0"/>
        <line num="71" count="3" type="stmt"/>
        <line num="75" count="1" type="stmt"/>
        <line num="76" count="1" type="stmt"/>
      </file>
      <file name="constants.ts" path="/Users/sgrueva/pbars/lib/constants.ts">
        <metrics statements="10" coveredstatements="10" conditionals="6" coveredconditionals="5" methods="1" coveredmethods="1"/>
        <line num="2" count="3" type="stmt"/>
        <line num="3" count="3" type="stmt"/>
        <line num="6" count="3" type="stmt"/>
        <line num="7" count="3" type="stmt"/>
        <line num="8" count="3" type="stmt"/>
        <line num="9" count="3" type="stmt"/>
        <line num="10" count="3" type="stmt"/>
        <line num="14" count="23" type="stmt"/>
        <line num="15" count="23" type="cond" truecount="4" falsecount="0"/>
        <line num="16" count="3" type="cond" truecount="1" falsecount="1"/>
      </file>
      <file name="delivery.ts" path="/Users/sgrueva/pbars/lib/delivery.ts">
        <metrics statements="7" coveredstatements="3" conditionals="7" coveredconditionals="2" methods="2" coveredmethods="2"/>
        <line num="2" count="1" type="cond" truecount="1" falsecount="4"/>
        <line num="3" count="0" type="stmt"/>
        <line num="4" count="0" type="stmt"/>
        <line num="5" count="1" type="stmt"/>
        <line num="6" count="0" type="stmt"/>
        <line num="7" count="0" type="stmt"/>
        <line num="12" count="1" type="cond" truecount="1" falsecount="1"/>
      </file>
      <file name="econt.ts" path="/Users/sgrueva/pbars/lib/econt.ts">
        <metrics statements="60" coveredstatements="18" conditionals="79" coveredconditionals="11" methods="7" coveredmethods="2"/>
        <line num="3" count="1" type="cond" truecount="1" falsecount="1"/>
        <line num="4" count="1" type="cond" truecount="1" falsecount="1"/>
        <line num="5" count="1" type="cond" truecount="1" falsecount="1"/>
        <line num="8" count="9" type="stmt"/>
        <line num="9" count="9" type="stmt"/>
        <line num="33" count="9" type="stmt"/>
        <line num="34" count="9" type="cond" truecount="2" falsecount="0"/>
        <line num="36" count="9" type="stmt"/>
        <line num="37" count="9" type="stmt"/>
        <line num="40" count="9" type="stmt"/>
        <line num="41" count="9" type="stmt"/>
        <line num="52" count="1" type="cond" truecount="2" falsecount="2"/>
        <line num="53" count="0" type="stmt"/>
        <line num="55" count="1" type="stmt"/>
        <line num="57" count="9" type="stmt"/>
        <line num="60" count="8" type="cond" truecount="2" falsecount="0"/>
        <line num="61" count="1" type="stmt"/>
        <line num="64" count="7" type="stmt"/>
        <line num="65" count="7" type="cond" truecount="2" falsecount="0"/>
        <line num="92" count="0" type="stmt"/>
        <line num="93" count="0" type="cond" truecount="0" falsecount="2"/>
        <line num="95" count="0" type="cond" truecount="0" falsecount="5"/>
        <line num="96" count="0" type="cond" truecount="0" falsecount="2"/>
        <line num="97" count="0" type="stmt"/>
        <line num="98" count="0" type="stmt"/>
        <line num="101" count="0" type="stmt"/>
        <line num="105" count="0" type="cond" truecount="0" falsecount="3"/>
        <line num="106" count="0" type="cond" truecount="0" falsecount="3"/>
        <line num="107" count="0" type="cond" truecount="0" falsecount="3"/>
        <line num="109" count="0" type="stmt"/>
        <line num="130" count="0" type="cond" truecount="0" falsecount="2"/>
        <line num="131" count="0" type="cond" truecount="0" falsecount="2"/>
        <line num="132" count="0" type="stmt"/>
        <line num="134" count="0" type="stmt"/>
        <line num="146" count="0" type="cond" truecount="0" falsecount="2"/>
        <line num="147" count="0" type="stmt"/>
        <line num="148" count="0" type="cond" truecount="0" falsecount="2"/>
        <line num="149" count="0" type="stmt"/>
        <line num="160" count="0" type="cond" truecount="0" falsecount="4"/>
        <line num="161" count="0" type="stmt"/>
        <line num="168" count="0" type="stmt"/>
        <line num="169" count="0" type="stmt"/>
        <line num="172" count="0" type="stmt"/>
        <line num="173" count="0" type="stmt"/>
        <line num="183" count="0" type="cond" truecount="0" falsecount="4"/>
        <line num="184" count="0" type="stmt"/>
        <line num="186" count="0" type="stmt"/>
        <line num="188" count="0" type="stmt"/>
        <line num="191" count="0" type="cond" truecount="0" falsecount="2"/>
        <line num="192" count="0" type="stmt"/>
        <line num="193" count="0" type="cond" truecount="0" falsecount="4"/>
        <line num="194" count="0" type="stmt"/>
        <line num="195" count="0" type="cond" truecount="0" falsecount="2"/>
        <line num="197" count="0" type="stmt"/>
        <line num="200" count="0" type="stmt"/>
        <line num="202" count="0" type="cond" truecount="0" falsecount="2"/>
        <line num="203" count="0" type="cond" truecount="0" falsecount="2"/>
        <line num="206" count="0" type="cond" truecount="0" falsecount="2"/>
        <line num="207" count="0" type="stmt"/>
        <line num="213" count="0" type="stmt"/>
      </file>
      <file name="products.ts" path="/Users/sgrueva/pbars/lib/products.ts">
        <metrics statements="7" coveredstatements="7" conditionals="4" coveredconditionals="4" methods="7" coveredmethods="7"/>
        <line num="27" count="5" type="stmt"/>
        <line num="155" count="4" type="stmt"/>
        <line num="159" count="5" type="stmt"/>
        <line num="163" count="8" type="stmt"/>
        <line num="167" count="8" type="stmt"/>
        <line num="174" count="4" type="cond" truecount="2" falsecount="0"/>
        <line num="175" count="3" type="stmt"/>
      </file>
      <file name="speedy.ts" path="/Users/sgrueva/pbars/lib/speedy.ts">
        <metrics statements="44" coveredstatements="18" conditionals="52" coveredconditionals="14" methods="5" coveredmethods="1"/>
        <line num="3" count="1" type="cond" truecount="1" falsecount="1"/>
        <line num="4" count="1" type="cond" truecount="1" falsecount="1"/>
        <line num="5" count="1" type="cond" truecount="1" falsecount="1"/>
        <line num="29" count="11" type="stmt"/>
        <line num="35" count="11" type="cond" truecount="2" falsecount="0"/>
        <line num="37" count="11" type="stmt"/>
        <line num="38" count="11" type="stmt"/>
        <line num="41" count="11" type="stmt"/>
        <line num="42" count="11" type="stmt"/>
        <line num="53" count="1" type="cond" truecount="2" falsecount="2"/>
        <line num="54" count="0" type="stmt"/>
        <line num="56" count="1" type="stmt"/>
        <line num="58" count="11" type="stmt"/>
        <line num="61" count="10" type="cond" truecount="2" falsecount="0"/>
        <line num="62" count="1" type="stmt"/>
        <line num="65" count="9" type="stmt"/>
        <line num="67" count="9" type="cond" truecount="2" falsecount="0"/>
        <line num="68" count="1" type="cond" truecount="1" falsecount="1"/>
        <line num="71" count="8" type="cond" truecount="2" falsecount="0"/>
        <line num="92" count="0" type="stmt"/>
        <line num="97" count="0" type="cond" truecount="0" falsecount="2"/>
        <line num="99" count="0" type="cond" truecount="0" falsecount="2"/>
        <line num="100" count="0" type="stmt"/>
        <line num="101" count="0" type="cond" truecount="0" falsecount="2"/>
        <line num="102" count="0" type="stmt"/>
        <line num="110" count="0" type="stmt"/>
        <line num="115" count="0" type="cond" truecount="0" falsecount="4"/>
        <line num="116" count="0" type="stmt"/>
        <line num="124" count="0" type="stmt"/>
        <line num="146" count="0" type="stmt"/>
        <line num="147" count="0" type="stmt"/>
        <line num="150" count="0" type="stmt"/>
        <line num="151" count="0" type="stmt"/>
        <line num="158" count="0" type="cond" truecount="0" falsecount="4"/>
        <line num="159" count="0" type="stmt"/>
        <line num="161" count="0" type="stmt"/>
        <line num="163" count="0" type="stmt"/>
        <line num="166" count="0" type="cond" truecount="0" falsecount="2"/>
        <line num="167" count="0" type="stmt"/>
        <line num="168" count="0" type="stmt"/>
        <line num="171" count="0" type="stmt"/>
        <line num="173" count="0" type="cond" truecount="0" falsecount="2"/>
        <line num="174" count="0" type="cond" truecount="0" falsecount="2"/>
        <line num="177" count="0" type="stmt"/>
      </file>
      <file name="utils.ts" path="/Users/sgrueva/pbars/lib/utils.ts">
        <metrics statements="1" coveredstatements="1" conditionals="0" coveredconditionals="0" methods="1" coveredmethods="1"/>
        <line num="5" count="88" type="stmt"/>
      </file>
    </package>
    <package name="lib.store">
      <metrics statements="40" coveredstatements="40" conditionals="24" coveredconditionals="22" methods="17" coveredmethods="17"/>
      <file name="cart.ts" path="/Users/sgrueva/pbars/lib/store/cart.ts">
        <metrics statements="40" coveredstatements="40" conditionals="24" coveredconditionals="22" methods="17" coveredmethods="17"/>
        <line num="25" count="1" type="stmt"/>
        <line num="27" count="1" type="stmt"/>
        <line num="31" count="40" type="stmt"/>
        <line num="35" count="48" type="stmt"/>
        <line num="36" count="48" type="stmt"/>
        <line num="37" count="48" type="cond" truecount="2" falsecount="0"/>
        <line num="38" count="48" type="stmt"/>
        <line num="40" count="48" type="cond" truecount="2" falsecount="0"/>
        <line num="42" count="45" type="cond" truecount="2" falsecount="0"/>
        <line num="43" count="14" type="stmt"/>
        <line num="45" count="14" type="cond" truecount="1" falsecount="1"/>
        <line num="51" count="31" type="stmt"/>
        <line num="56" count="5" type="stmt"/>
        <line num="60" count="4" type="cond" truecount="2" falsecount="0"/>
        <line num="61" count="2" type="stmt"/>
        <line num="62" count="2" type="stmt"/>
        <line num="64" count="2" type="cond" truecount="2" falsecount="0"/>
        <line num="65" count="1" type="stmt"/>
        <line num="67" count="1" type="cond" truecount="1" falsecount="1"/>
        <line num="72" count="1" type="stmt"/>
        <line num="75" count="2" type="stmt"/>
        <line num="79" count="3" type="stmt"/>
        <line num="80" count="3" type="stmt"/>
        <line num="86" count="6" type="stmt"/>
        <line num="87" count="6" type="stmt"/>
        <line num="88" count="5" type="cond" truecount="2" falsecount="0"/>
        <line num="91" count="4" type="stmt"/>
        <line num="92" count="4" type="stmt"/>
        <line num="94" count="4" type="stmt"/>
        <line num="95" count="4" type="stmt"/>
        <line num="96" count="4" type="stmt"/>
        <line num="97" count="5" type="stmt"/>
        <line num="98" count="5" type="cond" truecount="2" falsecount="0"/>
        <line num="99" count="4" type="cond" truecount="2" falsecount="0"/>
        <line num="103" count="3" type="stmt"/>
        <line num="104" count="3" type="stmt"/>
        <line num="113" count="1" type="stmt"/>
        <line num="115" count="4" type="cond" truecount="2" falsecount="0"/>
        <line num="116" count="4" type="stmt"/>
        <line num="118" count="1" type="stmt"/>
      </file>
    </package>
    <package name="tests.helpers">
      <metrics statements="63" coveredstatements="37" conditionals="6" coveredconditionals="5" methods="53" coveredmethods="18"/>
      <file name="fixtures.ts" path="/Users/sgrueva/pbars/tests/helpers/fixtures.ts">
        <metrics statements="6" coveredstatements="6" conditionals="0" coveredconditionals="0" methods="0" coveredmethods="0"/>
        <line num="5" count="2" type="stmt"/>
        <line num="16" count="2" type="stmt"/>
        <line num="23" count="2" type="stmt"/>
        <line num="30" count="2" type="stmt"/>
        <line num="32" count="2" type="stmt"/>
        <line num="34" count="2" type="stmt"/>
      </file>
      <file name="supabase-mock.ts" path="/Users/sgrueva/pbars/tests/helpers/supabase-mock.ts">
        <metrics statements="57" coveredstatements="31" conditionals="6" coveredconditionals="5" methods="53" coveredmethods="18"/>
        <line num="8" count="3" type="stmt"/>
        <line num="9" count="0" type="stmt"/>
        <line num="10" count="0" type="stmt"/>
        <line num="11" count="0" type="stmt"/>
        <line num="12" count="0" type="stmt"/>
        <line num="13" count="0" type="stmt"/>
        <line num="14" count="0" type="stmt"/>
        <line num="15" count="0" type="stmt"/>
        <line num="16" count="0" type="stmt"/>
        <line num="17" count="0" type="stmt"/>
        <line num="18" count="0" type="stmt"/>
        <line num="19" count="0" type="stmt"/>
        <line num="20" count="0" type="stmt"/>
        <line num="21" count="0" type="stmt"/>
        <line num="22" count="0" type="stmt"/>
        <line num="23" count="0" type="stmt"/>
        <line num="24" count="0" type="stmt"/>
        <line num="26" count="0" type="stmt"/>
        <line num="28" count="3" type="stmt"/>
        <line num="36" count="30" type="stmt"/>
        <line num="37" count="7" type="stmt"/>
        <line num="38" count="0" type="stmt"/>
        <line num="39" count="0" type="stmt"/>
        <line num="40" count="0" type="stmt"/>
        <line num="41" count="0" type="stmt"/>
        <line num="42" count="0" type="stmt"/>
        <line num="43" count="0" type="stmt"/>
        <line num="44" count="0" type="stmt"/>
        <line num="45" count="0" type="stmt"/>
        <line num="47" count="30" type="stmt"/>
        <line num="50" count="30" type="stmt"/>
        <line num="58" count="169" type="stmt"/>
        <line num="59" count="28" type="stmt"/>
        <line num="60" count="0" type="stmt"/>
        <line num="61" count="9" type="stmt"/>
        <line num="62" count="2" type="cond" truecount="1" falsecount="1"/>
        <line num="64" count="17" type="stmt"/>
        <line num="67" count="169" type="stmt"/>
        <line num="75" count="169" type="stmt"/>
        <line num="76" count="169" type="stmt"/>
        <line num="77" count="169" type="stmt"/>
        <line num="78" count="169" type="stmt"/>
        <line num="79" count="169" type="stmt"/>
        <line num="80" count="169" type="stmt"/>
        <line num="81" count="169" type="stmt"/>
        <line num="82" count="169" type="stmt"/>
        <line num="83" count="169" type="stmt"/>
        <line num="84" count="169" type="stmt"/>
        <line num="85" count="169" type="stmt"/>
        <line num="86" count="169" type="stmt"/>
        <line num="87" count="169" type="stmt"/>
        <line num="88" count="169" type="stmt"/>
        <line num="89" count="169" type="stmt"/>
        <line num="90" count="169" type="stmt"/>
        <line num="91" count="169" type="stmt"/>
        <line num="92" count="169" type="stmt"/>
        <line num="93" count="169" type="stmt"/>
      </file>
    </package>
  </project>
</coverage>
