<?xml version="1.0" encoding="UTF-8"?>
<coverage generated="1774192382482" clover="3.2.0">
  <project timestamp="1774192382482" name="All files">
    <metrics statements="933" coveredstatements="626" conditionals="851" coveredconditionals="487" methods="158" coveredmethods="125" elements="1942" coveredelements="1238" complexity="0" loc="933" ncloc="933" packages="7" files="18" classes="18"/>
    <package name="app.actions">
      <metrics statements="622" coveredstatements="358" conditionals="613" coveredconditionals="321" methods="65" coveredmethods="43"/>
      <file name="admin.ts" path="/Users/sgrueva/pbars/app/actions/admin.ts">
        <metrics statements="348" coveredstatements="193" conditionals="294" coveredconditionals="142" methods="28" coveredmethods="18"/>
        <line num="13" count="1" type="stmt"/>
        <line num="17" count="1" type="stmt"/>
        <line num="18" count="1" type="stmt"/>
        <line num="19" count="1" type="stmt"/>
        <line num="22" count="13" type="stmt"/>
        <line num="23" count="13" type="cond" truecount="2" falsecount="0"/>
        <line num="26" count="12" type="stmt"/>
        <line num="27" count="12" type="stmt"/>
        <line num="28" count="25" type="cond" truecount="1" falsecount="1"/>
        <line num="29" count="0" type="stmt"/>
        <line num="33" count="12" type="stmt"/>
        <line num="34" count="12" type="cond" truecount="1" falsecount="1"/>
        <line num="35" count="13" type="stmt"/>
        <line num="36" count="13" type="cond" truecount="4" falsecount="0"/>
        <line num="37" count="2" type="stmt"/>
        <line num="42" count="10" type="stmt"/>
        <line num="43" count="10" type="stmt"/>
        <line num="44" count="10" type="stmt"/>
        <line num="46" count="10" type="cond" truecount="2" falsecount="0"/>
        <line num="47" count="9" type="cond" truecount="2" falsecount="0"/>
        <line num="48" count="6" type="stmt"/>
        <line num="50" count="3" type="stmt"/>
        <line num="52" count="9" type="stmt"/>
        <line num="55" count="1" type="stmt"/>
        <line num="56" count="1" type="stmt"/>
        <line num="57" count="1" type="stmt"/>
        <line num="61" count="1" type="stmt"/>
        <line num="62" count="1" type="stmt"/>
        <line num="66" count="54" type="stmt"/>
        <line num="67" count="54" type="cond" truecount="2" falsecount="0"/>
        <line num="88" count="3" type="stmt"/>
        <line num="89" count="2" type="stmt"/>
        <line num="91" count="2" type="stmt"/>
        <line num="92" count="2" type="stmt"/>
        <line num="93" count="2" type="stmt"/>
        <line num="94" count="2" type="cond" truecount="1" falsecount="1"/>
        <line num="95" count="3" type="stmt"/>
        <line num="96" count="3" type="stmt"/>
        <line num="99" count="3" type="stmt"/>
        <line num="105" count="2" type="cond" truecount="2" falsecount="0"/>
        <line num="106" count="1" type="stmt"/>
        <line num="107" count="1" type="stmt"/>
        <line num="110" count="1" type="cond" truecount="1" falsecount="1"/>
        <line num="113" count="3" type="stmt"/>
        <line num="119" count="1" type="stmt"/>
        <line num="197" count="1" type="stmt"/>
        <line num="200" count="0" type="stmt"/>
        <line num="205" count="5" type="stmt"/>
        <line num="206" count="5" type="cond" truecount="4" falsecount="0"/>
        <line num="207" count="1" type="stmt"/>
        <line num="210" count="5" type="stmt"/>
        <line num="211" count="5" type="cond" truecount="1" falsecount="1"/>
        <line num="212" count="0" type="stmt"/>
        <line num="215" count="5" type="stmt"/>
        <line num="216" count="5" type="cond" truecount="1" falsecount="1"/>
        <line num="217" count="0" type="stmt"/>
        <line num="220" count="5" type="stmt"/>
        <line num="221" count="5" type="cond" truecount="1" falsecount="1"/>
        <line num="222" count="0" type="stmt"/>
        <line num="223" count="0" type="stmt"/>
        <line num="224" count="0" type="cond" truecount="0" falsecount="2"/>
        <line num="225" count="0" type="stmt"/>
        <line num="226" count="0" type="stmt"/>
        <line num="227" count="0" type="cond" truecount="0" falsecount="2"/>
        <line num="228" count="0" type="stmt"/>
        <line num="230" count="0" type="stmt"/>
        <line num="234" count="5" type="stmt"/>
        <line num="235" count="5" type="cond" truecount="1" falsecount="1"/>
        <line num="236" count="0" type="stmt"/>
        <line num="237" count="5" type="cond" truecount="1" falsecount="1"/>
        <line num="238" count="0" type="stmt"/>
        <line num="239" count="5" type="cond" truecount="1" falsecount="1"/>
        <line num="240" count="0" type="stmt"/>
        <line num="243" count="5" type="stmt"/>
        <line num="247" count="6" type="stmt"/>
        <line num="248" count="5" type="stmt"/>
        <line num="250" count="5" type="cond" truecount="2" falsecount="0"/>
        <line num="251" count="6" type="stmt"/>
        <line num="252" count="6" type="stmt"/>
        <line num="254" count="6" type="stmt"/>
        <line num="260" count="6" type="stmt"/>
        <line num="262" count="6" type="stmt"/>
        <line num="264" count="5" type="cond" truecount="2" falsecount="0"/>
        <line num="265" count="1" type="stmt"/>
        <line num="266" count="1" type="stmt"/>
        <line num="269" count="4" type="cond" truecount="3" falsecount="1"/>
        <line num="273" count="0" type="stmt"/>
        <line num="274" count="0" type="stmt"/>
        <line num="276" count="0" type="stmt"/>
        <line num="277" count="0" type="stmt"/>
        <line num="278" count="0" type="stmt"/>
        <line num="280" count="0" type="stmt"/>
        <line num="281" count="0" type="stmt"/>
        <line num="287" count="0" type="stmt"/>
        <line num="289" count="0" type="stmt"/>
        <line num="290" count="0" type="cond" truecount="0" falsecount="2"/>
        <line num="291" count="0" type="stmt"/>
        <line num="292" count="0" type="stmt"/>
        <line num="295" count="0" type="cond" truecount="0" falsecount="2"/>
        <line num="296" count="0" type="cond" truecount="0" falsecount="4"/>
        <line num="297" count="0" type="stmt"/>
        <line num="300" count="0" type="stmt"/>
        <line num="325" count="2" type="stmt"/>
        <line num="326" count="2" type="cond" truecount="1" falsecount="1"/>
        <line num="327" count="0" type="stmt"/>
        <line num="330" count="2" type="stmt"/>
        <line num="331" count="2" type="cond" truecount="1" falsecount="1"/>
        <line num="332" count="0" type="stmt"/>
        <line num="335" count="2" type="stmt"/>
        <line num="336" count="2" type="cond" truecount="1" falsecount="1"/>
        <line num="337" count="0" type="stmt"/>
        <line num="338" count="0" type="cond" truecount="0" falsecount="2"/>
        <line num="339" count="0" type="stmt"/>
        <line num="341" count="0" type="stmt"/>
        <line num="345" count="2" type="stmt"/>
        <line num="349" count="3" type="stmt"/>
        <line num="350" count="2" type="stmt"/>
        <line num="352" count="2" type="cond" truecount="2" falsecount="0"/>
        <line num="353" count="3" type="stmt"/>
        <line num="354" count="3" type="stmt"/>
        <line num="356" count="3" type="stmt"/>
        <line num="363" count="3" type="stmt"/>
        <line num="365" count="3" type="stmt"/>
        <line num="367" count="2" type="cond" truecount="2" falsecount="0"/>
        <line num="368" count="1" type="stmt"/>
        <line num="369" count="1" type="stmt"/>
        <line num="372" count="1" type="cond" truecount="2" falsecount="2"/>
        <line num="376" count="0" type="stmt"/>
        <line num="377" count="0" type="stmt"/>
        <line num="379" count="0" type="stmt"/>
        <line num="380" count="0" type="stmt"/>
        <line num="381" count="0" type="stmt"/>
        <line num="383" count="0" type="stmt"/>
        <line num="384" count="0" type="stmt"/>
        <line num="391" count="0" type="stmt"/>
        <line num="393" count="0" type="stmt"/>
        <line num="394" count="0" type="cond" truecount="0" falsecount="2"/>
        <line num="395" count="0" type="stmt"/>
        <line num="396" count="0" type="stmt"/>
        <line num="399" count="0" type="cond" truecount="0" falsecount="2"/>
        <line num="400" count="0" type="cond" truecount="0" falsecount="4"/>
        <line num="401" count="0" type="stmt"/>
        <line num="404" count="0" type="stmt"/>
        <line num="408" count="6" type="stmt"/>
        <line num="410" count="5" type="stmt"/>
        <line num="411" count="5" type="cond" truecount="2" falsecount="0"/>
        <line num="412" count="3" type="stmt"/>
        <line num="415" count="2" type="stmt"/>
        <line num="417" count="2" type="stmt"/>
        <line num="423" count="2" type="cond" truecount="4" falsecount="0"/>
        <line num="424" count="1" type="stmt"/>
        <line num="427" count="1" type="stmt"/>
        <line num="431" count="1" type="stmt"/>
        <line num="443" count="13" type="stmt"/>
        <line num="445" count="12" type="stmt"/>
        <line num="446" count="12" type="cond" truecount="2" falsecount="0"/>
        <line num="447" count="1" type="stmt"/>
        <line num="450" count="11" type="cond" truecount="5" falsecount="0"/>
        <line num="451" count="3" type="stmt"/>
        <line num="453" count="8" type="cond" truecount="4" falsecount="0"/>
        <line num="454" count="1" type="stmt"/>
        <line num="456" count="7" type="cond" truecount="4" falsecount="0"/>
        <line num="457" count="1" type="stmt"/>
        <line num="460" count="6" type="stmt"/>
        <line num="463" count="6" type="stmt"/>
        <line num="469" count="6" type="cond" truecount="4" falsecount="0"/>
        <line num="470" count="1" type="stmt"/>
        <line num="474" count="5" type="stmt"/>
        <line num="475" count="5" type="cond" truecount="4" falsecount="0"/>
        <line num="476" count="2" type="stmt"/>
        <line num="480" count="3" type="stmt"/>
        <line num="481" count="3" type="stmt"/>
        <line num="482" count="3" type="cond" truecount="2" falsecount="0"/>
        <line num="483" count="1" type="stmt"/>
        <line num="485" count="3" type="cond" truecount="2" falsecount="0"/>
        <line num="486" count="1" type="stmt"/>
        <line num="487" count="1" type="cond" truecount="1" falsecount="1"/>
        <line num="489" count="3" type="cond" truecount="1" falsecount="1"/>
        <line num="490" count="0" type="stmt"/>
        <line num="492" count="3" type="cond" truecount="2" falsecount="0"/>
        <line num="493" count="1" type="stmt"/>
        <line num="494" count="1" type="cond" truecount="1" falsecount="1"/>
        <line num="498" count="3" type="stmt"/>
        <line num="505" count="3" type="cond" truecount="1" falsecount="1"/>
        <line num="506" count="0" type="stmt"/>
        <line num="507" count="0" type="stmt"/>
        <line num="510" count="3" type="cond" truecount="3" falsecount="1"/>
        <line num="511" count="0" type="stmt"/>
        <line num="515" count="3" type="cond" truecount="2" falsecount="0"/>
        <line num="516" count="1" type="stmt"/>
        <line num="520" count="3" type="cond" truecount="2" falsecount="5"/>
        <line num="521" count="0" type="stmt"/>
        <line num="522" count="0" type="stmt"/>
        <line num="526" count="0" type="cond" truecount="0" falsecount="4"/>
        <line num="527" count="0" type="stmt"/>
        <line num="529" count="0" type="stmt"/>
        <line num="530" count="0" type="stmt"/>
        <line num="538" count="0" type="stmt"/>
        <line num="548" count="0" type="stmt"/>
        <line num="552" count="3" type="stmt"/>
        <line num="556" count="5" type="stmt"/>
        <line num="558" count="4" type="stmt"/>
        <line num="559" count="4" type="cond" truecount="2" falsecount="0"/>
        <line num="560" count="3" type="cond" truecount="2" falsecount="0"/>
        <line num="562" count="2" type="stmt"/>
        <line num="563" count="2" type="stmt"/>
        <line num="568" count="2" type="cond" truecount="1" falsecount="1"/>
        <line num="569" count="0" type="stmt"/>
        <line num="570" count="0" type="stmt"/>
        <line num="573" count="2" type="stmt"/>
        <line num="577" count="6" type="stmt"/>
        <line num="579" count="5" type="stmt"/>
        <line num="580" count="5" type="cond" truecount="2" falsecount="0"/>
        <line num="582" count="4" type="stmt"/>
        <line num="583" count="4" type="stmt"/>
        <line num="589" count="4" type="cond" truecount="4" falsecount="0"/>
        <line num="590" count="3" type="cond" truecount="2" falsecount="0"/>
        <line num="593" count="2" type="stmt"/>
        <line num="597" count="2" type="cond" truecount="4" falsecount="0"/>
        <line num="598" count="1" type="stmt"/>
        <line num="599" count="1" type="cond" truecount="1" falsecount="1"/>
        <line num="605" count="1" type="stmt"/>
        <line num="611" count="1" type="cond" truecount="1" falsecount="1"/>
        <line num="612" count="6" type="stmt"/>
        <line num="614" count="6" type="stmt"/>
        <line num="623" count="1" type="stmt"/>
        <line num="632" count="1" type="stmt"/>
        <line num="636" count="4" type="stmt"/>
        <line num="638" count="3" type="stmt"/>
        <line num="639" count="3" type="cond" truecount="2" falsecount="0"/>
        <line num="641" count="2" type="stmt"/>
        <line num="642" count="2" type="stmt"/>
        <line num="648" count="2" type="cond" truecount="3" falsecount="1"/>
        <line num="650" count="2" type="stmt"/>
        <line num="651" count="2" type="stmt"/>
        <line num="652" count="2" type="cond" truecount="2" falsecount="0"/>
        <line num="653" count="4" type="cond" truecount="2" falsecount="0"/>
        <line num="655" count="4" type="stmt"/>
        <line num="663" count="2" type="cond" truecount="2" falsecount="0"/>
        <line num="667" count="4" type="stmt"/>
        <line num="671" count="1" type="cond" truecount="1" falsecount="1"/>
        <line num="673" count="0" type="stmt"/>
        <line num="674" count="0" type="stmt"/>
        <line num="675" count="0" type="stmt"/>
        <line num="681" count="0" type="stmt"/>
        <line num="682" count="0" type="stmt"/>
        <line num="685" count="0" type="cond" truecount="0" falsecount="4"/>
        <line num="686" count="1" type="cond" truecount="0" falsecount="4"/>
        <line num="688" count="1" type="stmt"/>
        <line num="711" count="0" type="stmt"/>
        <line num="729" count="2" type="stmt"/>
        <line num="730" count="1" type="stmt"/>
        <line num="732" count="1" type="stmt"/>
        <line num="737" count="1" type="cond" truecount="1" falsecount="1"/>
        <line num="738" count="0" type="stmt"/>
        <line num="739" count="0" type="stmt"/>
        <line num="742" count="1" type="cond" truecount="1" falsecount="1"/>
        <line num="746" count="0" type="stmt"/>
        <line num="747" count="0" type="cond" truecount="0" falsecount="2"/>
        <line num="749" count="0" type="stmt"/>
        <line num="750" count="0" type="stmt"/>
        <line num="753" count="0" type="stmt"/>
        <line num="762" count="0" type="stmt"/>
        <line num="770" count="0" type="stmt"/>
        <line num="771" count="0" type="cond" truecount="0" falsecount="2"/>
        <line num="772" count="0" type="cond" truecount="0" falsecount="2"/>
        <line num="774" count="0" type="stmt"/>
        <line num="783" count="0" type="stmt"/>
        <line num="785" count="0" type="stmt"/>
        <line num="786" count="0" type="cond" truecount="0" falsecount="2"/>
        <line num="788" count="0" type="cond" truecount="0" falsecount="4"/>
        <line num="789" count="0" type="stmt"/>
        <line num="792" count="0" type="cond" truecount="0" falsecount="2"/>
        <line num="793" count="0" type="stmt"/>
        <line num="798" count="0" type="cond" truecount="0" falsecount="2"/>
        <line num="799" count="0" type="stmt"/>
        <line num="800" count="0" type="cond" truecount="0" falsecount="2"/>
        <line num="801" count="0" type="stmt"/>
        <line num="803" count="0" type="cond" truecount="0" falsecount="2"/>
        <line num="804" count="0" type="stmt"/>
        <line num="809" count="0" type="stmt"/>
        <line num="811" count="0" type="stmt"/>
        <line num="814" count="0" type="stmt"/>
        <line num="820" count="0" type="cond" truecount="0" falsecount="2"/>
        <line num="821" count="0" type="stmt"/>
        <line num="822" count="0" type="stmt"/>
        <line num="826" count="0" type="stmt"/>
        <line num="831" count="0" type="stmt"/>
        <line num="840" count="0" type="cond" truecount="0" falsecount="2"/>
        <line num="841" count="0" type="stmt"/>
        <line num="842" count="0" type="stmt"/>
        <line num="845" count="0" type="stmt"/>
        <line num="846" count="0" type="stmt"/>
        <line num="850" count="2" type="stmt"/>
        <line num="852" count="1" type="stmt"/>
        <line num="853" count="1" type="cond" truecount="1" falsecount="1"/>
        <line num="855" count="0" type="stmt"/>
        <line num="857" count="0" type="stmt"/>
        <line num="864" count="0" type="cond" truecount="0" falsecount="2"/>
        <line num="865" count="0" type="stmt"/>
        <line num="866" count="0" type="stmt"/>
        <line num="869" count="0" type="cond" truecount="0" falsecount="4"/>
        <line num="870" count="0" type="stmt"/>
        <line num="873" count="0" type="stmt"/>
        <line num="874" count="0" type="stmt"/>
        <line num="894" count="2" type="stmt"/>
        <line num="895" count="1" type="stmt"/>
        <line num="897" count="1" type="stmt"/>
        <line num="902" count="1" type="cond" truecount="1" falsecount="1"/>
        <line num="903" count="0" type="stmt"/>
        <line num="904" count="0" type="stmt"/>
        <line num="907" count="1" type="cond" truecount="1" falsecount="1"/>
        <line num="910" count="1" type="stmt"/>
        <line num="921" count="0" type="stmt"/>
        <line num="923" count="0" type="stmt"/>
        <line num="924" count="0" type="cond" truecount="0" falsecount="2"/>
        <line num="925" count="0" type="stmt"/>
        <line num="928" count="0" type="cond" truecount="0" falsecount="4"/>
        <line num="929" count="0" type="stmt"/>
        <line num="932" count="0" type="cond" truecount="0" falsecount="4"/>
        <line num="933" count="0" type="stmt"/>
        <line num="936" count="0" type="cond" truecount="0" falsecount="2"/>
        <line num="937" count="0" type="stmt"/>
        <line num="940" count="0" type="cond" truecount="0" falsecount="4"/>
        <line num="941" count="0" type="stmt"/>
        <line num="944" count="0" type="cond" truecount="0" falsecount="2"/>
        <line num="945" count="0" type="stmt"/>
        <line num="946" count="0" type="cond" truecount="0" falsecount="2"/>
        <line num="947" count="0" type="cond" truecount="0" falsecount="2"/>
        <line num="950" count="0" type="stmt"/>
        <line num="952" count="0" type="stmt"/>
        <line num="963" count="0" type="cond" truecount="0" falsecount="2"/>
        <line num="964" count="0" type="cond" truecount="0" falsecount="2"/>
        <line num="965" count="0" type="stmt"/>
        <line num="967" count="0" type="stmt"/>
        <line num="968" count="0" type="stmt"/>
        <line num="971" count="0" type="stmt"/>
        <line num="975" count="2" type="stmt"/>
        <line num="977" count="1" type="stmt"/>
        <line num="978" count="1" type="cond" truecount="1" falsecount="1"/>
        <line num="980" count="0" type="stmt"/>
        <line num="982" count="0" type="stmt"/>
        <line num="989" count="0" type="cond" truecount="0" falsecount="2"/>
        <line num="990" count="0" type="stmt"/>
        <line num="991" count="0" type="stmt"/>
        <line num="994" count="0" type="cond" truecount="0" falsecount="4"/>
        <line num="995" count="0" type="stmt"/>
        <line num="998" count="0" type="stmt"/>
      </file>
      <file name="contact.ts" path="/Users/sgrueva/pbars/app/actions/contact.ts">
        <metrics statements="26" coveredstatements="21" conditionals="21" coveredconditionals="16" methods="4" coveredmethods="3"/>
        <line num="14" count="1" type="stmt"/>
        <line num="15" count="1" type="stmt"/>
        <line num="16" count="1" type="stmt"/>
        <line num="19" count="2" type="stmt"/>
        <line num="20" count="2" type="cond" truecount="2" falsecount="0"/>
        <line num="21" count="1" type="stmt"/>
        <line num="23" count="2" type="cond" truecount="1" falsecount="1"/>
        <line num="24" count="0" type="stmt"/>
        <line num="26" count="2" type="stmt"/>
        <line num="27" count="2" type="stmt"/>
        <line num="30" count="2" type="cond" truecount="1" falsecount="1"/>
        <line num="31" count="0" type="stmt"/>
        <line num="32" count="0" type="stmt"/>
        <line num="33" count="0" type="cond" truecount="0" falsecount="2"/>
        <line num="34" count="0" type="stmt"/>
        <line num="40" count="6" type="stmt"/>
        <line num="42" count="6" type="cond" truecount="5" falsecount="0"/>
        <line num="43" count="3" type="stmt"/>
        <line num="46" count="3" type="cond" truecount="2" falsecount="0"/>
        <line num="47" count="1" type="stmt"/>
        <line num="51" count="2" type="stmt"/>
        <line num="52" count="2" type="cond" truecount="1" falsecount="1"/>
        <line num="53" count="6" type="stmt"/>
        <line num="55" count="6" type="stmt"/>
        <line num="57" count="6" type="stmt"/>
        <line num="65" count="2" type="stmt"/>
      </file>
      <file name="stripe.ts" path="/Users/sgrueva/pbars/app/actions/stripe.ts">
        <metrics statements="248" coveredstatements="144" conditionals="298" coveredconditionals="163" methods="33" coveredmethods="22"/>
        <line num="73" count="2" type="stmt"/>
        <line num="74" count="2" type="stmt"/>
        <line num="75" count="2" type="stmt"/>
        <line num="79" count="2" type="stmt"/>
        <line num="80" count="2" type="stmt"/>
        <line num="81" count="2" type="stmt"/>
        <line num="84" count="2" type="stmt"/>
        <line num="85" count="2" type="stmt"/>
        <line num="86" count="2" type="stmt"/>
        <line num="89" count="5" type="stmt"/>
        <line num="90" count="5" type="cond" truecount="2" falsecount="0"/>
        <line num="91" count="4" type="stmt"/>
        <line num="93" count="5" type="cond" truecount="1" falsecount="1"/>
        <line num="94" count="0" type="stmt"/>
        <line num="96" count="5" type="stmt"/>
        <line num="97" count="5" type="stmt"/>
        <line num="100" count="5" type="cond" truecount="1" falsecount="1"/>
        <line num="101" count="0" type="stmt"/>
        <line num="102" count="0" type="stmt"/>
        <line num="103" count="0" type="cond" truecount="0" falsecount="2"/>
        <line num="104" count="0" type="stmt"/>
        <line num="110" count="29" type="cond" truecount="2" falsecount="0"/>
        <line num="111" count="1" type="stmt"/>
        <line num="113" count="28" type="stmt"/>
        <line num="117" count="28" type="cond" truecount="5" falsecount="1"/>
        <line num="118" count="2" type="stmt"/>
        <line num="123" count="33" type="stmt"/>
        <line num="131" count="33" type="stmt"/>
        <line num="132" count="161" type="cond" truecount="4" falsecount="0"/>
        <line num="133" count="1" type="stmt"/>
        <line num="137" count="32" type="cond" truecount="2" falsecount="0"/>
        <line num="138" count="1" type="stmt"/>
        <line num="141" count="31" type="cond" truecount="2" falsecount="0"/>
        <line num="142" count="1" type="stmt"/>
        <line num="146" count="30" type="stmt"/>
        <line num="157" count="30" type="stmt"/>
        <line num="158" count="240" type="cond" truecount="4" falsecount="0"/>
        <line num="159" count="1" type="stmt"/>
        <line num="165" count="21" type="cond" truecount="4" falsecount="0"/>
        <line num="166" count="1" type="stmt"/>
        <line num="170" count="20" type="stmt"/>
        <line num="171" count="20" type="stmt"/>
        <line num="172" count="20" type="cond" truecount="2" falsecount="0"/>
        <line num="173" count="20" type="stmt"/>
        <line num="177" count="20" type="stmt"/>
        <line num="178" count="60" type="stmt"/>
        <line num="180" count="20" type="stmt"/>
        <line num="181" count="20" type="stmt"/>
        <line num="182" count="20" type="cond" truecount="2" falsecount="0"/>
        <line num="183" count="2" type="stmt"/>
        <line num="185" count="18" type="cond" truecount="5" falsecount="0"/>
        <line num="186" count="3" type="stmt"/>
        <line num="188" count="15" type="stmt"/>
        <line num="203" count="0" type="cond" truecount="0" falsecount="2"/>
        <line num="204" count="0" type="stmt"/>
        <line num="207" count="0" type="stmt"/>
        <line num="211" count="2" type="stmt"/>
        <line num="212" count="2" type="stmt"/>
        <line num="213" count="2" type="stmt"/>
        <line num="216" count="0" type="cond" truecount="0" falsecount="4"/>
        <line num="217" count="0" type="stmt"/>
        <line num="221" count="0" type="stmt"/>
        <line num="222" count="0" type="cond" truecount="0" falsecount="2"/>
        <line num="223" count="0" type="stmt"/>
        <line num="224" count="0" type="cond" truecount="0" falsecount="2"/>
        <line num="225" count="0" type="cond" truecount="0" falsecount="2"/>
        <line num="226" count="0" type="stmt"/>
        <line num="228" count="0" type="stmt"/>
        <line num="229" count="0" type="stmt"/>
        <line num="231" count="0" type="stmt"/>
        <line num="232" count="0" type="stmt"/>
        <line num="234" count="0" type="stmt"/>
        <line num="242" count="0" type="cond" truecount="0" falsecount="4"/>
        <line num="243" count="0" type="stmt"/>
        <line num="247" count="0" type="cond" truecount="0" falsecount="4"/>
        <line num="248" count="0" type="stmt"/>
        <line num="251" count="0" type="cond" truecount="0" falsecount="4"/>
        <line num="252" count="0" type="stmt"/>
        <line num="255" count="0" type="cond" truecount="0" falsecount="2"/>
        <line num="256" count="0" type="stmt"/>
        <line num="262" count="0" type="stmt"/>
        <line num="264" count="0" type="stmt"/>
        <line num="277" count="15" type="cond" truecount="1" falsecount="1"/>
        <line num="279" count="0" type="stmt"/>
        <line num="280" count="0" type="stmt"/>
        <line num="284" count="0" type="stmt"/>
        <line num="292" count="0" type="cond" truecount="0" falsecount="4"/>
        <line num="293" count="0" type="stmt"/>
        <line num="296" count="0" type="cond" truecount="0" falsecount="4"/>
        <line num="297" count="0" type="stmt"/>
        <line num="300" count="0" type="cond" truecount="0" falsecount="4"/>
        <line num="301" count="0" type="stmt"/>
        <line num="304" count="0" type="cond" truecount="0" falsecount="2"/>
        <line num="305" count="0" type="stmt"/>
        <line num="309" count="0" type="stmt"/>
        <line num="315" count="0" type="cond" truecount="0" falsecount="2"/>
        <line num="316" count="0" type="stmt"/>
        <line num="319" count="0" type="stmt"/>
        <line num="321" count="0" type="cond" truecount="0" falsecount="4"/>
        <line num="322" count="0" type="stmt"/>
        <line num="325" count="0" type="stmt"/>
        <line num="327" count="0" type="stmt"/>
        <line num="336" count="47" type="cond" truecount="2" falsecount="0"/>
        <line num="338" count="26" type="cond" truecount="4" falsecount="0"/>
        <line num="339" count="3" type="stmt"/>
        <line num="341" count="23" type="cond" truecount="4" falsecount="1"/>
        <line num="342" count="0" type="stmt"/>
        <line num="344" count="23" type="cond" truecount="2" falsecount="0"/>
        <line num="345" count="1" type="stmt"/>
        <line num="347" count="22" type="cond" truecount="3" falsecount="1"/>
        <line num="348" count="0" type="stmt"/>
        <line num="350" count="22" type="cond" truecount="4" falsecount="0"/>
        <line num="351" count="1" type="stmt"/>
        <line num="356" count="29" type="cond" truecount="1" falsecount="1"/>
        <line num="357" count="0" type="cond" truecount="0" falsecount="2"/>
        <line num="358" count="0" type="cond" truecount="0" falsecount="2"/>
        <line num="361" count="29" type="cond" truecount="1" falsecount="1"/>
        <line num="362" count="0" type="cond" truecount="0" falsecount="2"/>
        <line num="363" count="0" type="stmt"/>
        <line num="365" count="0" type="cond" truecount="0" falsecount="4"/>
        <line num="366" count="0" type="stmt"/>
        <line num="368" count="0" type="cond" truecount="0" falsecount="4"/>
        <line num="369" count="0" type="stmt"/>
        <line num="371" count="0" type="cond" truecount="0" falsecount="2"/>
        <line num="372" count="0" type="stmt"/>
        <line num="377" count="0" type="cond" truecount="0" falsecount="2"/>
        <line num="378" count="0" type="cond" truecount="0" falsecount="4"/>
        <line num="379" count="0" type="stmt"/>
        <line num="383" count="0" type="cond" truecount="0" falsecount="2"/>
        <line num="384" count="0" type="stmt"/>
        <line num="386" count="0" type="cond" truecount="0" falsecount="2"/>
        <line num="387" count="0" type="stmt"/>
        <line num="392" count="26" type="stmt"/>
        <line num="394" count="26" type="stmt"/>
        <line num="395" count="26" type="stmt"/>
        <line num="396" count="26" type="stmt"/>
        <line num="397" count="26" type="stmt"/>
        <line num="398" count="26" type="stmt"/>
        <line num="399" count="26" type="stmt"/>
        <line num="400" count="26" type="stmt"/>
        <line num="402" count="11" type="stmt"/>
        <line num="403" count="11" type="stmt"/>
        <line num="406" count="11" type="stmt"/>
        <line num="409" count="11" type="stmt"/>
        <line num="410" count="11" type="cond" truecount="2" falsecount="0"/>
        <line num="411" count="26" type="stmt"/>
        <line num="413" count="26" type="stmt"/>
        <line num="425" count="26" type="cond" truecount="2" falsecount="0"/>
        <line num="426" count="1" type="stmt"/>
        <line num="439" count="11" type="stmt"/>
        <line num="441" count="11" type="stmt"/>
        <line num="448" count="11" type="stmt"/>
        <line num="485" count="11" type="cond" truecount="2" falsecount="0"/>
        <line num="486" count="1" type="stmt"/>
        <line num="487" count="1" type="stmt"/>
        <line num="490" count="10" type="cond" truecount="2" falsecount="0"/>
        <line num="495" count="26" type="stmt"/>
        <line num="498" count="26" type="cond" truecount="1" falsecount="1"/>
        <line num="499" count="0" type="stmt"/>
        <line num="505" count="0" type="stmt"/>
        <line num="506" count="0" type="stmt"/>
        <line num="509" count="10" type="stmt"/>
        <line num="523" count="0" type="stmt"/>
        <line num="524" count="0" type="cond" truecount="0" falsecount="2"/>
        <line num="525" count="0" type="stmt"/>
        <line num="527" count="0" type="stmt"/>
        <line num="531" count="10" type="stmt"/>
        <line num="536" count="10" type="cond" truecount="1" falsecount="1"/>
        <line num="537" count="0" type="stmt"/>
        <line num="542" count="10" type="stmt"/>
        <line num="547" count="7" type="stmt"/>
        <line num="548" count="7" type="cond" truecount="2" falsecount="0"/>
        <line num="549" count="1" type="stmt"/>
        <line num="552" count="6" type="stmt"/>
        <line num="554" count="6" type="stmt"/>
        <line num="560" count="6" type="cond" truecount="4" falsecount="0"/>
        <line num="562" count="1" type="stmt"/>
        <line num="565" count="5" type="cond" truecount="2" falsecount="0"/>
        <line num="566" count="1" type="stmt"/>
        <line num="570" count="4" type="cond" truecount="1" falsecount="1"/>
        <line num="571" count="4" type="cond" truecount="2" falsecount="0"/>
        <line num="572" count="1" type="stmt"/>
        <line num="574" count="3" type="stmt"/>
        <line num="575" count="3" type="cond" truecount="2" falsecount="0"/>
        <line num="576" count="1" type="stmt"/>
        <line num="580" count="2" type="stmt"/>
        <line num="588" count="2" type="cond" truecount="3" falsecount="1"/>
        <line num="591" count="0" type="stmt"/>
        <line num="597" count="0" type="cond" truecount="0" falsecount="2"/>
        <line num="598" count="0" type="stmt"/>
        <line num="601" count="0" type="stmt"/>
        <line num="602" count="0" type="stmt"/>
        <line num="606" count="2" type="stmt"/>
        <line num="608" count="2" type="stmt"/>
        <line num="612" count="7" type="stmt"/>
        <line num="614" count="7" type="stmt"/>
        <line num="615" count="7" type="stmt"/>
        <line num="616" count="7" type="stmt"/>
        <line num="617" count="7" type="stmt"/>
        <line num="618" count="7" type="stmt"/>
        <line num="619" count="7" type="stmt"/>
        <line num="622" count="7" type="stmt"/>
        <line num="623" count="5" type="cond" truecount="1" falsecount="1"/>
        <line num="624" count="7" type="stmt"/>
        <line num="626" count="7" type="stmt"/>
        <line num="628" count="4" type="stmt"/>
        <line num="629" count="4" type="stmt"/>
        <line num="632" count="4" type="stmt"/>
        <line num="633" count="4" type="stmt"/>
        <line num="636" count="4" type="stmt"/>
        <line num="637" count="4" type="cond" truecount="2" falsecount="0"/>
        <line num="638" count="7" type="stmt"/>
        <line num="640" count="7" type="stmt"/>
        <line num="642" count="4" type="stmt"/>
        <line num="649" count="4" type="stmt"/>
        <line num="687" count="4" type="cond" truecount="1" falsecount="1"/>
        <line num="688" count="0" type="stmt"/>
        <line num="689" count="0" type="stmt"/>
        <line num="693" count="4" type="stmt"/>
        <line num="694" count="4" type="stmt"/>
        <line num="696" count="4" type="stmt"/>
        <line num="702" count="4" type="cond" truecount="2" falsecount="2"/>
        <line num="704" count="0" type="stmt"/>
        <line num="705" count="0" type="stmt"/>
        <line num="706" count="0" type="stmt"/>
        <line num="707" count="0" type="stmt"/>
        <line num="710" count="0" type="stmt"/>
        <line num="733" count="0" type="stmt"/>
        <line num="738" count="2" type="cond" truecount="1" falsecount="1"/>
        <line num="740" count="0" type="stmt"/>
        <line num="741" count="0" type="stmt"/>
        <line num="747" count="0" type="stmt"/>
        <line num="748" count="0" type="stmt"/>
        <line num="751" count="0" type="stmt"/>
        <line num="752" count="0" type="cond" truecount="0" falsecount="4"/>
        <line num="753" count="2" type="cond" truecount="0" falsecount="4"/>
        <line num="755" count="2" type="stmt"/>
        <line num="779" count="0" type="stmt"/>
        <line num="789" count="4" type="cond" truecount="1" falsecount="1"/>
        <line num="791" count="0" type="stmt"/>
        <line num="792" count="0" type="stmt"/>
        <line num="798" count="0" type="stmt"/>
        <line num="799" count="0" type="stmt"/>
        <line num="802" count="0" type="stmt"/>
        <line num="803" count="0" type="cond" truecount="0" falsecount="4"/>
        <line num="804" count="4" type="cond" truecount="0" falsecount="4"/>
        <line num="806" count="4" type="stmt"/>
        <line num="833" count="0" type="stmt"/>
      </file>
    </package>
    <package name="app.api.econt.offices">
      <metrics statements="39" coveredstatements="34" conditionals="34" coveredconditionals="26" methods="6" coveredmethods="5"/>
      <file name="route.ts" path="/Users/sgrueva/pbars/app/api/econt/offices/route.ts">
        <metrics statements="39" coveredstatements="34" conditionals="34" coveredconditionals="26" methods="6" coveredmethods="5"/>
        <line num="5" count="1" type="stmt"/>
        <line num="6" count="1" type="stmt"/>
        <line num="9" count="7" type="stmt"/>
        <line num="12" count="1" type="stmt"/>
        <line num="13" count="1" type="stmt"/>
        <line num="14" count="1" type="stmt"/>
        <line num="17" count="67" type="stmt"/>
        <line num="18" count="67" type="cond" truecount="2" falsecount="0"/>
        <line num="19" count="910" type="stmt"/>
        <line num="21" count="67" type="cond" truecount="2" falsecount="0"/>
        <line num="22" count="66" type="stmt"/>
        <line num="23" count="66" type="stmt"/>
        <line num="26" count="66" type="cond" truecount="1" falsecount="1"/>
        <line num="27" count="0" type="stmt"/>
        <line num="28" count="0" type="stmt"/>
        <line num="29" count="0" type="cond" truecount="0" falsecount="2"/>
        <line num="30" count="0" type="stmt"/>
        <line num="33" count="66" type="stmt"/>
        <line num="37" count="67" type="cond" truecount="1" falsecount="1"/>
        <line num="38" count="67" type="cond" truecount="2" falsecount="0"/>
        <line num="39" count="1" type="stmt"/>
        <line num="45" count="66" type="cond" truecount="2" falsecount="0"/>
        <line num="46" count="67" type="cond" truecount="3" falsecount="1"/>
        <line num="47" count="0" type="stmt"/>
        <line num="50" count="66" type="stmt"/>
        <line num="51" count="66" type="cond" truecount="2" falsecount="0"/>
        <line num="52" count="67" type="stmt"/>
        <line num="55" count="67" type="cond" truecount="4" falsecount="0"/>
        <line num="56" count="59" type="stmt"/>
        <line num="57" count="59" type="cond" truecount="1" falsecount="1"/>
        <line num="58" count="59" type="stmt"/>
        <line num="62" count="7" type="stmt"/>
        <line num="63" count="6" type="stmt"/>
        <line num="71" count="6" type="cond" truecount="2" falsecount="2"/>
        <line num="72" count="6" type="stmt"/>
        <line num="74" count="6" type="stmt"/>
        <line num="76" count="6" type="stmt"/>
        <line num="78" count="1" type="stmt"/>
        <line num="79" count="1" type="stmt"/>
      </file>
    </package>
    <package name="app.api.speedy.offices">
      <metrics statements="27" coveredstatements="22" conditionals="22" coveredconditionals="17" methods="5" coveredmethods="4"/>
      <file name="route.ts" path="/Users/sgrueva/pbars/app/api/speedy/offices/route.ts">
        <metrics statements="27" coveredstatements="22" conditionals="22" coveredconditionals="17" methods="5" coveredmethods="4"/>
        <line num="5" count="1" type="stmt"/>
        <line num="6" count="1" type="stmt"/>
        <line num="7" count="1" type="stmt"/>
        <line num="10" count="67" type="stmt"/>
        <line num="11" count="67" type="cond" truecount="2" falsecount="0"/>
        <line num="12" count="910" type="stmt"/>
        <line num="14" count="67" type="cond" truecount="2" falsecount="0"/>
        <line num="15" count="66" type="stmt"/>
        <line num="16" count="66" type="stmt"/>
        <line num="19" count="66" type="cond" truecount="1" falsecount="1"/>
        <line num="20" count="0" type="stmt"/>
        <line num="21" count="0" type="stmt"/>
        <line num="22" count="0" type="cond" truecount="0" falsecount="2"/>
        <line num="23" count="0" type="stmt"/>
        <line num="26" count="66" type="stmt"/>
        <line num="30" count="67" type="cond" truecount="1" falsecount="1"/>
        <line num="31" count="67" type="cond" truecount="2" falsecount="0"/>
        <line num="32" count="1" type="stmt"/>
        <line num="38" count="66" type="cond" truecount="2" falsecount="0"/>
        <line num="39" count="67" type="cond" truecount="3" falsecount="1"/>
        <line num="40" count="0" type="stmt"/>
        <line num="43" count="66" type="stmt"/>
        <line num="44" count="66" type="stmt"/>
        <line num="45" count="65" type="stmt"/>
        <line num="51" count="65" type="stmt"/>
        <line num="53" count="1" type="stmt"/>
        <line num="54" count="1" type="stmt"/>
      </file>
    </package>
    <package name="components">
      <metrics statements="102" coveredstatements="92" conditionals="82" coveredconditionals="56" methods="40" coveredmethods="36"/>
      <file name="econt-office-picker.tsx" path="/Users/sgrueva/pbars/components/econt-office-picker.tsx">
        <metrics statements="51" coveredstatements="46" conditionals="41" coveredconditionals="28" methods="20" coveredmethods="18"/>
        <line num="22" count="27" type="stmt"/>
        <line num="23" count="27" type="stmt"/>
        <line num="24" count="27" type="stmt"/>
        <line num="25" count="27" type="stmt"/>
        <line num="26" count="27" type="stmt"/>
        <line num="27" count="27" type="stmt"/>
        <line num="30" count="27" type="stmt"/>
        <line num="31" count="17" type="cond" truecount="2" falsecount="0"/>
        <line num="33" count="0" type="cond" truecount="0" falsecount="4"/>
        <line num="34" count="0" type="stmt"/>
        <line num="37" count="6" type="stmt"/>
        <line num="38" count="6" type="stmt"/>
        <line num="41" count="27" type="stmt"/>
        <line num="42" count="9" type="stmt"/>
        <line num="43" count="9" type="stmt"/>
        <line num="44" count="9" type="stmt"/>
        <line num="45" count="9" type="stmt"/>
        <line num="47" count="9" type="cond" truecount="2" falsecount="0"/>
        <line num="48" count="8" type="stmt"/>
        <line num="51" count="8" type="cond" truecount="1" falsecount="1"/>
        <line num="54" count="1" type="cond" truecount="2" falsecount="2"/>
        <line num="55" count="1" type="stmt"/>
        <line num="58" count="9" type="cond" truecount="1" falsecount="1"/>
        <line num="60" count="9" type="stmt"/>
        <line num="63" count="49" type="stmt"/>
        <line num="65" count="27" type="stmt"/>
        <line num="66" count="18" type="cond" truecount="2" falsecount="0"/>
        <line num="67" count="2" type="stmt"/>
        <line num="68" count="2" type="stmt"/>
        <line num="70" count="6" type="cond" truecount="3" falsecount="0"/>
        <line num="77" count="27" type="stmt"/>
        <line num="78" count="18" type="stmt"/>
        <line num="79" count="18" type="stmt"/>
        <line num="80" count="22" type="cond" truecount="1" falsecount="1"/>
        <line num="81" count="22" type="cond" truecount="2" falsecount="0"/>
        <line num="82" count="22" type="stmt"/>
        <line num="84" count="18" type="stmt"/>
        <line num="87" count="27" type="cond" truecount="2" falsecount="0"/>
        <line num="88" count="9" type="stmt"/>
        <line num="96" count="18" type="cond" truecount="2" falsecount="0"/>
        <line num="97" count="1" type="stmt"/>
        <line num="103" count="0" type="stmt"/>
        <line num="104" count="0" type="cond" truecount="0" falsecount="2"/>
        <line num="105" count="0" type="stmt"/>
        <line num="116" count="17" type="stmt"/>
        <line num="124" count="6" type="stmt"/>
        <line num="145" count="2" type="stmt"/>
        <line num="156" count="13" type="stmt"/>
        <line num="161" count="19" type="stmt"/>
        <line num="168" count="2" type="stmt"/>
        <line num="169" count="2" type="stmt"/>
      </file>
      <file name="speedy-office-picker.tsx" path="/Users/sgrueva/pbars/components/speedy-office-picker.tsx">
        <metrics statements="51" coveredstatements="46" conditionals="41" coveredconditionals="28" methods="20" coveredmethods="18"/>
        <line num="22" count="27" type="stmt"/>
        <line num="23" count="27" type="stmt"/>
        <line num="24" count="27" type="stmt"/>
        <line num="25" count="27" type="stmt"/>
        <line num="26" count="27" type="stmt"/>
        <line num="27" count="27" type="stmt"/>
        <line num="30" count="27" type="stmt"/>
        <line num="31" count="17" type="cond" truecount="2" falsecount="0"/>
        <line num="33" count="0" type="cond" truecount="0" falsecount="4"/>
        <line num="34" count="0" type="stmt"/>
        <line num="37" count="6" type="stmt"/>
        <line num="38" count="6" type="stmt"/>
        <line num="41" count="27" type="stmt"/>
        <line num="42" count="9" type="stmt"/>
        <line num="43" count="9" type="stmt"/>
        <line num="44" count="9" type="stmt"/>
        <line num="45" count="9" type="stmt"/>
        <line num="47" count="9" type="cond" truecount="2" falsecount="0"/>
        <line num="48" count="8" type="stmt"/>
        <line num="51" count="8" type="cond" truecount="1" falsecount="1"/>
        <line num="54" count="1" type="cond" truecount="2" falsecount="2"/>
        <line num="55" count="1" type="stmt"/>
        <line num="58" count="9" type="cond" truecount="1" falsecount="1"/>
        <line num="60" count="9" type="stmt"/>
        <line num="63" count="49" type="stmt"/>
        <line num="65" count="27" type="stmt"/>
        <line num="66" count="18" type="cond" truecount="2" falsecount="0"/>
        <line num="67" count="2" type="stmt"/>
        <line num="68" count="2" type="stmt"/>
        <line num="70" count="6" type="cond" truecount="3" falsecount="0"/>
        <line num="77" count="27" type="stmt"/>
        <line num="78" count="18" type="stmt"/>
        <line num="79" count="18" type="stmt"/>
        <line num="80" count="22" type="cond" truecount="1" falsecount="1"/>
        <line num="81" count="22" type="cond" truecount="2" falsecount="0"/>
        <line num="82" count="22" type="stmt"/>
        <line num="84" count="18" type="stmt"/>
        <line num="87" count="27" type="cond" truecount="2" falsecount="0"/>
        <line num="88" count="9" type="stmt"/>
        <line num="96" count="18" type="cond" truecount="2" falsecount="0"/>
        <line num="97" count="1" type="stmt"/>
        <line num="103" count="0" type="stmt"/>
        <line num="104" count="0" type="cond" truecount="0" falsecount="2"/>
        <line num="105" count="0" type="stmt"/>
        <line num="116" count="17" type="stmt"/>
        <line num="124" count="6" type="stmt"/>
        <line num="145" count="2" type="stmt"/>
        <line num="156" count="13" type="stmt"/>
        <line num="161" count="19" type="stmt"/>
        <line num="168" count="2" type="stmt"/>
        <line num="169" count="2" type="stmt"/>
      </file>
    </package>
    <package name="components.ui">
      <metrics statements="5" coveredstatements="5" conditionals="3" coveredconditionals="2" methods="3" coveredmethods="3"/>
      <file name="button.tsx" path="/Users/sgrueva/pbars/components/ui/button.tsx">
        <metrics statements="3" coveredstatements="3" conditionals="3" coveredconditionals="2" methods="1" coveredmethods="1"/>
        <line num="7" count="2" type="stmt"/>
        <line num="49" count="34" type="cond" truecount="1" falsecount="1"/>
        <line num="51" count="34" type="stmt"/>
      </file>
      <file name="input.tsx" path="/Users/sgrueva/pbars/components/ui/input.tsx">
        <metrics statements="1" coveredstatements="1" conditionals="0" coveredconditionals="0" methods="1" coveredmethods="1"/>
        <line num="6" count="18" type="stmt"/>
      </file>
      <file name="label.tsx" path="/Users/sgrueva/pbars/components/ui/label.tsx">
        <metrics statements="1" coveredstatements="1" conditionals="0" coveredconditionals="0" methods="1" coveredmethods="1"/>
        <line num="12" count="36" type="stmt"/>
      </file>
    </package>
    <package name="lib">
      <metrics statements="98" coveredstatements="92" conditionals="73" coveredconditionals="53" methods="22" coveredmethods="20"/>
      <file name="admin-auth.ts" path="/Users/sgrueva/pbars/lib/admin-auth.ts">
        <metrics statements="35" coveredstatements="35" conditionals="20" coveredconditionals="17" methods="6" coveredmethods="6"/>
        <line num="3" count="1" type="stmt"/>
        <line num="5" count="1" type="stmt"/>
        <line num="6" count="1" type="stmt"/>
        <line num="7" count="1" type="stmt"/>
        <line num="10" count="10" type="stmt"/>
        <line num="11" count="10" type="cond" truecount="1" falsecount="1"/>
        <line num="12" count="10" type="stmt"/>
        <line num="16" count="10" type="stmt"/>
        <line num="20" count="8" type="stmt"/>
        <line num="21" count="8" type="cond" truecount="1" falsecount="1"/>
        <line num="22" count="8" type="stmt"/>
        <line num="30" count="2" type="stmt"/>
        <line num="31" count="2" type="stmt"/>
        <line num="32" count="2" type="stmt"/>
        <line num="33" count="2" type="stmt"/>
        <line num="35" count="2" type="stmt"/>
        <line num="36" count="2" type="stmt"/>
        <line num="46" count="11" type="stmt"/>
        <line num="47" count="11" type="stmt"/>
        <line num="48" count="11" type="cond" truecount="2" falsecount="0"/>
        <line num="50" count="9" type="stmt"/>
        <line num="51" count="9" type="cond" truecount="2" falsecount="0"/>
        <line num="53" count="8" type="stmt"/>
        <line num="54" count="8" type="stmt"/>
        <line num="55" count="8" type="cond" truecount="3" falsecount="1"/>
        <line num="57" count="8" type="cond" truecount="2" falsecount="0"/>
        <line num="59" count="6" type="stmt"/>
        <line num="60" count="6" type="cond" truecount="2" falsecount="0"/>
        <line num="62" count="5" type="stmt"/>
        <line num="63" count="5" type="stmt"/>
        <line num="66" count="5" type="cond" truecount="2" falsecount="0"/>
        <line num="69" count="4" type="cond" truecount="2" falsecount="0"/>
        <line num="71" count="3" type="stmt"/>
        <line num="75" count="1" type="stmt"/>
        <line num="76" count="1" type="stmt"/>
      </file>
      <file name="constants.ts" path="/Users/sgrueva/pbars/lib/constants.ts">
        <metrics statements="10" coveredstatements="10" conditionals="6" coveredconditionals="5" methods="1" coveredmethods="1"/>
        <line num="2" count="3" type="stmt"/>
        <line num="3" count="3" type="stmt"/>
        <line num="6" count="3" type="stmt"/>
        <line num="7" count="3" type="stmt"/>
        <line num="8" count="3" type="stmt"/>
        <line num="9" count="3" type="stmt"/>
        <line num="10" count="3" type="stmt"/>
        <line num="14" count="15" type="stmt"/>
        <line num="15" count="15" type="cond" truecount="4" falsecount="0"/>
        <line num="16" count="2" type="cond" truecount="1" falsecount="1"/>
      </file>
      <file name="delivery.ts" path="/Users/sgrueva/pbars/lib/delivery.ts">
        <metrics statements="7" coveredstatements="3" conditionals="7" coveredconditionals="2" methods="2" coveredmethods="2"/>
        <line num="2" count="1" type="cond" truecount="1" falsecount="4"/>
        <line num="3" count="0" type="stmt"/>
        <line num="4" count="0" type="stmt"/>
        <line num="5" count="1" type="stmt"/>
        <line num="6" count="0" type="stmt"/>
        <line num="7" count="0" type="stmt"/>
        <line num="12" count="1" type="cond" truecount="1" falsecount="1"/>
      </file>
      <file name="econt.ts" path="/Users/sgrueva/pbars/lib/econt.ts">
        <metrics statements="19" coveredstatements="18" conditionals="16" coveredconditionals="11" methods="3" coveredmethods="2"/>
        <line num="3" count="1" type="cond" truecount="1" falsecount="1"/>
        <line num="4" count="1" type="cond" truecount="1" falsecount="1"/>
        <line num="5" count="1" type="cond" truecount="1" falsecount="1"/>
        <line num="8" count="9" type="stmt"/>
        <line num="9" count="9" type="stmt"/>
        <line num="33" count="9" type="stmt"/>
        <line num="34" count="9" type="cond" truecount="2" falsecount="0"/>
        <line num="36" count="9" type="stmt"/>
        <line num="37" count="9" type="stmt"/>
        <line num="40" count="9" type="stmt"/>
        <line num="41" count="9" type="stmt"/>
        <line num="52" count="1" type="cond" truecount="2" falsecount="2"/>
        <line num="53" count="0" type="stmt"/>
        <line num="55" count="1" type="stmt"/>
        <line num="57" count="9" type="stmt"/>
        <line num="60" count="8" type="cond" truecount="2" falsecount="0"/>
        <line num="61" count="1" type="stmt"/>
        <line num="64" count="7" type="stmt"/>
        <line num="65" count="7" type="cond" truecount="2" falsecount="0"/>
      </file>
      <file name="products.ts" path="/Users/sgrueva/pbars/lib/products.ts">
        <metrics statements="7" coveredstatements="7" conditionals="4" coveredconditionals="4" methods="7" coveredmethods="7"/>
        <line num="27" count="5" type="stmt"/>
        <line num="155" count="4" type="stmt"/>
        <line num="159" count="5" type="stmt"/>
        <line num="163" count="4" type="stmt"/>
        <line num="167" count="8" type="stmt"/>
        <line num="174" count="4" type="cond" truecount="2" falsecount="0"/>
        <line num="175" count="3" type="stmt"/>
      </file>
      <file name="speedy.ts" path="/Users/sgrueva/pbars/lib/speedy.ts">
        <metrics statements="19" coveredstatements="18" conditionals="20" coveredconditionals="14" methods="2" coveredmethods="1"/>
        <line num="3" count="1" type="cond" truecount="1" falsecount="1"/>
        <line num="4" count="1" type="cond" truecount="1" falsecount="1"/>
        <line num="5" count="1" type="cond" truecount="1" falsecount="1"/>
        <line num="29" count="11" type="stmt"/>
        <line num="35" count="11" type="cond" truecount="2" falsecount="0"/>
        <line num="37" count="11" type="stmt"/>
        <line num="38" count="11" type="stmt"/>
        <line num="41" count="11" type="stmt"/>
        <line num="42" count="11" type="stmt"/>
        <line num="53" count="1" type="cond" truecount="2" falsecount="2"/>
        <line num="54" count="0" type="stmt"/>
        <line num="56" count="1" type="stmt"/>
        <line num="58" count="11" type="stmt"/>
        <line num="61" count="10" type="cond" truecount="2" falsecount="0"/>
        <line num="62" count="1" type="stmt"/>
        <line num="65" count="9" type="stmt"/>
        <line num="67" count="9" type="cond" truecount="2" falsecount="0"/>
        <line num="68" count="1" type="cond" truecount="1" falsecount="1"/>
        <line num="71" count="8" type="cond" truecount="2" falsecount="0"/>
      </file>
      <file name="utils.ts" path="/Users/sgrueva/pbars/lib/utils.ts">
        <metrics statements="1" coveredstatements="1" conditionals="0" coveredconditionals="0" methods="1" coveredmethods="1"/>
        <line num="5" count="88" type="stmt"/>
      </file>
    </package>
    <package name="lib.store">
      <metrics statements="40" coveredstatements="23" conditionals="24" coveredconditionals="12" methods="17" coveredmethods="14"/>
      <file name="cart.ts" path="/Users/sgrueva/pbars/lib/store/cart.ts">
        <metrics statements="40" coveredstatements="23" conditionals="24" coveredconditionals="12" methods="17" coveredmethods="14"/>
        <line num="25" count="1" type="stmt"/>
        <line num="27" count="1" type="stmt"/>
        <line num="31" count="33" type="stmt"/>
        <line num="35" count="41" type="stmt"/>
        <line num="36" count="41" type="stmt"/>
        <line num="37" count="41" type="cond" truecount="2" falsecount="0"/>
        <line num="38" count="41" type="stmt"/>
        <line num="40" count="41" type="cond" truecount="2" falsecount="0"/>
        <line num="42" count="38" type="cond" truecount="2" falsecount="0"/>
        <line num="43" count="14" type="stmt"/>
        <line num="45" count="14" type="cond" truecount="1" falsecount="1"/>
        <line num="51" count="24" type="stmt"/>
        <line num="56" count="5" type="stmt"/>
        <line num="60" count="4" type="cond" truecount="2" falsecount="0"/>
        <line num="61" count="2" type="stmt"/>
        <line num="62" count="2" type="stmt"/>
        <line num="64" count="2" type="cond" truecount="2" falsecount="0"/>
        <line num="65" count="1" type="stmt"/>
        <line num="67" count="1" type="cond" truecount="1" falsecount="1"/>
        <line num="72" count="1" type="stmt"/>
        <line num="75" count="2" type="stmt"/>
        <line num="79" count="3" type="stmt"/>
        <line num="80" count="3" type="stmt"/>
        <line num="86" count="0" type="stmt"/>
        <line num="87" count="0" type="stmt"/>
        <line num="88" count="0" type="cond" truecount="0" falsecount="2"/>
        <line num="91" count="0" type="stmt"/>
        <line num="92" count="0" type="stmt"/>
        <line num="94" count="0" type="stmt"/>
        <line num="95" count="0" type="stmt"/>
        <line num="96" count="0" type="stmt"/>
        <line num="97" count="0" type="stmt"/>
        <line num="98" count="0" type="cond" truecount="0" falsecount="2"/>
        <line num="99" count="0" type="cond" truecount="0" falsecount="2"/>
        <line num="103" count="0" type="stmt"/>
        <line num="104" count="0" type="stmt"/>
        <line num="113" count="0" type="stmt"/>
        <line num="115" count="0" type="cond" truecount="0" falsecount="2"/>
        <line num="116" count="0" type="stmt"/>
        <line num="118" count="0" type="stmt"/>
      </file>
    </package>
  </project>
</coverage>
