{"/Users/sgrueva/pbars/app/actions/admin.ts": {"path":"/Users/sgrueva/pbars/app/actions/admin.ts","statementMap":{"0":{"start":{"line":13,"column":44},"end":{"line":13,"column":null}},"1":{"start":{"line":17,"column":27},"end":{"line":17,"column":null}},"2":{"start":{"line":18,"column":29},"end":{"line":18,"column":null}},"3":{"start":{"line":19,"column":22},"end":{"line":19,"column":null}},"4":{"start":{"line":22,"column":19},"end":{"line":22,"column":null}},"5":{"start":{"line":23,"column":2},"end":{"line":23,"column":null}},"6":{"start":{"line":23,"column":17},"end":{"line":23,"column":null}},"7":{"start":{"line":26,"column":14},"end":{"line":26,"column":null}},"8":{"start":{"line":27,"column":2},"end":{"line":31,"column":null}},"9":{"start":{"line":28,"column":4},"end":{"line":30,"column":null}},"10":{"start":{"line":29,"column":6},"end":{"line":29,"column":null}},"11":{"start":{"line":33,"column":22},"end":{"line":33,"column":null}},"12":{"start":{"line":34,"column":13},"end":{"line":34,"column":null}},"13":{"start":{"line":35,"column":19},"end":{"line":35,"column":null}},"14":{"start":{"line":36,"column":2},"end":{"line":38,"column":null}},"15":{"start":{"line":37,"column":4},"end":{"line":37,"column":null}},"16":{"start":{"line":42,"column":23},"end":{"line":42,"column":null}},"17":{"start":{"line":43,"column":23},"end":{"line":43,"column":null}},"18":{"start":{"line":44,"column":16},"end":{"line":44,"column":null}},"19":{"start":{"line":46,"column":2},"end":{"line":53,"column":null}},"20":{"start":{"line":47,"column":4},"end":{"line":51,"column":null}},"21":{"start":{"line":48,"column":6},"end":{"line":48,"column":null}},"22":{"start":{"line":50,"column":6},"end":{"line":50,"column":null}},"23":{"start":{"line":52,"column":4},"end":{"line":52,"column":null}},"24":{"start":{"line":55,"column":2},"end":{"line":55,"column":null}},"25":{"start":{"line":56,"column":2},"end":{"line":56,"column":null}},"26":{"start":{"line":57,"column":2},"end":{"line":57,"column":null}},"27":{"start":{"line":61,"column":2},"end":{"line":61,"column":null}},"28":{"start":{"line":62,"column":2},"end":{"line":62,"column":null}},"29":{"start":{"line":66,"column":16},"end":{"line":66,"column":null}},"30":{"start":{"line":67,"column":2},"end":{"line":67,"column":null}},"31":{"start":{"line":67,"column":14},"end":{"line":67,"column":null}},"32":{"start":{"line":88,"column":2},"end":{"line":88,"column":null}},"33":{"start":{"line":89,"column":19},"end":{"line":89,"column":null}},"34":{"start":{"line":91,"column":14},"end":{"line":91,"column":null}},"35":{"start":{"line":92,"column":21},"end":{"line":92,"column":null}},"36":{"start":{"line":93,"column":14},"end":{"line":93,"column":null}},"37":{"start":{"line":94,"column":23},"end":{"line":94,"column":null}},"38":{"start":{"line":95,"column":20},"end":{"line":95,"column":null}},"39":{"start":{"line":96,"column":21},"end":{"line":96,"column":null}},"40":{"start":{"line":99,"column":49},"end":{"line":103,"column":null}},"41":{"start":{"line":105,"column":2},"end":{"line":108,"column":null}},"42":{"start":{"line":106,"column":4},"end":{"line":106,"column":null}},"43":{"start":{"line":107,"column":4},"end":{"line":107,"column":null}},"44":{"start":{"line":110,"column":12},"end":{"line":110,"column":null}},"45":{"start":{"line":113,"column":33},"end":{"line":117,"column":null}},"46":{"start":{"line":119,"column":2},"end":{"line":126,"column":null}},"47":{"start":{"line":197,"column":25},"end":{"line":197,"column":null}},"48":{"start":{"line":200,"column":2},"end":{"line":200,"column":null}},"49":{"start":{"line":205,"column":17},"end":{"line":205,"column":null}},"50":{"start":{"line":206,"column":2},"end":{"line":208,"column":null}},"51":{"start":{"line":207,"column":4},"end":{"line":207,"column":null}},"52":{"start":{"line":210,"column":19},"end":{"line":210,"column":null}},"53":{"start":{"line":211,"column":2},"end":{"line":213,"column":null}},"54":{"start":{"line":212,"column":4},"end":{"line":212,"column":null}},"55":{"start":{"line":215,"column":17},"end":{"line":215,"column":null}},"56":{"start":{"line":216,"column":2},"end":{"line":218,"column":null}},"57":{"start":{"line":217,"column":4},"end":{"line":217,"column":null}},"58":{"start":{"line":220,"column":17},"end":{"line":220,"column":null}},"59":{"start":{"line":221,"column":2},"end":{"line":232,"column":null}},"60":{"start":{"line":222,"column":20},"end":{"line":222,"column":null}},"61":{"start":{"line":223,"column":23},"end":{"line":223,"column":null}},"62":{"start":{"line":224,"column":4},"end":{"line":231,"column":null}},"63":{"start":{"line":225,"column":22},"end":{"line":225,"column":null}},"64":{"start":{"line":226,"column":6},"end":{"line":226,"column":null}},"65":{"start":{"line":227,"column":4},"end":{"line":231,"column":null}},"66":{"start":{"line":228,"column":6},"end":{"line":228,"column":null}},"67":{"start":{"line":230,"column":6},"end":{"line":230,"column":null}},"68":{"start":{"line":234,"column":24},"end":{"line":234,"column":null}},"69":{"start":{"line":235,"column":2},"end":{"line":241,"column":null}},"70":{"start":{"line":236,"column":4},"end":{"line":236,"column":null}},"71":{"start":{"line":237,"column":2},"end":{"line":241,"column":null}},"72":{"start":{"line":238,"column":4},"end":{"line":238,"column":null}},"73":{"start":{"line":239,"column":2},"end":{"line":241,"column":null}},"74":{"start":{"line":240,"column":4},"end":{"line":240,"column":null}},"75":{"start":{"line":243,"column":2},"end":{"line":243,"column":null}},"76":{"start":{"line":247,"column":2},"end":{"line":247,"column":null}},"77":{"start":{"line":248,"column":19},"end":{"line":248,"column":null}},"78":{"start":{"line":250,"column":15},"end":{"line":250,"column":null}},"79":{"start":{"line":251,"column":15},"end":{"line":251,"column":null}},"80":{"start":{"line":252,"column":13},"end":{"line":252,"column":null}},"81":{"start":{"line":254,"column":14},"end":{"line":258,"column":null}},"82":{"start":{"line":260,"column":2},"end":{"line":260,"column":null}},"83":{"start":{"line":262,"column":33},"end":{"line":262,"column":null}},"84":{"start":{"line":264,"column":2},"end":{"line":267,"column":null}},"85":{"start":{"line":265,"column":4},"end":{"line":265,"column":null}},"86":{"start":{"line":266,"column":4},"end":{"line":266,"column":null}},"87":{"start":{"line":269,"column":2},"end":{"line":269,"column":null}},"88":{"start":{"line":273,"column":2},"end":{"line":273,"column":null}},"89":{"start":{"line":274,"column":19},"end":{"line":274,"column":null}},"90":{"start":{"line":276,"column":34},"end":{"line":276,"column":null}},"91":{"start":{"line":277,"column":13},"end":{"line":277,"column":null}},"92":{"start":{"line":278,"column":20},"end":{"line":278,"column":null}},"93":{"start":{"line":280,"column":2},"end":{"line":298,"column":null}},"94":{"start":{"line":281,"column":16},"end":{"line":285,"column":null}},"95":{"start":{"line":287,"column":4},"end":{"line":287,"column":null}},"96":{"start":{"line":289,"column":28},"end":{"line":289,"column":null}},"97":{"start":{"line":290,"column":4},"end":{"line":293,"column":null}},"98":{"start":{"line":291,"column":6},"end":{"line":291,"column":null}},"99":{"start":{"line":292,"column":6},"end":{"line":292,"column":null}},"100":{"start":{"line":295,"column":4},"end":{"line":295,"column":null}},"101":{"start":{"line":296,"column":4},"end":{"line":296,"column":null}},"102":{"start":{"line":296,"column":42},"end":{"line":296,"column":null}},"103":{"start":{"line":297,"column":4},"end":{"line":297,"column":null}},"104":{"start":{"line":300,"column":2},"end":{"line":300,"column":null}},"105":{"start":{"line":325,"column":19},"end":{"line":325,"column":null}},"106":{"start":{"line":326,"column":2},"end":{"line":328,"column":null}},"107":{"start":{"line":327,"column":4},"end":{"line":327,"column":null}},"108":{"start":{"line":330,"column":17},"end":{"line":330,"column":null}},"109":{"start":{"line":331,"column":2},"end":{"line":333,"column":null}},"110":{"start":{"line":332,"column":4},"end":{"line":332,"column":null}},"111":{"start":{"line":335,"column":17},"end":{"line":335,"column":null}},"112":{"start":{"line":336,"column":2},"end":{"line":343,"column":null}},"113":{"start":{"line":337,"column":20},"end":{"line":337,"column":null}},"114":{"start":{"line":338,"column":4},"end":{"line":342,"column":null}},"115":{"start":{"line":339,"column":6},"end":{"line":339,"column":null}},"116":{"start":{"line":341,"column":6},"end":{"line":341,"column":null}},"117":{"start":{"line":345,"column":2},"end":{"line":345,"column":null}},"118":{"start":{"line":349,"column":2},"end":{"line":349,"column":null}},"119":{"start":{"line":350,"column":19},"end":{"line":350,"column":null}},"120":{"start":{"line":352,"column":15},"end":{"line":352,"column":null}},"121":{"start":{"line":353,"column":15},"end":{"line":353,"column":null}},"122":{"start":{"line":354,"column":13},"end":{"line":354,"column":null}},"123":{"start":{"line":356,"column":14},"end":{"line":361,"column":null}},"124":{"start":{"line":363,"column":2},"end":{"line":363,"column":null}},"125":{"start":{"line":365,"column":33},"end":{"line":365,"column":null}},"126":{"start":{"line":367,"column":2},"end":{"line":370,"column":null}},"127":{"start":{"line":368,"column":4},"end":{"line":368,"column":null}},"128":{"start":{"line":369,"column":4},"end":{"line":369,"column":null}},"129":{"start":{"line":372,"column":2},"end":{"line":372,"column":null}},"130":{"start":{"line":376,"column":2},"end":{"line":376,"column":null}},"131":{"start":{"line":377,"column":19},"end":{"line":377,"column":null}},"132":{"start":{"line":379,"column":36},"end":{"line":379,"column":null}},"133":{"start":{"line":380,"column":13},"end":{"line":380,"column":null}},"134":{"start":{"line":381,"column":20},"end":{"line":381,"column":null}},"135":{"start":{"line":383,"column":2},"end":{"line":402,"column":null}},"136":{"start":{"line":384,"column":16},"end":{"line":389,"column":null}},"137":{"start":{"line":391,"column":4},"end":{"line":391,"column":null}},"138":{"start":{"line":393,"column":28},"end":{"line":393,"column":null}},"139":{"start":{"line":394,"column":4},"end":{"line":397,"column":null}},"140":{"start":{"line":395,"column":6},"end":{"line":395,"column":null}},"141":{"start":{"line":396,"column":6},"end":{"line":396,"column":null}},"142":{"start":{"line":399,"column":4},"end":{"line":399,"column":null}},"143":{"start":{"line":400,"column":4},"end":{"line":400,"column":null}},"144":{"start":{"line":400,"column":42},"end":{"line":400,"column":null}},"145":{"start":{"line":401,"column":4},"end":{"line":401,"column":null}},"146":{"start":{"line":404,"column":2},"end":{"line":404,"column":null}},"147":{"start":{"line":408,"column":2},"end":{"line":408,"column":null}},"148":{"start":{"line":410,"column":20},"end":{"line":410,"column":null}},"149":{"start":{"line":411,"column":2},"end":{"line":413,"column":null}},"150":{"start":{"line":412,"column":4},"end":{"line":412,"column":null}},"151":{"start":{"line":415,"column":19},"end":{"line":415,"column":null}},"152":{"start":{"line":417,"column":26},"end":{"line":421,"column":null}},"153":{"start":{"line":423,"column":2},"end":{"line":425,"column":null}},"154":{"start":{"line":424,"column":4},"end":{"line":424,"column":null}},"155":{"start":{"line":427,"column":2},"end":{"line":427,"column":null}},"156":{"start":{"line":431,"column":52},"end":{"line":435,"column":null}},"157":{"start":{"line":443,"column":2},"end":{"line":443,"column":null}},"158":{"start":{"line":445,"column":20},"end":{"line":445,"column":null}},"159":{"start":{"line":446,"column":2},"end":{"line":448,"column":null}},"160":{"start":{"line":447,"column":4},"end":{"line":447,"column":null}},"161":{"start":{"line":450,"column":2},"end":{"line":452,"column":null}},"162":{"start":{"line":451,"column":4},"end":{"line":451,"column":null}},"163":{"start":{"line":453,"column":2},"end":{"line":455,"column":null}},"164":{"start":{"line":454,"column":4},"end":{"line":454,"column":null}},"165":{"start":{"line":456,"column":2},"end":{"line":458,"column":null}},"166":{"start":{"line":457,"column":4},"end":{"line":457,"column":null}},"167":{"start":{"line":460,"column":19},"end":{"line":460,"column":null}},"168":{"start":{"line":463,"column":45},"end":{"line":467,"column":null}},"169":{"start":{"line":469,"column":2},"end":{"line":471,"column":null}},"170":{"start":{"line":470,"column":4},"end":{"line":470,"column":null}},"171":{"start":{"line":474,"column":18},"end":{"line":474,"column":null}},"172":{"start":{"line":475,"column":2},"end":{"line":477,"column":null}},"173":{"start":{"line":476,"column":4},"end":{"line":476,"column":null}},"174":{"start":{"line":480,"column":8},"end":{"line":480,"column":null}},"175":{"start":{"line":481,"column":46},"end":{"line":481,"column":null}},"176":{"start":{"line":482,"column":2},"end":{"line":484,"column":null}},"177":{"start":{"line":483,"column":4},"end":{"line":483,"column":null}},"178":{"start":{"line":485,"column":2},"end":{"line":488,"column":null}},"179":{"start":{"line":486,"column":4},"end":{"line":486,"column":null}},"180":{"start":{"line":487,"column":4},"end":{"line":487,"column":null}},"181":{"start":{"line":487,"column":24},"end":{"line":487,"column":null}},"182":{"start":{"line":489,"column":2},"end":{"line":491,"column":null}},"183":{"start":{"line":490,"column":4},"end":{"line":490,"column":null}},"184":{"start":{"line":492,"column":2},"end":{"line":495,"column":null}},"185":{"start":{"line":493,"column":4},"end":{"line":493,"column":null}},"186":{"start":{"line":494,"column":4},"end":{"line":494,"column":null}},"187":{"start":{"line":494,"column":28},"end":{"line":494,"column":null}},"188":{"start":{"line":498,"column":48},"end":{"line":503,"column":null}},"189":{"start":{"line":505,"column":2},"end":{"line":508,"column":null}},"190":{"start":{"line":506,"column":4},"end":{"line":506,"column":null}},"191":{"start":{"line":507,"column":4},"end":{"line":507,"column":null}},"192":{"start":{"line":510,"column":2},"end":{"line":512,"column":null}},"193":{"start":{"line":511,"column":4},"end":{"line":511,"column":null}},"194":{"start":{"line":515,"column":2},"end":{"line":517,"column":null}},"195":{"start":{"line":516,"column":4},"end":{"line":516,"column":null}},"196":{"start":{"line":520,"column":2},"end":{"line":550,"column":null}},"197":{"start":{"line":521,"column":4},"end":{"line":549,"column":null}},"198":{"start":{"line":522,"column":55},"end":{"line":524,"column":null}},"199":{"start":{"line":526,"column":6},"end":{"line":546,"column":null}},"200":{"start":{"line":527,"column":8},"end":{"line":527,"column":null}},"201":{"start":{"line":529,"column":14},"end":{"line":529,"column":null}},"202":{"start":{"line":530,"column":26},"end":{"line":536,"column":null}},"203":{"start":{"line":538,"column":8},"end":{"line":545,"column":null}},"204":{"start":{"line":548,"column":6},"end":{"line":548,"column":null}},"205":{"start":{"line":552,"column":2},"end":{"line":552,"column":null}},"206":{"start":{"line":556,"column":2},"end":{"line":556,"column":null}},"207":{"start":{"line":558,"column":20},"end":{"line":558,"column":null}},"208":{"start":{"line":559,"column":2},"end":{"line":559,"column":null}},"209":{"start":{"line":559,"column":32},"end":{"line":559,"column":null}},"210":{"start":{"line":560,"column":2},"end":{"line":560,"column":null}},"211":{"start":{"line":560,"column":27},"end":{"line":560,"column":null}},"212":{"start":{"line":562,"column":19},"end":{"line":562,"column":null}},"213":{"start":{"line":563,"column":20},"end":{"line":566,"column":null}},"214":{"start":{"line":568,"column":2},"end":{"line":571,"column":null}},"215":{"start":{"line":569,"column":4},"end":{"line":569,"column":null}},"216":{"start":{"line":570,"column":4},"end":{"line":570,"column":null}},"217":{"start":{"line":573,"column":2},"end":{"line":573,"column":null}},"218":{"start":{"line":577,"column":2},"end":{"line":577,"column":null}},"219":{"start":{"line":579,"column":20},"end":{"line":579,"column":null}},"220":{"start":{"line":580,"column":2},"end":{"line":580,"column":null}},"221":{"start":{"line":580,"column":32},"end":{"line":580,"column":null}},"222":{"start":{"line":582,"column":19},"end":{"line":582,"column":null}},"223":{"start":{"line":583,"column":33},"end":{"line":587,"column":null}},"224":{"start":{"line":589,"column":2},"end":{"line":589,"column":null}},"225":{"start":{"line":589,"column":23},"end":{"line":589,"column":null}},"226":{"start":{"line":590,"column":2},"end":{"line":590,"column":null}},"227":{"start":{"line":590,"column":28},"end":{"line":590,"column":null}},"228":{"start":{"line":593,"column":51},"end":{"line":595,"column":null}},"229":{"start":{"line":597,"column":2},"end":{"line":602,"column":null}},"230":{"start":{"line":598,"column":4},"end":{"line":598,"column":null}},"231":{"start":{"line":599,"column":4},"end":{"line":601,"column":null}},"232":{"start":{"line":605,"column":33},"end":{"line":609,"column":null}},"233":{"start":{"line":611,"column":22},"end":{"line":611,"column":null}},"234":{"start":{"line":612,"column":8},"end":{"line":612,"column":null}},"235":{"start":{"line":614,"column":20},"end":{"line":620,"column":null}},"236":{"start":{"line":623,"column":2},"end":{"line":630,"column":null}},"237":{"start":{"line":632,"column":2},"end":{"line":632,"column":null}},"238":{"start":{"line":636,"column":2},"end":{"line":636,"column":null}},"239":{"start":{"line":638,"column":20},"end":{"line":638,"column":null}},"240":{"start":{"line":639,"column":2},"end":{"line":639,"column":null}},"241":{"start":{"line":639,"column":32},"end":{"line":639,"column":null}},"242":{"start":{"line":641,"column":19},"end":{"line":641,"column":null}},"243":{"start":{"line":642,"column":33},"end":{"line":646,"column":null}},"244":{"start":{"line":648,"column":2},"end":{"line":648,"column":null}},"245":{"start":{"line":648,"column":23},"end":{"line":648,"column":null}},"246":{"start":{"line":650,"column":8},"end":{"line":650,"column":null}},"247":{"start":{"line":651,"column":21},"end":{"line":651,"column":null}},"248":{"start":{"line":652,"column":24},"end":{"line":652,"column":null}},"249":{"start":{"line":653,"column":15},"end":{"line":653,"column":null}},"250":{"start":{"line":655,"column":20},"end":{"line":661,"column":null}},"251":{"start":{"line":663,"column":19},"end":{"line":665,"column":null}},"252":{"start":{"line":667,"column":2},"end":{"line":667,"column":null}},"253":{"start":{"line":671,"column":2},"end":{"line":671,"column":null}},"254":{"start":{"line":671,"column":35},"end":{"line":671,"column":null}},"255":{"start":{"line":673,"column":17},"end":{"line":673,"column":null}},"256":{"start":{"line":674,"column":8},"end":{"line":674,"column":null}},"257":{"start":{"line":675,"column":21},"end":{"line":675,"column":null}},"258":{"start":{"line":681,"column":20},"end":{"line":683,"column":null}},"259":{"start":{"line":682,"column":19},"end":{"line":682,"column":111}},"260":{"start":{"line":685,"column":26},"end":{"line":685,"column":null}},"261":{"start":{"line":686,"column":27},"end":{"line":686,"column":null}},"262":{"start":{"line":688,"column":2},"end":{"line":712,"column":null}},"263":{"start":{"line":711,"column":4},"end":{"line":711,"column":null}},"264":{"start":{"line":729,"column":2},"end":{"line":729,"column":null}},"265":{"start":{"line":730,"column":19},"end":{"line":730,"column":null}},"266":{"start":{"line":732,"column":26},"end":{"line":735,"column":null}},"267":{"start":{"line":737,"column":2},"end":{"line":740,"column":null}},"268":{"start":{"line":738,"column":4},"end":{"line":738,"column":null}},"269":{"start":{"line":739,"column":4},"end":{"line":739,"column":null}},"270":{"start":{"line":742,"column":2},"end":{"line":742,"column":null}},"271":{"start":{"line":746,"column":22},"end":{"line":746,"column":null}},"272":{"start":{"line":746,"column":43},"end":{"line":746,"column":61}},"273":{"start":{"line":747,"column":2},"end":{"line":747,"column":null}},"274":{"start":{"line":747,"column":20},"end":{"line":747,"column":null}},"275":{"start":{"line":749,"column":19},"end":{"line":749,"column":null}},"276":{"start":{"line":750,"column":24},"end":{"line":750,"column":null}},"277":{"start":{"line":753,"column":28},"end":{"line":759,"column":null}},"278":{"start":{"line":762,"column":30},"end":{"line":768,"column":null}},"279":{"start":{"line":770,"column":20},"end":{"line":770,"column":null}},"280":{"start":{"line":771,"column":21},"end":{"line":771,"column":null}},"281":{"start":{"line":772,"column":18},"end":{"line":772,"column":null}},"282":{"start":{"line":774,"column":2},"end":{"line":774,"column":null}},"283":{"start":{"line":783,"column":2},"end":{"line":783,"column":null}},"284":{"start":{"line":785,"column":18},"end":{"line":785,"column":null}},"285":{"start":{"line":785,"column":39},"end":{"line":785,"column":62}},"286":{"start":{"line":786,"column":2},"end":{"line":786,"column":null}},"287":{"start":{"line":786,"column":16},"end":{"line":786,"column":null}},"288":{"start":{"line":788,"column":2},"end":{"line":790,"column":null}},"289":{"start":{"line":789,"column":4},"end":{"line":789,"column":null}},"290":{"start":{"line":792,"column":2},"end":{"line":796,"column":null}},"291":{"start":{"line":793,"column":4},"end":{"line":795,"column":null}},"292":{"start":{"line":798,"column":2},"end":{"line":806,"column":null}},"293":{"start":{"line":799,"column":23},"end":{"line":799,"column":null}},"294":{"start":{"line":800,"column":4},"end":{"line":802,"column":null}},"295":{"start":{"line":801,"column":6},"end":{"line":801,"column":null}},"296":{"start":{"line":803,"column":4},"end":{"line":805,"column":null}},"297":{"start":{"line":804,"column":6},"end":{"line":804,"column":null}},"298":{"start":{"line":809,"column":22},"end":{"line":809,"column":null}},"299":{"start":{"line":811,"column":19},"end":{"line":811,"column":null}},"300":{"start":{"line":814,"column":37},"end":{"line":818,"column":null}},"301":{"start":{"line":820,"column":2},"end":{"line":823,"column":null}},"302":{"start":{"line":821,"column":4},"end":{"line":821,"column":null}},"303":{"start":{"line":822,"column":4},"end":{"line":822,"column":null}},"304":{"start":{"line":826,"column":2},"end":{"line":829,"column":null}},"305":{"start":{"line":831,"column":20},"end":{"line":838,"column":null}},"306":{"start":{"line":840,"column":2},"end":{"line":843,"column":null}},"307":{"start":{"line":841,"column":4},"end":{"line":841,"column":null}},"308":{"start":{"line":842,"column":4},"end":{"line":842,"column":null}},"309":{"start":{"line":845,"column":2},"end":{"line":845,"column":null}},"310":{"start":{"line":846,"column":2},"end":{"line":846,"column":null}},"311":{"start":{"line":850,"column":2},"end":{"line":850,"column":null}},"312":{"start":{"line":852,"column":20},"end":{"line":852,"column":null}},"313":{"start":{"line":853,"column":2},"end":{"line":853,"column":null}},"314":{"start":{"line":853,"column":31},"end":{"line":853,"column":null}},"315":{"start":{"line":855,"column":19},"end":{"line":855,"column":null}},"316":{"start":{"line":857,"column":35},"end":{"line":862,"column":null}},"317":{"start":{"line":864,"column":2},"end":{"line":867,"column":null}},"318":{"start":{"line":865,"column":4},"end":{"line":865,"column":null}},"319":{"start":{"line":866,"column":4},"end":{"line":866,"column":null}},"320":{"start":{"line":869,"column":2},"end":{"line":871,"column":null}},"321":{"start":{"line":870,"column":4},"end":{"line":870,"column":null}},"322":{"start":{"line":873,"column":2},"end":{"line":873,"column":null}},"323":{"start":{"line":874,"column":2},"end":{"line":874,"column":null}},"324":{"start":{"line":894,"column":2},"end":{"line":894,"column":null}},"325":{"start":{"line":895,"column":19},"end":{"line":895,"column":null}},"326":{"start":{"line":897,"column":26},"end":{"line":900,"column":null}},"327":{"start":{"line":902,"column":2},"end":{"line":905,"column":null}},"328":{"start":{"line":903,"column":4},"end":{"line":903,"column":null}},"329":{"start":{"line":904,"column":4},"end":{"line":904,"column":null}},"330":{"start":{"line":907,"column":2},"end":{"line":907,"column":null}},"331":{"start":{"line":910,"column":25},"end":{"line":910,"column":null}},"332":{"start":{"line":921,"column":2},"end":{"line":921,"column":null}},"333":{"start":{"line":923,"column":15},"end":{"line":923,"column":null}},"334":{"start":{"line":924,"column":2},"end":{"line":926,"column":null}},"335":{"start":{"line":925,"column":4},"end":{"line":925,"column":null}},"336":{"start":{"line":928,"column":2},"end":{"line":930,"column":null}},"337":{"start":{"line":929,"column":4},"end":{"line":929,"column":null}},"338":{"start":{"line":932,"column":2},"end":{"line":934,"column":null}},"339":{"start":{"line":933,"column":4},"end":{"line":933,"column":null}},"340":{"start":{"line":936,"column":2},"end":{"line":938,"column":null}},"341":{"start":{"line":937,"column":4},"end":{"line":937,"column":null}},"342":{"start":{"line":940,"column":2},"end":{"line":942,"column":null}},"343":{"start":{"line":941,"column":4},"end":{"line":941,"column":null}},"344":{"start":{"line":944,"column":2},"end":{"line":948,"column":null}},"345":{"start":{"line":945,"column":23},"end":{"line":945,"column":null}},"346":{"start":{"line":946,"column":4},"end":{"line":946,"column":null}},"347":{"start":{"line":946,"column":37},"end":{"line":946,"column":null}},"348":{"start":{"line":947,"column":4},"end":{"line":947,"column":null}},"349":{"start":{"line":947,"column":34},"end":{"line":947,"column":null}},"350":{"start":{"line":950,"column":19},"end":{"line":950,"column":null}},"351":{"start":{"line":952,"column":20},"end":{"line":961,"column":null}},"352":{"start":{"line":963,"column":2},"end":{"line":969,"column":null}},"353":{"start":{"line":964,"column":4},"end":{"line":966,"column":null}},"354":{"start":{"line":965,"column":6},"end":{"line":965,"column":null}},"355":{"start":{"line":967,"column":4},"end":{"line":967,"column":null}},"356":{"start":{"line":968,"column":4},"end":{"line":968,"column":null}},"357":{"start":{"line":971,"column":2},"end":{"line":971,"column":null}},"358":{"start":{"line":975,"column":2},"end":{"line":975,"column":null}},"359":{"start":{"line":977,"column":20},"end":{"line":977,"column":null}},"360":{"start":{"line":978,"column":2},"end":{"line":978,"column":null}},"361":{"start":{"line":978,"column":32},"end":{"line":978,"column":null}},"362":{"start":{"line":980,"column":19},"end":{"line":980,"column":null}},"363":{"start":{"line":982,"column":35},"end":{"line":987,"column":null}},"364":{"start":{"line":989,"column":2},"end":{"line":992,"column":null}},"365":{"start":{"line":990,"column":4},"end":{"line":990,"column":null}},"366":{"start":{"line":991,"column":4},"end":{"line":991,"column":null}},"367":{"start":{"line":994,"column":2},"end":{"line":996,"column":null}},"368":{"start":{"line":995,"column":4},"end":{"line":995,"column":null}},"369":{"start":{"line":998,"column":2},"end":{"line":998,"column":null}}},"fnMap":{"0":{"name":"loginAdmin","decl":{"start":{"line":21,"column":22},"end":{"line":21,"column":33}},"loc":{"start":{"line":21,"column":51},"end":{"line":58,"column":null}},"line":21},"1":{"name":"logoutAdmin","decl":{"start":{"line":60,"column":22},"end":{"line":60,"column":36}},"loc":{"start":{"line":60,"column":36},"end":{"line":63,"column":null}},"line":60},"2":{"name":"requireAdmin","decl":{"start":{"line":65,"column":15},"end":{"line":65,"column":30}},"loc":{"start":{"line":65,"column":30},"end":{"line":68,"column":null}},"line":65},"3":{"name":"getDashboardStats","decl":{"start":{"line":87,"column":22},"end":{"line":87,"column":67}},"loc":{"start":{"line":87,"column":67},"end":{"line":127,"column":null}},"line":87},"4":{"name":"escapeIlike","decl":{"start":{"line":199,"column":9},"end":{"line":199,"column":21}},"loc":{"start":{"line":199,"column":44},"end":{"line":201,"column":null}},"line":199},"5":{"name":"applyOrderFilters","decl":{"start":{"line":204,"column":9},"end":{"line":204,"column":27}},"loc":{"start":{"line":204,"column":66},"end":{"line":244,"column":null}},"line":204},"6":{"name":"getOrders","decl":{"start":{"line":246,"column":22},"end":{"line":246,"column":32}},"loc":{"start":{"line":246,"column":131},"end":{"line":270,"column":null}},"line":246},"7":{"name":"getAllOrders","decl":{"start":{"line":272,"column":22},"end":{"line":272,"column":35}},"loc":{"start":{"line":272,"column":87},"end":{"line":301,"column":null}},"line":272},"8":{"name":"applyInvoiceFilters","decl":{"start":{"line":324,"column":9},"end":{"line":324,"column":29}},"loc":{"start":{"line":324,"column":70},"end":{"line":346,"column":null}},"line":324},"9":{"name":"getInvoices","decl":{"start":{"line":348,"column":22},"end":{"line":348,"column":34}},"loc":{"start":{"line":348,"column":139},"end":{"line":373,"column":null}},"line":348},"10":{"name":"getAllInvoices","decl":{"start":{"line":375,"column":22},"end":{"line":375,"column":37}},"loc":{"start":{"line":375,"column":93},"end":{"line":405,"column":null}},"line":375},"11":{"name":"getOrder","decl":{"start":{"line":407,"column":22},"end":{"line":407,"column":31}},"loc":{"start":{"line":407,"column":70},"end":{"line":428,"column":null}},"line":407},"12":{"name":"updateOrderStatus","decl":{"start":{"line":437,"column":22},"end":{"line":437,"column":null}},"loc":{"start":{"line":442,"column":2},"end":{"line":553,"column":null}},"line":442},"13":{"name":"updateAdminNotes","decl":{"start":{"line":555,"column":22},"end":{"line":555,"column":39}},"loc":{"start":{"line":555,"column":71},"end":{"line":574,"column":null}},"line":555},"14":{"name":"issueInvoice","decl":{"start":{"line":576,"column":22},"end":{"line":576,"column":35}},"loc":{"start":{"line":576,"column":88},"end":{"line":633,"column":null}},"line":576},"15":{"name":"downloadInvoicePDF","decl":{"start":{"line":635,"column":22},"end":{"line":635,"column":41}},"loc":{"start":{"line":635,"column":108},"end":{"line":668,"column":null}},"line":635},"16":{"name":"sendShippingEmail","decl":{"start":{"line":670,"column":9},"end":{"line":670,"column":27}},"loc":{"start":{"line":670,"column":83},"end":{"line":713,"column":null}},"line":670},"17":{"name":"(anonymous_17)","decl":{"start":{"line":682,"column":9},"end":{"line":682,"column":10}},"loc":{"start":{"line":682,"column":19},"end":{"line":682,"column":111}},"line":682},"18":{"name":"(anonymous_18)","decl":{"start":{"line":710,"column":11},"end":{"line":710,"column":12}},"loc":{"start":{"line":710,"column":20},"end":{"line":712,"column":3}},"line":710},"19":{"name":"getSales","decl":{"start":{"line":728,"column":22},"end":{"line":728,"column":56}},"loc":{"start":{"line":728,"column":56},"end":{"line":743,"column":null}},"line":728},"20":{"name":"getLowestPrice30Days","decl":{"start":{"line":745,"column":15},"end":{"line":745,"column":36}},"loc":{"start":{"line":745,"column":72},"end":{"line":775,"column":null}},"line":745},"21":{"name":"(anonymous_21)","decl":{"start":{"line":746,"column":36},"end":{"line":746,"column":37}},"loc":{"start":{"line":746,"column":43},"end":{"line":746,"column":61}},"line":746},"22":{"name":"createSale","decl":{"start":{"line":777,"column":22},"end":{"line":777,"column":33}},"loc":{"start":{"line":782,"column":3},"end":{"line":847,"column":null}},"line":782},"23":{"name":"(anonymous_23)","decl":{"start":{"line":785,"column":32},"end":{"line":785,"column":33}},"loc":{"start":{"line":785,"column":39},"end":{"line":785,"column":62}},"line":785},"24":{"name":"endSale","decl":{"start":{"line":849,"column":22},"end":{"line":849,"column":30}},"loc":{"start":{"line":849,"column":46},"end":{"line":875,"column":null}},"line":849},"25":{"name":"getPromoCodes","decl":{"start":{"line":893,"column":22},"end":{"line":893,"column":66}},"loc":{"start":{"line":893,"column":66},"end":{"line":908,"column":null}},"line":893},"26":{"name":"createPromoCode","decl":{"start":{"line":912,"column":22},"end":{"line":912,"column":38}},"loc":{"start":{"line":920,"column":3},"end":{"line":972,"column":null}},"line":920},"27":{"name":"deactivatePromoCode","decl":{"start":{"line":974,"column":22},"end":{"line":974,"column":42}},"loc":{"start":{"line":974,"column":59},"end":{"line":999,"column":null}},"line":974}},"branchMap":{"0":{"loc":{"start":{"line":23,"column":2},"end":{"line":23,"column":null}},"type":"if","locations":[{"start":{"line":23,"column":2},"end":{"line":23,"column":null}},{"start":{},"end":{}}],"line":23},"1":{"loc":{"start":{"line":28,"column":4},"end":{"line":30,"column":null}},"type":"if","locations":[{"start":{"line":28,"column":4},"end":{"line":30,"column":null}},{"start":{},"end":{}}],"line":28},"2":{"loc":{"start":{"line":34,"column":13},"end":{"line":34,"column":null}},"type":"binary-expr","locations":[{"start":{"line":34,"column":13},"end":{"line":34,"column":74}},{"start":{"line":34,"column":74},"end":{"line":34,"column":null}}],"line":34},"3":{"loc":{"start":{"line":36,"column":2},"end":{"line":38,"column":null}},"type":"if","locations":[{"start":{"line":36,"column":2},"end":{"line":38,"column":null}},{"start":{},"end":{}}],"line":36},"4":{"loc":{"start":{"line":36,"column":6},"end":{"line":36,"column":56}},"type":"binary-expr","locations":[{"start":{"line":36,"column":6},"end":{"line":36,"column":18}},{"start":{"line":36,"column":18},"end":{"line":36,"column":56}}],"line":36},"5":{"loc":{"start":{"line":46,"column":2},"end":{"line":53,"column":null}},"type":"if","locations":[{"start":{"line":46,"column":2},"end":{"line":53,"column":null}},{"start":{},"end":{}}],"line":46},"6":{"loc":{"start":{"line":47,"column":4},"end":{"line":51,"column":null}},"type":"if","locations":[{"start":{"line":47,"column":4},"end":{"line":51,"column":null}},{"start":{"line":49,"column":11},"end":{"line":51,"column":null}}],"line":47},"7":{"loc":{"start":{"line":67,"column":2},"end":{"line":67,"column":null}},"type":"if","locations":[{"start":{"line":67,"column":2},"end":{"line":67,"column":null}},{"start":{},"end":{}}],"line":67},"8":{"loc":{"start":{"line":94,"column":23},"end":{"line":94,"column":null}},"type":"cond-expr","locations":[{"start":{"line":94,"column":35},"end":{"line":94,"column":39}},{"start":{"line":94,"column":39},"end":{"line":94,"column":null}}],"line":94},"9":{"loc":{"start":{"line":105,"column":2},"end":{"line":108,"column":null}},"type":"if","locations":[{"start":{"line":105,"column":2},"end":{"line":108,"column":null}},{"start":{},"end":{}}],"line":105},"10":{"loc":{"start":{"line":110,"column":12},"end":{"line":110,"column":null}},"type":"binary-expr","locations":[{"start":{"line":110,"column":12},"end":{"line":110,"column":25}},{"start":{"line":110,"column":25},"end":{"line":110,"column":null}}],"line":110},"11":{"loc":{"start":{"line":120,"column":21},"end":{"line":120,"column":42}},"type":"binary-expr","locations":[{"start":{"line":120,"column":21},"end":{"line":120,"column":39}},{"start":{"line":120,"column":39},"end":{"line":120,"column":42}}],"line":120},"12":{"loc":{"start":{"line":120,"column":51},"end":{"line":120,"column":72}},"type":"binary-expr","locations":[{"start":{"line":120,"column":51},"end":{"line":120,"column":70}},{"start":{"line":120,"column":70},"end":{"line":120,"column":72}}],"line":120},"13":{"loc":{"start":{"line":121,"column":20},"end":{"line":121,"column":40}},"type":"binary-expr","locations":[{"start":{"line":121,"column":20},"end":{"line":121,"column":37}},{"start":{"line":121,"column":37},"end":{"line":121,"column":40}}],"line":121},"14":{"loc":{"start":{"line":121,"column":49},"end":{"line":121,"column":69}},"type":"binary-expr","locations":[{"start":{"line":121,"column":49},"end":{"line":121,"column":67}},{"start":{"line":121,"column":67},"end":{"line":121,"column":69}}],"line":121},"15":{"loc":{"start":{"line":122,"column":21},"end":{"line":122,"column":42}},"type":"binary-expr","locations":[{"start":{"line":122,"column":21},"end":{"line":122,"column":39}},{"start":{"line":122,"column":39},"end":{"line":122,"column":42}}],"line":122},"16":{"loc":{"start":{"line":122,"column":51},"end":{"line":122,"column":72}},"type":"binary-expr","locations":[{"start":{"line":122,"column":51},"end":{"line":122,"column":70}},{"start":{"line":122,"column":70},"end":{"line":122,"column":72}}],"line":122},"17":{"loc":{"start":{"line":123,"column":19},"end":{"line":123,"column":null}},"type":"binary-expr","locations":[{"start":{"line":123,"column":19},"end":{"line":123,"column":39}},{"start":{"line":123,"column":39},"end":{"line":123,"column":null}}],"line":123},"18":{"loc":{"start":{"line":124,"column":22},"end":{"line":124,"column":null}},"type":"binary-expr","locations":[{"start":{"line":124,"column":22},"end":{"line":124,"column":45}},{"start":{"line":124,"column":45},"end":{"line":124,"column":null}}],"line":124},"19":{"loc":{"start":{"line":125,"column":18},"end":{"line":125,"column":null}},"type":"binary-expr","locations":[{"start":{"line":125,"column":18},"end":{"line":125,"column":34}},{"start":{"line":125,"column":34},"end":{"line":125,"column":null}}],"line":125},"20":{"loc":{"start":{"line":206,"column":2},"end":{"line":208,"column":null}},"type":"if","locations":[{"start":{"line":206,"column":2},"end":{"line":208,"column":null}},{"start":{},"end":{}}],"line":206},"21":{"loc":{"start":{"line":206,"column":6},"end":{"line":206,"column":34}},"type":"binary-expr","locations":[{"start":{"line":206,"column":6},"end":{"line":206,"column":16}},{"start":{"line":206,"column":16},"end":{"line":206,"column":34}}],"line":206},"22":{"loc":{"start":{"line":211,"column":2},"end":{"line":213,"column":null}},"type":"if","locations":[{"start":{"line":211,"column":2},"end":{"line":213,"column":null}},{"start":{},"end":{}}],"line":211},"23":{"loc":{"start":{"line":216,"column":2},"end":{"line":218,"column":null}},"type":"if","locations":[{"start":{"line":216,"column":2},"end":{"line":218,"column":null}},{"start":{},"end":{}}],"line":216},"24":{"loc":{"start":{"line":221,"column":2},"end":{"line":232,"column":null}},"type":"if","locations":[{"start":{"line":221,"column":2},"end":{"line":232,"column":null}},{"start":{},"end":{}}],"line":221},"25":{"loc":{"start":{"line":224,"column":4},"end":{"line":231,"column":null}},"type":"if","locations":[{"start":{"line":224,"column":4},"end":{"line":231,"column":null}},{"start":{"line":227,"column":4},"end":{"line":231,"column":null}}],"line":224},"26":{"loc":{"start":{"line":227,"column":4},"end":{"line":231,"column":null}},"type":"if","locations":[{"start":{"line":227,"column":4},"end":{"line":231,"column":null}},{"start":{"line":229,"column":11},"end":{"line":231,"column":null}}],"line":227},"27":{"loc":{"start":{"line":235,"column":2},"end":{"line":241,"column":null}},"type":"if","locations":[{"start":{"line":235,"column":2},"end":{"line":241,"column":null}},{"start":{"line":237,"column":2},"end":{"line":241,"column":null}}],"line":235},"28":{"loc":{"start":{"line":237,"column":2},"end":{"line":241,"column":null}},"type":"if","locations":[{"start":{"line":237,"column":2},"end":{"line":241,"column":null}},{"start":{"line":239,"column":2},"end":{"line":241,"column":null}}],"line":237},"29":{"loc":{"start":{"line":239,"column":2},"end":{"line":241,"column":null}},"type":"if","locations":[{"start":{"line":239,"column":2},"end":{"line":241,"column":null}},{"start":{},"end":{}}],"line":239},"30":{"loc":{"start":{"line":250,"column":15},"end":{"line":250,"column":null}},"type":"binary-expr","locations":[{"start":{"line":250,"column":15},"end":{"line":250,"column":31}},{"start":{"line":250,"column":31},"end":{"line":250,"column":null}}],"line":250},"31":{"loc":{"start":{"line":264,"column":2},"end":{"line":267,"column":null}},"type":"if","locations":[{"start":{"line":264,"column":2},"end":{"line":267,"column":null}},{"start":{},"end":{}}],"line":264},"32":{"loc":{"start":{"line":269,"column":19},"end":{"line":269,"column":31}},"type":"binary-expr","locations":[{"start":{"line":269,"column":19},"end":{"line":269,"column":27}},{"start":{"line":269,"column":27},"end":{"line":269,"column":31}}],"line":269},"33":{"loc":{"start":{"line":269,"column":38},"end":{"line":269,"column":49}},"type":"binary-expr","locations":[{"start":{"line":269,"column":38},"end":{"line":269,"column":47}},{"start":{"line":269,"column":47},"end":{"line":269,"column":49}}],"line":269},"34":{"loc":{"start":{"line":290,"column":4},"end":{"line":293,"column":null}},"type":"if","locations":[{"start":{"line":290,"column":4},"end":{"line":293,"column":null}},{"start":{},"end":{}}],"line":290},"35":{"loc":{"start":{"line":295,"column":21},"end":{"line":295,"column":32}},"type":"binary-expr","locations":[{"start":{"line":295,"column":21},"end":{"line":295,"column":29}},{"start":{"line":295,"column":29},"end":{"line":295,"column":32}}],"line":295},"36":{"loc":{"start":{"line":296,"column":4},"end":{"line":296,"column":null}},"type":"if","locations":[{"start":{"line":296,"column":4},"end":{"line":296,"column":null}},{"start":{},"end":{}}],"line":296},"37":{"loc":{"start":{"line":296,"column":8},"end":{"line":296,"column":42}},"type":"binary-expr","locations":[{"start":{"line":296,"column":8},"end":{"line":296,"column":17}},{"start":{"line":296,"column":17},"end":{"line":296,"column":42}}],"line":296},"38":{"loc":{"start":{"line":326,"column":2},"end":{"line":328,"column":null}},"type":"if","locations":[{"start":{"line":326,"column":2},"end":{"line":328,"column":null}},{"start":{},"end":{}}],"line":326},"39":{"loc":{"start":{"line":331,"column":2},"end":{"line":333,"column":null}},"type":"if","locations":[{"start":{"line":331,"column":2},"end":{"line":333,"column":null}},{"start":{},"end":{}}],"line":331},"40":{"loc":{"start":{"line":336,"column":2},"end":{"line":343,"column":null}},"type":"if","locations":[{"start":{"line":336,"column":2},"end":{"line":343,"column":null}},{"start":{},"end":{}}],"line":336},"41":{"loc":{"start":{"line":338,"column":4},"end":{"line":342,"column":null}},"type":"if","locations":[{"start":{"line":338,"column":4},"end":{"line":342,"column":null}},{"start":{"line":340,"column":11},"end":{"line":342,"column":null}}],"line":338},"42":{"loc":{"start":{"line":352,"column":15},"end":{"line":352,"column":null}},"type":"binary-expr","locations":[{"start":{"line":352,"column":15},"end":{"line":352,"column":31}},{"start":{"line":352,"column":31},"end":{"line":352,"column":null}}],"line":352},"43":{"loc":{"start":{"line":367,"column":2},"end":{"line":370,"column":null}},"type":"if","locations":[{"start":{"line":367,"column":2},"end":{"line":370,"column":null}},{"start":{},"end":{}}],"line":367},"44":{"loc":{"start":{"line":372,"column":22},"end":{"line":372,"column":55}},"type":"binary-expr","locations":[{"start":{"line":372,"column":22},"end":{"line":372,"column":30}},{"start":{"line":372,"column":30},"end":{"line":372,"column":55}}],"line":372},"45":{"loc":{"start":{"line":372,"column":62},"end":{"line":372,"column":73}},"type":"binary-expr","locations":[{"start":{"line":372,"column":62},"end":{"line":372,"column":71}},{"start":{"line":372,"column":71},"end":{"line":372,"column":73}}],"line":372},"46":{"loc":{"start":{"line":394,"column":4},"end":{"line":397,"column":null}},"type":"if","locations":[{"start":{"line":394,"column":4},"end":{"line":397,"column":null}},{"start":{},"end":{}}],"line":394},"47":{"loc":{"start":{"line":399,"column":22},"end":{"line":399,"column":54}},"type":"binary-expr","locations":[{"start":{"line":399,"column":22},"end":{"line":399,"column":30}},{"start":{"line":399,"column":30},"end":{"line":399,"column":54}}],"line":399},"48":{"loc":{"start":{"line":400,"column":4},"end":{"line":400,"column":null}},"type":"if","locations":[{"start":{"line":400,"column":4},"end":{"line":400,"column":null}},{"start":{},"end":{}}],"line":400},"49":{"loc":{"start":{"line":400,"column":8},"end":{"line":400,"column":42}},"type":"binary-expr","locations":[{"start":{"line":400,"column":8},"end":{"line":400,"column":17}},{"start":{"line":400,"column":17},"end":{"line":400,"column":42}}],"line":400},"50":{"loc":{"start":{"line":411,"column":2},"end":{"line":413,"column":null}},"type":"if","locations":[{"start":{"line":411,"column":2},"end":{"line":413,"column":null}},{"start":{},"end":{}}],"line":411},"51":{"loc":{"start":{"line":423,"column":2},"end":{"line":425,"column":null}},"type":"if","locations":[{"start":{"line":423,"column":2},"end":{"line":425,"column":null}},{"start":{},"end":{}}],"line":423},"52":{"loc":{"start":{"line":423,"column":6},"end":{"line":423,"column":22}},"type":"binary-expr","locations":[{"start":{"line":423,"column":6},"end":{"line":423,"column":15}},{"start":{"line":423,"column":15},"end":{"line":423,"column":22}}],"line":423},"53":{"loc":{"start":{"line":446,"column":2},"end":{"line":448,"column":null}},"type":"if","locations":[{"start":{"line":446,"column":2},"end":{"line":448,"column":null}},{"start":{},"end":{}}],"line":446},"54":{"loc":{"start":{"line":450,"column":2},"end":{"line":452,"column":null}},"type":"if","locations":[{"start":{"line":450,"column":2},"end":{"line":452,"column":null}},{"start":{},"end":{}}],"line":450},"55":{"loc":{"start":{"line":450,"column":6},"end":{"line":450,"column":90}},"type":"binary-expr","locations":[{"start":{"line":450,"column":6},"end":{"line":450,"column":34}},{"start":{"line":450,"column":34},"end":{"line":450,"column":53}},{"start":{"line":450,"column":53},"end":{"line":450,"column":90}}],"line":450},"56":{"loc":{"start":{"line":453,"column":2},"end":{"line":455,"column":null}},"type":"if","locations":[{"start":{"line":453,"column":2},"end":{"line":455,"column":null}},{"start":{},"end":{}}],"line":453},"57":{"loc":{"start":{"line":453,"column":6},"end":{"line":453,"column":53}},"type":"binary-expr","locations":[{"start":{"line":453,"column":6},"end":{"line":453,"column":24}},{"start":{"line":453,"column":24},"end":{"line":453,"column":53}}],"line":453},"58":{"loc":{"start":{"line":456,"column":2},"end":{"line":458,"column":null}},"type":"if","locations":[{"start":{"line":456,"column":2},"end":{"line":458,"column":null}},{"start":{},"end":{}}],"line":456},"59":{"loc":{"start":{"line":456,"column":6},"end":{"line":456,"column":62}},"type":"binary-expr","locations":[{"start":{"line":456,"column":6},"end":{"line":456,"column":28}},{"start":{"line":456,"column":28},"end":{"line":456,"column":62}}],"line":456},"60":{"loc":{"start":{"line":469,"column":2},"end":{"line":471,"column":null}},"type":"if","locations":[{"start":{"line":469,"column":2},"end":{"line":471,"column":null}},{"start":{},"end":{}}],"line":469},"61":{"loc":{"start":{"line":469,"column":6},"end":{"line":469,"column":28}},"type":"binary-expr","locations":[{"start":{"line":469,"column":6},"end":{"line":469,"column":20}},{"start":{"line":469,"column":20},"end":{"line":469,"column":28}}],"line":469},"62":{"loc":{"start":{"line":475,"column":2},"end":{"line":477,"column":null}},"type":"if","locations":[{"start":{"line":475,"column":2},"end":{"line":477,"column":null}},{"start":{},"end":{}}],"line":475},"63":{"loc":{"start":{"line":475,"column":6},"end":{"line":475,"column":48}},"type":"binary-expr","locations":[{"start":{"line":475,"column":6},"end":{"line":475,"column":18}},{"start":{"line":475,"column":18},"end":{"line":475,"column":48}}],"line":475},"64":{"loc":{"start":{"line":482,"column":2},"end":{"line":484,"column":null}},"type":"if","locations":[{"start":{"line":482,"column":2},"end":{"line":484,"column":null}},{"start":{},"end":{}}],"line":482},"65":{"loc":{"start":{"line":485,"column":2},"end":{"line":488,"column":null}},"type":"if","locations":[{"start":{"line":485,"column":2},"end":{"line":488,"column":null}},{"start":{},"end":{}}],"line":485},"66":{"loc":{"start":{"line":487,"column":4},"end":{"line":487,"column":null}},"type":"if","locations":[{"start":{"line":487,"column":4},"end":{"line":487,"column":null}},{"start":{},"end":{}}],"line":487},"67":{"loc":{"start":{"line":489,"column":2},"end":{"line":491,"column":null}},"type":"if","locations":[{"start":{"line":489,"column":2},"end":{"line":491,"column":null}},{"start":{},"end":{}}],"line":489},"68":{"loc":{"start":{"line":492,"column":2},"end":{"line":495,"column":null}},"type":"if","locations":[{"start":{"line":492,"column":2},"end":{"line":495,"column":null}},{"start":{},"end":{}}],"line":492},"69":{"loc":{"start":{"line":494,"column":4},"end":{"line":494,"column":null}},"type":"if","locations":[{"start":{"line":494,"column":4},"end":{"line":494,"column":null}},{"start":{},"end":{}}],"line":494},"70":{"loc":{"start":{"line":505,"column":2},"end":{"line":508,"column":null}},"type":"if","locations":[{"start":{"line":505,"column":2},"end":{"line":508,"column":null}},{"start":{},"end":{}}],"line":505},"71":{"loc":{"start":{"line":510,"column":2},"end":{"line":512,"column":null}},"type":"if","locations":[{"start":{"line":510,"column":2},"end":{"line":512,"column":null}},{"start":{},"end":{}}],"line":510},"72":{"loc":{"start":{"line":510,"column":6},"end":{"line":510,"column":40}},"type":"binary-expr","locations":[{"start":{"line":510,"column":6},"end":{"line":510,"column":18}},{"start":{"line":510,"column":18},"end":{"line":510,"column":40}}],"line":510},"73":{"loc":{"start":{"line":515,"column":2},"end":{"line":517,"column":null}},"type":"if","locations":[{"start":{"line":515,"column":2},"end":{"line":517,"column":null}},{"start":{},"end":{}}],"line":515},"74":{"loc":{"start":{"line":520,"column":2},"end":{"line":550,"column":null}},"type":"if","locations":[{"start":{"line":520,"column":2},"end":{"line":550,"column":null}},{"start":{},"end":{}}],"line":520},"75":{"loc":{"start":{"line":520,"column":6},"end":{"line":520,"column":136}},"type":"binary-expr","locations":[{"start":{"line":520,"column":6},"end":{"line":520,"column":35}},{"start":{"line":520,"column":35},"end":{"line":520,"column":69}},{"start":{"line":520,"column":69},"end":{"line":520,"column":92}},{"start":{"line":520,"column":92},"end":{"line":520,"column":113}},{"start":{"line":520,"column":113},"end":{"line":520,"column":136}}],"line":520},"76":{"loc":{"start":{"line":526,"column":6},"end":{"line":546,"column":null}},"type":"if","locations":[{"start":{"line":526,"column":6},"end":{"line":546,"column":null}},{"start":{"line":528,"column":13},"end":{"line":546,"column":null}}],"line":526},"77":{"loc":{"start":{"line":526,"column":10},"end":{"line":526,"column":38}},"type":"binary-expr","locations":[{"start":{"line":526,"column":10},"end":{"line":526,"column":22}},{"start":{"line":526,"column":22},"end":{"line":526,"column":38}}],"line":526},"78":{"loc":{"start":{"line":559,"column":2},"end":{"line":559,"column":null}},"type":"if","locations":[{"start":{"line":559,"column":2},"end":{"line":559,"column":null}},{"start":{},"end":{}}],"line":559},"79":{"loc":{"start":{"line":560,"column":2},"end":{"line":560,"column":null}},"type":"if","locations":[{"start":{"line":560,"column":2},"end":{"line":560,"column":null}},{"start":{},"end":{}}],"line":560},"80":{"loc":{"start":{"line":565,"column":27},"end":{"line":565,"column":48}},"type":"binary-expr","locations":[{"start":{"line":565,"column":27},"end":{"line":565,"column":43}},{"start":{"line":565,"column":43},"end":{"line":565,"column":48}}],"line":565},"81":{"loc":{"start":{"line":568,"column":2},"end":{"line":571,"column":null}},"type":"if","locations":[{"start":{"line":568,"column":2},"end":{"line":571,"column":null}},{"start":{},"end":{}}],"line":568},"82":{"loc":{"start":{"line":580,"column":2},"end":{"line":580,"column":null}},"type":"if","locations":[{"start":{"line":580,"column":2},"end":{"line":580,"column":null}},{"start":{},"end":{}}],"line":580},"83":{"loc":{"start":{"line":589,"column":2},"end":{"line":589,"column":null}},"type":"if","locations":[{"start":{"line":589,"column":2},"end":{"line":589,"column":null}},{"start":{},"end":{}}],"line":589},"84":{"loc":{"start":{"line":589,"column":6},"end":{"line":589,"column":23}},"type":"binary-expr","locations":[{"start":{"line":589,"column":6},"end":{"line":589,"column":15}},{"start":{"line":589,"column":15},"end":{"line":589,"column":23}}],"line":589},"85":{"loc":{"start":{"line":590,"column":2},"end":{"line":590,"column":null}},"type":"if","locations":[{"start":{"line":590,"column":2},"end":{"line":590,"column":null}},{"start":{},"end":{}}],"line":590},"86":{"loc":{"start":{"line":597,"column":2},"end":{"line":602,"column":null}},"type":"if","locations":[{"start":{"line":597,"column":2},"end":{"line":602,"column":null}},{"start":{},"end":{}}],"line":597},"87":{"loc":{"start":{"line":597,"column":6},"end":{"line":597,"column":34}},"type":"binary-expr","locations":[{"start":{"line":597,"column":6},"end":{"line":597,"column":18}},{"start":{"line":597,"column":18},"end":{"line":597,"column":34}}],"line":597},"88":{"loc":{"start":{"line":599,"column":20},"end":{"line":601,"column":33}},"type":"cond-expr","locations":[{"start":{"line":600,"column":8},"end":{"line":600,"column":null}},{"start":{"line":601,"column":8},"end":{"line":601,"column":33}}],"line":599},"89":{"loc":{"start":{"line":611,"column":22},"end":{"line":611,"column":null}},"type":"cond-expr","locations":[{"start":{"line":611,"column":51},"end":{"line":611,"column":89}},{"start":{"line":611,"column":89},"end":{"line":611,"column":null}}],"line":611},"90":{"loc":{"start":{"line":618,"column":11},"end":{"line":618,"column":null}},"type":"binary-expr","locations":[{"start":{"line":618,"column":11},"end":{"line":618,"column":27}},{"start":{"line":618,"column":27},"end":{"line":618,"column":null}}],"line":618},"91":{"loc":{"start":{"line":639,"column":2},"end":{"line":639,"column":null}},"type":"if","locations":[{"start":{"line":639,"column":2},"end":{"line":639,"column":null}},{"start":{},"end":{}}],"line":639},"92":{"loc":{"start":{"line":648,"column":2},"end":{"line":648,"column":null}},"type":"if","locations":[{"start":{"line":648,"column":2},"end":{"line":648,"column":null}},{"start":{},"end":{}}],"line":648},"93":{"loc":{"start":{"line":648,"column":6},"end":{"line":648,"column":23}},"type":"binary-expr","locations":[{"start":{"line":648,"column":6},"end":{"line":648,"column":15}},{"start":{"line":648,"column":15},"end":{"line":648,"column":23}}],"line":648},"94":{"loc":{"start":{"line":652,"column":24},"end":{"line":652,"column":null}},"type":"binary-expr","locations":[{"start":{"line":652,"column":24},"end":{"line":652,"column":48}},{"start":{"line":652,"column":48},"end":{"line":652,"column":null}}],"line":652},"95":{"loc":{"start":{"line":653,"column":15},"end":{"line":653,"column":null}},"type":"cond-expr","locations":[{"start":{"line":653,"column":28},"end":{"line":653,"column":49}},{"start":{"line":653,"column":49},"end":{"line":653,"column":null}}],"line":653},"96":{"loc":{"start":{"line":658,"column":17},"end":{"line":658,"column":null}},"type":"cond-expr","locations":[{"start":{"line":658,"column":38},"end":{"line":658,"column":69}},{"start":{"line":658,"column":69},"end":{"line":658,"column":null}}],"line":658},"97":{"loc":{"start":{"line":663,"column":19},"end":{"line":665,"column":null}},"type":"cond-expr","locations":[{"start":{"line":664,"column":6},"end":{"line":664,"column":null}},{"start":{"line":665,"column":6},"end":{"line":665,"column":null}}],"line":663},"98":{"loc":{"start":{"line":671,"column":2},"end":{"line":671,"column":null}},"type":"if","locations":[{"start":{"line":671,"column":2},"end":{"line":671,"column":null}},{"start":{},"end":{}}],"line":671},"99":{"loc":{"start":{"line":685,"column":26},"end":{"line":685,"column":null}},"type":"cond-expr","locations":[{"start":{"line":685,"column":52},"end":{"line":685,"column":128}},{"start":{"line":685,"column":128},"end":{"line":685,"column":null}}],"line":685},"100":{"loc":{"start":{"line":685,"column":91},"end":{"line":685,"column":123}},"type":"binary-expr","locations":[{"start":{"line":685,"column":91},"end":{"line":685,"column":121}},{"start":{"line":685,"column":121},"end":{"line":685,"column":123}}],"line":685},"101":{"loc":{"start":{"line":686,"column":27},"end":{"line":686,"column":null}},"type":"cond-expr","locations":[{"start":{"line":686,"column":54},"end":{"line":686,"column":132}},{"start":{"line":686,"column":132},"end":{"line":686,"column":null}}],"line":686},"102":{"loc":{"start":{"line":686,"column":94},"end":{"line":686,"column":127}},"type":"binary-expr","locations":[{"start":{"line":686,"column":94},"end":{"line":686,"column":125}},{"start":{"line":686,"column":125},"end":{"line":686,"column":127}}],"line":686},"103":{"loc":{"start":{"line":689,"column":10},"end":{"line":689,"column":null}},"type":"binary-expr","locations":[{"start":{"line":689,"column":10},"end":{"line":689,"column":36}},{"start":{"line":689,"column":36},"end":{"line":689,"column":null}}],"line":689},"104":{"loc":{"start":{"line":737,"column":2},"end":{"line":740,"column":null}},"type":"if","locations":[{"start":{"line":737,"column":2},"end":{"line":740,"column":null}},{"start":{},"end":{}}],"line":737},"105":{"loc":{"start":{"line":742,"column":9},"end":{"line":742,"column":null}},"type":"binary-expr","locations":[{"start":{"line":742,"column":9},"end":{"line":742,"column":17}},{"start":{"line":742,"column":17},"end":{"line":742,"column":null}}],"line":742},"106":{"loc":{"start":{"line":747,"column":2},"end":{"line":747,"column":null}},"type":"if","locations":[{"start":{"line":747,"column":2},"end":{"line":747,"column":null}},{"start":{},"end":{}}],"line":747},"107":{"loc":{"start":{"line":771,"column":21},"end":{"line":771,"column":null}},"type":"binary-expr","locations":[{"start":{"line":771,"column":21},"end":{"line":771,"column":53}},{"start":{"line":771,"column":53},"end":{"line":771,"column":null}}],"line":771},"108":{"loc":{"start":{"line":772,"column":18},"end":{"line":772,"column":null}},"type":"binary-expr","locations":[{"start":{"line":772,"column":18},"end":{"line":772,"column":57}},{"start":{"line":772,"column":57},"end":{"line":772,"column":null}}],"line":772},"109":{"loc":{"start":{"line":786,"column":2},"end":{"line":786,"column":null}},"type":"if","locations":[{"start":{"line":786,"column":2},"end":{"line":786,"column":null}},{"start":{},"end":{}}],"line":786},"110":{"loc":{"start":{"line":788,"column":2},"end":{"line":790,"column":null}},"type":"if","locations":[{"start":{"line":788,"column":2},"end":{"line":790,"column":null}},{"start":{},"end":{}}],"line":788},"111":{"loc":{"start":{"line":788,"column":6},"end":{"line":788,"column":78}},"type":"binary-expr","locations":[{"start":{"line":788,"column":6},"end":{"line":788,"column":50}},{"start":{"line":788,"column":50},"end":{"line":788,"column":78}}],"line":788},"112":{"loc":{"start":{"line":792,"column":2},"end":{"line":796,"column":null}},"type":"if","locations":[{"start":{"line":792,"column":2},"end":{"line":796,"column":null}},{"start":{},"end":{}}],"line":792},"113":{"loc":{"start":{"line":798,"column":2},"end":{"line":806,"column":null}},"type":"if","locations":[{"start":{"line":798,"column":2},"end":{"line":806,"column":null}},{"start":{},"end":{}}],"line":798},"114":{"loc":{"start":{"line":800,"column":4},"end":{"line":802,"column":null}},"type":"if","locations":[{"start":{"line":800,"column":4},"end":{"line":802,"column":null}},{"start":{},"end":{}}],"line":800},"115":{"loc":{"start":{"line":803,"column":4},"end":{"line":805,"column":null}},"type":"if","locations":[{"start":{"line":803,"column":4},"end":{"line":805,"column":null}},{"start":{},"end":{}}],"line":803},"116":{"loc":{"start":{"line":820,"column":2},"end":{"line":823,"column":null}},"type":"if","locations":[{"start":{"line":820,"column":2},"end":{"line":823,"column":null}},{"start":{},"end":{}}],"line":820},"117":{"loc":{"start":{"line":835,"column":15},"end":{"line":835,"column":null}},"type":"binary-expr","locations":[{"start":{"line":835,"column":15},"end":{"line":835,"column":32}},{"start":{"line":835,"column":20},"end":{"line":835,"column":null}}],"line":835},"118":{"loc":{"start":{"line":836,"column":13},"end":{"line":836,"column":null}},"type":"binary-expr","locations":[{"start":{"line":836,"column":13},"end":{"line":836,"column":28}},{"start":{"line":836,"column":28},"end":{"line":836,"column":null}}],"line":836},"119":{"loc":{"start":{"line":840,"column":2},"end":{"line":843,"column":null}},"type":"if","locations":[{"start":{"line":840,"column":2},"end":{"line":843,"column":null}},{"start":{},"end":{}}],"line":840},"120":{"loc":{"start":{"line":853,"column":2},"end":{"line":853,"column":null}},"type":"if","locations":[{"start":{"line":853,"column":2},"end":{"line":853,"column":null}},{"start":{},"end":{}}],"line":853},"121":{"loc":{"start":{"line":864,"column":2},"end":{"line":867,"column":null}},"type":"if","locations":[{"start":{"line":864,"column":2},"end":{"line":867,"column":null}},{"start":{},"end":{}}],"line":864},"122":{"loc":{"start":{"line":869,"column":2},"end":{"line":871,"column":null}},"type":"if","locations":[{"start":{"line":869,"column":2},"end":{"line":871,"column":null}},{"start":{},"end":{}}],"line":869},"123":{"loc":{"start":{"line":869,"column":6},"end":{"line":869,"column":40}},"type":"binary-expr","locations":[{"start":{"line":869,"column":6},"end":{"line":869,"column":18}},{"start":{"line":869,"column":18},"end":{"line":869,"column":40}}],"line":869},"124":{"loc":{"start":{"line":902,"column":2},"end":{"line":905,"column":null}},"type":"if","locations":[{"start":{"line":902,"column":2},"end":{"line":905,"column":null}},{"start":{},"end":{}}],"line":902},"125":{"loc":{"start":{"line":907,"column":9},"end":{"line":907,"column":null}},"type":"binary-expr","locations":[{"start":{"line":907,"column":9},"end":{"line":907,"column":17}},{"start":{"line":907,"column":17},"end":{"line":907,"column":null}}],"line":907},"126":{"loc":{"start":{"line":924,"column":2},"end":{"line":926,"column":null}},"type":"if","locations":[{"start":{"line":924,"column":2},"end":{"line":926,"column":null}},{"start":{},"end":{}}],"line":924},"127":{"loc":{"start":{"line":928,"column":2},"end":{"line":930,"column":null}},"type":"if","locations":[{"start":{"line":928,"column":2},"end":{"line":930,"column":null}},{"start":{},"end":{}}],"line":928},"128":{"loc":{"start":{"line":928,"column":6},"end":{"line":928,"column":74}},"type":"binary-expr","locations":[{"start":{"line":928,"column":6},"end":{"line":928,"column":48}},{"start":{"line":928,"column":48},"end":{"line":928,"column":74}}],"line":928},"129":{"loc":{"start":{"line":932,"column":2},"end":{"line":934,"column":null}},"type":"if","locations":[{"start":{"line":932,"column":2},"end":{"line":934,"column":null}},{"start":{},"end":{}}],"line":932},"130":{"loc":{"start":{"line":932,"column":6},"end":{"line":932,"column":72}},"type":"binary-expr","locations":[{"start":{"line":932,"column":6},"end":{"line":932,"column":45}},{"start":{"line":932,"column":45},"end":{"line":932,"column":72}}],"line":932},"131":{"loc":{"start":{"line":936,"column":2},"end":{"line":938,"column":null}},"type":"if","locations":[{"start":{"line":936,"column":2},"end":{"line":938,"column":null}},{"start":{},"end":{}}],"line":936},"132":{"loc":{"start":{"line":940,"column":2},"end":{"line":942,"column":null}},"type":"if","locations":[{"start":{"line":940,"column":2},"end":{"line":942,"column":null}},{"start":{},"end":{}}],"line":940},"133":{"loc":{"start":{"line":940,"column":6},"end":{"line":940,"column":52}},"type":"binary-expr","locations":[{"start":{"line":940,"column":6},"end":{"line":940,"column":32}},{"start":{"line":940,"column":32},"end":{"line":940,"column":52}}],"line":940},"134":{"loc":{"start":{"line":944,"column":2},"end":{"line":948,"column":null}},"type":"if","locations":[{"start":{"line":944,"column":2},"end":{"line":948,"column":null}},{"start":{},"end":{}}],"line":944},"135":{"loc":{"start":{"line":946,"column":4},"end":{"line":946,"column":null}},"type":"if","locations":[{"start":{"line":946,"column":4},"end":{"line":946,"column":null}},{"start":{},"end":{}}],"line":946},"136":{"loc":{"start":{"line":947,"column":4},"end":{"line":947,"column":null}},"type":"if","locations":[{"start":{"line":947,"column":4},"end":{"line":947,"column":null}},{"start":{},"end":{}}],"line":947},"137":{"loc":{"start":{"line":958,"column":15},"end":{"line":958,"column":null}},"type":"binary-expr","locations":[{"start":{"line":958,"column":15},"end":{"line":958,"column":33}},{"start":{"line":958,"column":21},"end":{"line":958,"column":null}}],"line":958},"138":{"loc":{"start":{"line":959,"column":13},"end":{"line":959,"column":null}},"type":"binary-expr","locations":[{"start":{"line":959,"column":13},"end":{"line":959,"column":29}},{"start":{"line":959,"column":29},"end":{"line":959,"column":null}}],"line":959},"139":{"loc":{"start":{"line":963,"column":2},"end":{"line":969,"column":null}},"type":"if","locations":[{"start":{"line":963,"column":2},"end":{"line":969,"column":null}},{"start":{},"end":{}}],"line":963},"140":{"loc":{"start":{"line":964,"column":4},"end":{"line":966,"column":null}},"type":"if","locations":[{"start":{"line":964,"column":4},"end":{"line":966,"column":null}},{"start":{},"end":{}}],"line":964},"141":{"loc":{"start":{"line":978,"column":2},"end":{"line":978,"column":null}},"type":"if","locations":[{"start":{"line":978,"column":2},"end":{"line":978,"column":null}},{"start":{},"end":{}}],"line":978},"142":{"loc":{"start":{"line":989,"column":2},"end":{"line":992,"column":null}},"type":"if","locations":[{"start":{"line":989,"column":2},"end":{"line":992,"column":null}},{"start":{},"end":{}}],"line":989},"143":{"loc":{"start":{"line":994,"column":2},"end":{"line":996,"column":null}},"type":"if","locations":[{"start":{"line":994,"column":2},"end":{"line":996,"column":null}},{"start":{},"end":{}}],"line":994},"144":{"loc":{"start":{"line":994,"column":6},"end":{"line":994,"column":40}},"type":"binary-expr","locations":[{"start":{"line":994,"column":6},"end":{"line":994,"column":18}},{"start":{"line":994,"column":18},"end":{"line":994,"column":40}}],"line":994}},"s":{"0":1,"1":1,"2":1,"3":1,"4":13,"5":13,"6":1,"7":12,"8":12,"9":25,"10":0,"11":12,"12":12,"13":13,"14":13,"15":2,"16":10,"17":10,"18":10,"19":10,"20":9,"21":6,"22":3,"23":9,"24":1,"25":1,"26":1,"27":1,"28":1,"29":97,"30":97,"31":17,"32":3,"33":2,"34":2,"35":2,"36":2,"37":2,"38":3,"39":3,"40":3,"41":2,"42":1,"43":1,"44":1,"45":3,"46":1,"47":1,"48":0,"49":9,"50":9,"51":1,"52":9,"53":9,"54":0,"55":9,"56":9,"57":0,"58":9,"59":9,"60":0,"61":0,"62":0,"63":0,"64":0,"65":0,"66":0,"67":0,"68":9,"69":9,"70":0,"71":9,"72":0,"73":9,"74":0,"75":9,"76":6,"77":5,"78":5,"79":6,"80":6,"81":6,"82":6,"83":6,"84":5,"85":1,"86":1,"87":4,"88":4,"89":3,"90":3,"91":3,"92":3,"93":3,"94":4,"95":4,"96":4,"97":4,"98":1,"99":1,"100":3,"101":4,"102":2,"103":1,"104":2,"105":4,"106":4,"107":0,"108":4,"109":4,"110":0,"111":4,"112":4,"113":0,"114":0,"115":0,"116":0,"117":4,"118":3,"119":2,"120":2,"121":3,"122":3,"123":3,"124":3,"125":3,"126":2,"127":1,"128":1,"129":1,"130":3,"131":2,"132":2,"133":2,"134":2,"135":2,"136":2,"137":2,"138":2,"139":2,"140":1,"141":1,"142":1,"143":2,"144":1,"145":0,"146":1,"147":6,"148":5,"149":5,"150":3,"151":2,"152":2,"153":2,"154":1,"155":1,"156":1,"157":16,"158":15,"159":15,"160":1,"161":14,"162":3,"163":11,"164":1,"165":10,"166":1,"167":9,"168":9,"169":9,"170":1,"171":8,"172":8,"173":2,"174":6,"175":6,"176":6,"177":1,"178":6,"179":2,"180":2,"181":2,"182":6,"183":1,"184":6,"185":2,"186":2,"187":1,"188":6,"189":6,"190":0,"191":0,"192":6,"193":0,"194":6,"195":2,"196":6,"197":0,"198":0,"199":0,"200":0,"201":0,"202":0,"203":0,"204":0,"205":6,"206":5,"207":4,"208":4,"209":1,"210":3,"211":3,"212":2,"213":2,"214":2,"215":0,"216":0,"217":2,"218":6,"219":5,"220":5,"221":1,"222":4,"223":4,"224":4,"225":1,"226":3,"227":3,"228":2,"229":2,"230":1,"231":1,"232":1,"233":1,"234":6,"235":6,"236":1,"237":1,"238":4,"239":3,"240":3,"241":1,"242":2,"243":2,"244":2,"245":0,"246":2,"247":2,"248":2,"249":4,"250":4,"251":2,"252":4,"253":2,"254":2,"255":0,"256":0,"257":0,"258":0,"259":0,"260":0,"261":2,"262":2,"263":0,"264":2,"265":1,"266":1,"267":1,"268":0,"269":0,"270":1,"271":1,"272":1,"273":1,"274":0,"275":1,"276":1,"277":1,"278":1,"279":1,"280":1,"281":1,"282":1,"283":10,"284":9,"285":11,"286":9,"287":1,"288":8,"289":3,"290":5,"291":2,"292":3,"293":2,"294":2,"295":1,"296":1,"297":1,"298":1,"299":1,"300":1,"301":1,"302":0,"303":0,"304":1,"305":1,"306":1,"307":0,"308":0,"309":1,"310":1,"311":4,"312":3,"313":3,"314":1,"315":2,"316":2,"317":2,"318":0,"319":0,"320":2,"321":1,"322":1,"323":1,"324":2,"325":1,"326":1,"327":1,"328":0,"329":0,"330":1,"331":1,"332":17,"333":16,"334":16,"335":3,"336":13,"337":2,"338":11,"339":1,"340":10,"341":1,"342":9,"343":2,"344":7,"345":1,"346":1,"347":0,"348":1,"349":1,"350":6,"351":6,"352":6,"353":2,"354":1,"355":1,"356":1,"357":4,"358":6,"359":4,"360":4,"361":4,"362":2,"363":2,"364":2,"365":0,"366":0,"367":2,"368":1,"369":1},"f":{"0":13,"1":1,"2":97,"3":3,"4":0,"5":9,"6":6,"7":4,"8":4,"9":3,"10":3,"11":6,"12":16,"13":5,"14":6,"15":4,"16":2,"17":0,"18":0,"19":2,"20":1,"21":1,"22":10,"23":11,"24":4,"25":2,"26":17,"27":6},"b":{"0":[1,12],"1":[0,25],"2":[12,0],"3":[2,11],"4":[13,8],"5":[9,1],"6":[6,3],"7":[17,80],"8":[2,0],"9":[1,1],"10":[1,0],"11":[1,0],"12":[3,0],"13":[3,0],"14":[3,0],"15":[3,0],"16":[3,0],"17":[3,0],"18":[3,0],"19":[3,0],"20":[1,8],"21":[9,2],"22":[0,9],"23":[0,9],"24":[0,9],"25":[0,0],"26":[0,0],"27":[0,9],"28":[0,9],"29":[0,9],"30":[5,5],"31":[1,4],"32":[4,1],"33":[6,0],"34":[1,3],"35":[3,0],"36":[2,2],"37":[4,3],"38":[0,4],"39":[0,4],"40":[0,4],"41":[0,0],"42":[2,2],"43":[1,1],"44":[1,0],"45":[3,0],"46":[1,1],"47":[1,0],"48":[1,1],"49":[2,1],"50":[3,2],"51":[1,1],"52":[2,1],"53":[1,14],"54":[3,11],"55":[14,6,4],"56":[1,10],"57":[11,3],"58":[1,9],"59":[10,2],"60":[1,8],"61":[9,8],"62":[2,6],"63":[8,7],"64":[1,5],"65":[2,4],"66":[2,0],"67":[1,5],"68":[2,4],"69":[1,1],"70":[0,6],"71":[0,6],"72":[6,6],"73":[2,4],"74":[0,6],"75":[6,1,0,0,0],"76":[0,0],"77":[0,0],"78":[1,3],"79":[1,2],"80":[2,1],"81":[0,2],"82":[1,4],"83":[1,3],"84":[4,3],"85":[1,2],"86":[1,1],"87":[2,1],"88":[0,1],"89":[1,0],"90":[6,0],"91":[1,2],"92":[0,2],"93":[2,2],"94":[2,1],"95":[1,1],"96":[1,1],"97":[1,1],"98":[2,0],"99":[0,0],"100":[0,0],"101":[0,0],"102":[0,0],"103":[2,0],"104":[0,1],"105":[1,0],"106":[0,1],"107":[1,1],"108":[1,1],"109":[1,8],"110":[3,5],"111":[8,7],"112":[2,3],"113":[2,1],"114":[1,1],"115":[1,0],"116":[0,1],"117":[1,1],"118":[10,1],"119":[0,1],"120":[1,2],"121":[0,2],"122":[1,1],"123":[2,2],"124":[0,1],"125":[1,0],"126":[3,13],"127":[2,11],"128":[13,13],"129":[1,10],"130":[11,10],"131":[1,9],"132":[2,7],"133":[9,2],"134":[1,6],"135":[0,1],"136":[1,0],"137":[6,6],"138":[17,6],"139":[2,4],"140":[1,1],"141":[2,2],"142":[0,2],"143":[1,1],"144":[2,2]},"meta":{"lastBranch":145,"lastFunction":28,"lastStatement":370,"seen":{"s:13:44:13:Infinity":0,"s:17:27:17:Infinity":1,"s:18:29:18:Infinity":2,"s:19:22:19:Infinity":3,"f:21:22:21:33":0,"s:22:19:22:Infinity":4,"b:23:2:23:Infinity:undefined:undefined:undefined:undefined":0,"s:23:2:23:Infinity":5,"s:23:17:23:Infinity":6,"s:26:14:26:Infinity":7,"s:27:2:31:Infinity":8,"b:28:4:30:Infinity:undefined:undefined:undefined:undefined":1,"s:28:4:30:Infinity":9,"s:29:6:29:Infinity":10,"s:33:22:33:Infinity":11,"s:34:13:34:Infinity":12,"b:34:13:34:74:34:74:34:Infinity":2,"s:35:19:35:Infinity":13,"b:36:2:38:Infinity:undefined:undefined:undefined:undefined":3,"s:36:2:38:Infinity":14,"b:36:6:36:18:36:18:36:56":4,"s:37:4:37:Infinity":15,"s:42:23:42:Infinity":16,"s:43:23:43:Infinity":17,"s:44:16:44:Infinity":18,"b:46:2:53:Infinity:undefined:undefined:undefined:undefined":5,"s:46:2:53:Infinity":19,"b:47:4:51:Infinity:49:11:51:Infinity":6,"s:47:4:51:Infinity":20,"s:48:6:48:Infinity":21,"s:50:6:50:Infinity":22,"s:52:4:52:Infinity":23,"s:55:2:55:Infinity":24,"s:56:2:56:Infinity":25,"s:57:2:57:Infinity":26,"f:60:22:60:36":1,"s:61:2:61:Infinity":27,"s:62:2:62:Infinity":28,"f:65:15:65:30":2,"s:66:16:66:Infinity":29,"b:67:2:67:Infinity:undefined:undefined:undefined:undefined":7,"s:67:2:67:Infinity":30,"s:67:14:67:Infinity":31,"f:87:22:87:67":3,"s:88:2:88:Infinity":32,"s:89:19:89:Infinity":33,"s:91:14:91:Infinity":34,"s:92:21:92:Infinity":35,"s:93:14:93:Infinity":36,"s:94:23:94:Infinity":37,"b:94:35:94:39:94:39:94:Infinity":8,"s:95:20:95:Infinity":38,"s:96:21:96:Infinity":39,"s:99:49:103:Infinity":40,"b:105:2:108:Infinity:undefined:undefined:undefined:undefined":9,"s:105:2:108:Infinity":41,"s:106:4:106:Infinity":42,"s:107:4:107:Infinity":43,"s:110:12:110:Infinity":44,"b:110:12:110:25:110:25:110:Infinity":10,"s:113:33:117:Infinity":45,"s:119:2:126:Infinity":46,"b:120:21:120:39:120:39:120:42":11,"b:120:51:120:70:120:70:120:72":12,"b:121:20:121:37:121:37:121:40":13,"b:121:49:121:67:121:67:121:69":14,"b:122:21:122:39:122:39:122:42":15,"b:122:51:122:70:122:70:122:72":16,"b:123:19:123:39:123:39:123:Infinity":17,"b:124:22:124:45:124:45:124:Infinity":18,"b:125:18:125:34:125:34:125:Infinity":19,"s:197:25:197:Infinity":47,"f:199:9:199:21":4,"s:200:2:200:Infinity":48,"f:204:9:204:27":5,"s:205:17:205:Infinity":49,"b:206:2:208:Infinity:undefined:undefined:undefined:undefined":20,"s:206:2:208:Infinity":50,"b:206:6:206:16:206:16:206:34":21,"s:207:4:207:Infinity":51,"s:210:19:210:Infinity":52,"b:211:2:213:Infinity:undefined:undefined:undefined:undefined":22,"s:211:2:213:Infinity":53,"s:212:4:212:Infinity":54,"s:215:17:215:Infinity":55,"b:216:2:218:Infinity:undefined:undefined:undefined:undefined":23,"s:216:2:218:Infinity":56,"s:217:4:217:Infinity":57,"s:220:17:220:Infinity":58,"b:221:2:232:Infinity:undefined:undefined:undefined:undefined":24,"s:221:2:232:Infinity":59,"s:222:20:222:Infinity":60,"s:223:23:223:Infinity":61,"b:224:4:231:Infinity:227:4:231:Infinity":25,"s:224:4:231:Infinity":62,"s:225:22:225:Infinity":63,"s:226:6:226:Infinity":64,"b:227:4:231:Infinity:229:11:231:Infinity":26,"s:227:4:231:Infinity":65,"s:228:6:228:Infinity":66,"s:230:6:230:Infinity":67,"s:234:24:234:Infinity":68,"b:235:2:241:Infinity:237:2:241:Infinity":27,"s:235:2:241:Infinity":69,"s:236:4:236:Infinity":70,"b:237:2:241:Infinity:239:2:241:Infinity":28,"s:237:2:241:Infinity":71,"s:238:4:238:Infinity":72,"b:239:2:241:Infinity:undefined:undefined:undefined:undefined":29,"s:239:2:241:Infinity":73,"s:240:4:240:Infinity":74,"s:243:2:243:Infinity":75,"f:246:22:246:32":6,"s:247:2:247:Infinity":76,"s:248:19:248:Infinity":77,"s:250:15:250:Infinity":78,"b:250:15:250:31:250:31:250:Infinity":30,"s:251:15:251:Infinity":79,"s:252:13:252:Infinity":80,"s:254:14:258:Infinity":81,"s:260:2:260:Infinity":82,"s:262:33:262:Infinity":83,"b:264:2:267:Infinity:undefined:undefined:undefined:undefined":31,"s:264:2:267:Infinity":84,"s:265:4:265:Infinity":85,"s:266:4:266:Infinity":86,"s:269:2:269:Infinity":87,"b:269:19:269:27:269:27:269:31":32,"b:269:38:269:47:269:47:269:49":33,"f:272:22:272:35":7,"s:273:2:273:Infinity":88,"s:274:19:274:Infinity":89,"s:276:34:276:Infinity":90,"s:277:13:277:Infinity":91,"s:278:20:278:Infinity":92,"s:280:2:298:Infinity":93,"s:281:16:285:Infinity":94,"s:287:4:287:Infinity":95,"s:289:28:289:Infinity":96,"b:290:4:293:Infinity:undefined:undefined:undefined:undefined":34,"s:290:4:293:Infinity":97,"s:291:6:291:Infinity":98,"s:292:6:292:Infinity":99,"s:295:4:295:Infinity":100,"b:295:21:295:29:295:29:295:32":35,"b:296:4:296:Infinity:undefined:undefined:undefined:undefined":36,"s:296:4:296:Infinity":101,"b:296:8:296:17:296:17:296:42":37,"s:296:42:296:Infinity":102,"s:297:4:297:Infinity":103,"s:300:2:300:Infinity":104,"f:324:9:324:29":8,"s:325:19:325:Infinity":105,"b:326:2:328:Infinity:undefined:undefined:undefined:undefined":38,"s:326:2:328:Infinity":106,"s:327:4:327:Infinity":107,"s:330:17:330:Infinity":108,"b:331:2:333:Infinity:undefined:undefined:undefined:undefined":39,"s:331:2:333:Infinity":109,"s:332:4:332:Infinity":110,"s:335:17:335:Infinity":111,"b:336:2:343:Infinity:undefined:undefined:undefined:undefined":40,"s:336:2:343:Infinity":112,"s:337:20:337:Infinity":113,"b:338:4:342:Infinity:340:11:342:Infinity":41,"s:338:4:342:Infinity":114,"s:339:6:339:Infinity":115,"s:341:6:341:Infinity":116,"s:345:2:345:Infinity":117,"f:348:22:348:34":9,"s:349:2:349:Infinity":118,"s:350:19:350:Infinity":119,"s:352:15:352:Infinity":120,"b:352:15:352:31:352:31:352:Infinity":42,"s:353:15:353:Infinity":121,"s:354:13:354:Infinity":122,"s:356:14:361:Infinity":123,"s:363:2:363:Infinity":124,"s:365:33:365:Infinity":125,"b:367:2:370:Infinity:undefined:undefined:undefined:undefined":43,"s:367:2:370:Infinity":126,"s:368:4:368:Infinity":127,"s:369:4:369:Infinity":128,"s:372:2:372:Infinity":129,"b:372:22:372:30:372:30:372:55":44,"b:372:62:372:71:372:71:372:73":45,"f:375:22:375:37":10,"s:376:2:376:Infinity":130,"s:377:19:377:Infinity":131,"s:379:36:379:Infinity":132,"s:380:13:380:Infinity":133,"s:381:20:381:Infinity":134,"s:383:2:402:Infinity":135,"s:384:16:389:Infinity":136,"s:391:4:391:Infinity":137,"s:393:28:393:Infinity":138,"b:394:4:397:Infinity:undefined:undefined:undefined:undefined":46,"s:394:4:397:Infinity":139,"s:395:6:395:Infinity":140,"s:396:6:396:Infinity":141,"s:399:4:399:Infinity":142,"b:399:22:399:30:399:30:399:54":47,"b:400:4:400:Infinity:undefined:undefined:undefined:undefined":48,"s:400:4:400:Infinity":143,"b:400:8:400:17:400:17:400:42":49,"s:400:42:400:Infinity":144,"s:401:4:401:Infinity":145,"s:404:2:404:Infinity":146,"f:407:22:407:31":11,"s:408:2:408:Infinity":147,"s:410:20:410:Infinity":148,"b:411:2:413:Infinity:undefined:undefined:undefined:undefined":50,"s:411:2:413:Infinity":149,"s:412:4:412:Infinity":150,"s:415:19:415:Infinity":151,"s:417:26:421:Infinity":152,"b:423:2:425:Infinity:undefined:undefined:undefined:undefined":51,"s:423:2:425:Infinity":153,"b:423:6:423:15:423:15:423:22":52,"s:424:4:424:Infinity":154,"s:427:2:427:Infinity":155,"s:431:52:435:Infinity":156,"f:437:22:437:Infinity":12,"s:443:2:443:Infinity":157,"s:445:20:445:Infinity":158,"b:446:2:448:Infinity:undefined:undefined:undefined:undefined":53,"s:446:2:448:Infinity":159,"s:447:4:447:Infinity":160,"b:450:2:452:Infinity:undefined:undefined:undefined:undefined":54,"s:450:2:452:Infinity":161,"b:450:6:450:34:450:34:450:53:450:53:450:90":55,"s:451:4:451:Infinity":162,"b:453:2:455:Infinity:undefined:undefined:undefined:undefined":56,"s:453:2:455:Infinity":163,"b:453:6:453:24:453:24:453:53":57,"s:454:4:454:Infinity":164,"b:456:2:458:Infinity:undefined:undefined:undefined:undefined":58,"s:456:2:458:Infinity":165,"b:456:6:456:28:456:28:456:62":59,"s:457:4:457:Infinity":166,"s:460:19:460:Infinity":167,"s:463:45:467:Infinity":168,"b:469:2:471:Infinity:undefined:undefined:undefined:undefined":60,"s:469:2:471:Infinity":169,"b:469:6:469:20:469:20:469:28":61,"s:470:4:470:Infinity":170,"s:474:18:474:Infinity":171,"b:475:2:477:Infinity:undefined:undefined:undefined:undefined":62,"s:475:2:477:Infinity":172,"b:475:6:475:18:475:18:475:48":63,"s:476:4:476:Infinity":173,"s:480:8:480:Infinity":174,"s:481:46:481:Infinity":175,"b:482:2:484:Infinity:undefined:undefined:undefined:undefined":64,"s:482:2:484:Infinity":176,"s:483:4:483:Infinity":177,"b:485:2:488:Infinity:undefined:undefined:undefined:undefined":65,"s:485:2:488:Infinity":178,"s:486:4:486:Infinity":179,"b:487:4:487:Infinity:undefined:undefined:undefined:undefined":66,"s:487:4:487:Infinity":180,"s:487:24:487:Infinity":181,"b:489:2:491:Infinity:undefined:undefined:undefined:undefined":67,"s:489:2:491:Infinity":182,"s:490:4:490:Infinity":183,"b:492:2:495:Infinity:undefined:undefined:undefined:undefined":68,"s:492:2:495:Infinity":184,"s:493:4:493:Infinity":185,"b:494:4:494:Infinity:undefined:undefined:undefined:undefined":69,"s:494:4:494:Infinity":186,"s:494:28:494:Infinity":187,"s:498:48:503:Infinity":188,"b:505:2:508:Infinity:undefined:undefined:undefined:undefined":70,"s:505:2:508:Infinity":189,"s:506:4:506:Infinity":190,"s:507:4:507:Infinity":191,"b:510:2:512:Infinity:undefined:undefined:undefined:undefined":71,"s:510:2:512:Infinity":192,"b:510:6:510:18:510:18:510:40":72,"s:511:4:511:Infinity":193,"b:515:
[...]
,"/Users/sgrueva/pbars/lib/speedy.ts": {"path":"/Users/sgrueva/pbars/lib/speedy.ts","statementMap":{"0":{"start":{"line":3,"column":23},"end":{"line":3,"column":null}},"1":{"start":{"line":4,"column":24},"end":{"line":4,"column":null}},"2":{"start":{"line":5,"column":24},"end":{"line":5,"column":null}},"3":{"start":{"line":29,"column":40},"end":{"line":34,"column":null}},"4":{"start":{"line":35,"column":2},"end":{"line":35,"column":null}},"5":{"start":{"line":35,"column":16},"end":{"line":35,"column":null}},"6":{"start":{"line":37,"column":21},"end":{"line":37,"column":null}},"7":{"start":{"line":38,"column":18},"end":{"line":38,"column":null}},"8":{"start":{"line":38,"column":35},"end":{"line":38,"column":55}},"9":{"start":{"line":41,"column":2},"end":{"line":59,"column":null}},"10":{"start":{"line":42,"column":4},"end":{"line":51,"column":null}},"11":{"start":{"line":53,"column":4},"end":{"line":55,"column":null}},"12":{"start":{"line":54,"column":6},"end":{"line":54,"column":null}},"13":{"start":{"line":56,"column":4},"end":{"line":56,"column":null}},"14":{"start":{"line":58,"column":4},"end":{"line":58,"column":null}},"15":{"start":{"line":61,"column":2},"end":{"line":63,"column":null}},"16":{"start":{"line":62,"column":4},"end":{"line":62,"column":null}},"17":{"start":{"line":65,"column":15},"end":{"line":65,"column":null}},"18":{"start":{"line":67,"column":2},"end":{"line":69,"column":null}},"19":{"start":{"line":68,"column":4},"end":{"line":68,"column":null}},"20":{"start":{"line":71,"column":2},"end":{"line":71,"column":null}}},"fnMap":{"0":{"name":"getOffices","decl":{"start":{"line":28,"column":22},"end":{"line":28,"column":33}},"loc":{"start":{"line":28,"column":77},"end":{"line":72,"column":null}},"line":28},"1":{"name":"(anonymous_1)","decl":{"start":{"line":38,"column":29},"end":{"line":38,"column":35}},"loc":{"start":{"line":38,"column":35},"end":{"line":38,"column":55}},"line":38}},"branchMap":{"0":{"loc":{"start":{"line":3,"column":23},"end":{"line":3,"column":null}},"type":"binary-expr","locations":[{"start":{"line":3,"column":23},"end":{"line":3,"column":53}},{"start":{"line":3,"column":53},"end":{"line":3,"column":null}}],"line":3},"1":{"loc":{"start":{"line":4,"column":24},"end":{"line":4,"column":null}},"type":"binary-expr","locations":[{"start":{"line":4,"column":24},"end":{"line":4,"column":55}},{"start":{"line":4,"column":55},"end":{"line":4,"column":null}}],"line":4},"2":{"loc":{"start":{"line":5,"column":24},"end":{"line":5,"column":null}},"type":"binary-expr","locations":[{"start":{"line":5,"column":24},"end":{"line":5,"column":55}},{"start":{"line":5,"column":55},"end":{"line":5,"column":null}}],"line":5},"3":{"loc":{"start":{"line":35,"column":2},"end":{"line":35,"column":null}},"type":"if","locations":[{"start":{"line":35,"column":2},"end":{"line":35,"column":null}},{"start":{},"end":{}}],"line":35},"4":{"loc":{"start":{"line":53,"column":4},"end":{"line":55,"column":null}},"type":"if","locations":[{"start":{"line":53,"column":4},"end":{"line":55,"column":null}},{"start":{},"end":{}}],"line":53},"5":{"loc":{"start":{"line":53,"column":8},"end":{"line":53,"column":66}},"type":"binary-expr","locations":[{"start":{"line":53,"column":8},"end":{"line":53,"column":39}},{"start":{"line":53,"column":39},"end":{"line":53,"column":66}}],"line":53},"6":{"loc":{"start":{"line":61,"column":2},"end":{"line":63,"column":null}},"type":"if","locations":[{"start":{"line":61,"column":2},"end":{"line":63,"column":null}},{"start":{},"end":{}}],"line":61},"7":{"loc":{"start":{"line":67,"column":2},"end":{"line":69,"column":null}},"type":"if","locations":[{"start":{"line":67,"column":2},"end":{"line":69,"column":null}},{"start":{},"end":{}}],"line":67},"8":{"loc":{"start":{"line":68,"column":41},"end":{"line":68,"column":78}},"type":"binary-expr","locations":[{"start":{"line":68,"column":41},"end":{"line":68,"column":63}},{"start":{"line":68,"column":63},"end":{"line":68,"column":78}}],"line":68},"9":{"loc":{"start":{"line":71,"column":9},"end":{"line":71,"column":null}},"type":"binary-expr","locations":[{"start":{"line":71,"column":9},"end":{"line":71,"column":25}},{"start":{"line":71,"column":25},"end":{"line":71,"column":null}}],"line":71}},"s":{"0":1,"1":1,"2":1,"3":11,"4":11,"5":1,"6":11,"7":11,"8":0,"9":11,"10":11,"11":1,"12":0,"13":1,"14":11,"15":10,"16":1,"17":9,"18":9,"19":1,"20":8},"f":{"0":11,"1":0},"b":{"0":[1,0],"1":[1,0],"2":[1,0],"3":[1,10],"4":[0,1],"5":[1,0],"6":[1,9],"7":[1,8],"8":[1,0],"9":[8,1]},"meta":{"lastBranch":10,"lastFunction":2,"lastStatement":21,"seen":{"s:3:23:3:Infinity":0,"b:3:23:3:53:3:53:3:Infinity":0,"s:4:24:4:Infinity":1,"b:4:24:4:55:4:55:4:Infinity":1,"s:5:24:5:Infinity":2,"b:5:24:5:55:5:55:5:Infinity":2,"f:28:22:28:33":0,"s:29:40:34:Infinity":3,"b:35:2:35:Infinity:undefined:undefined:undefined:undefined":3,"s:35:2:35:Infinity":4,"s:35:16:35:Infinity":5,"s:37:21:37:Infinity":6,"s:38:18:38:Infinity":7,"f:38:29:38:35":1,"s:38:35:38:55":8,"s:41:2:59:Infinity":9,"s:42:4:51:Infinity":10,"b:53:4:55:Infinity:undefined:undefined:undefined:undefined":4,"s:53:4:55:Infinity":11,"b:53:8:53:39:53:39:53:66":5,"s:54:6:54:Infinity":12,"s:56:4:56:Infinity":13,"s:58:4:58:Infinity":14,"b:61:2:63:Infinity:undefined:undefined:undefined:undefined":6,"s:61:2:63:Infinity":15,"s:62:4:62:Infinity":16,"s:65:15:65:Infinity":17,"b:67:2:69:Infinity:undefined:undefined:undefined:undefined":7,"s:67:2:69:Infinity":18,"s:68:4:68:Infinity":19,"b:68:41:68:63:68:63:68:78":8,"s:71:2:71:Infinity":20,"b:71:9:71:25:71:25:71:Infinity":9}}}
,"/Users/sgrueva/pbars/lib/utils.ts": {"path":"/Users/sgrueva/pbars/lib/utils.ts","statementMap":{"0":{"start":{"line":5,"column":2},"end":{"line":5,"column":null}}},"fnMap":{"0":{"name":"cn","decl":{"start":{"line":4,"column":16},"end":{"line":4,"column":22}},"loc":{"start":{"line":4,"column":44},"end":{"line":6,"column":null}},"line":4}},"branchMap":{},"s":{"0":88},"f":{"0":88},"b":{},"meta":{"lastBranch":0,"lastFunction":1,"lastStatement":1,"seen":{"f:4:16:4:22":0,"s:5:2:5:Infinity":0}}}
,"/Users/sgrueva/pbars/lib/store/cart.ts": {"path":"/Users/sgrueva/pbars/lib/store/cart.ts","statementMap":{"0":{"start":{"line":25,"column":13},"end":{"line":126,"column":null}},"1":{"start":{"line":27,"column":19},"end":{"line":121,"column":null}},"2":{"start":{"line":31,"column":8},"end":{"line":31,"column":null}},"3":{"start":{"line":35,"column":22},"end":{"line":35,"column":null}},"4":{"start":{"line":36,"column":29},"end":{"line":36,"column":null}},"5":{"start":{"line":36,"column":50},"end":{"line":36,"column":80}},"6":{"start":{"line":37,"column":27},"end":{"line":37,"column":null}},"7":{"start":{"line":38,"column":23},"end":{"line":38,"column":null}},"8":{"start":{"line":40,"column":8},"end":{"line":40,"column":null}},"9":{"start":{"line":40,"column":35},"end":{"line":40,"column":null}},"10":{"start":{"line":42,"column":8},"end":{"line":52,"column":null}},"11":{"start":{"line":43,"column":10},"end":{"line":49,"column":null}},"12":{"start":{"line":45,"column":14},"end":{"line":47,"column":null}},"13":{"start":{"line":51,"column":10},"end":{"line":51,"column":null}},"14":{"start":{"line":56,"column":8},"end":{"line":56,"column":null}},"15":{"start":{"line":56,"column":50},"end":{"line":56,"column":79}},"16":{"start":{"line":60,"column":8},"end":{"line":63,"column":null}},"17":{"start":{"line":61,"column":10},"end":{"line":61,"column":null}},"18":{"start":{"line":62,"column":10},"end":{"line":62,"column":null}},"19":{"start":{"line":64,"column":8},"end":{"line":64,"column":null}},"20":{"start":{"line":64,"column":37},"end":{"line":64,"column":null}},"21":{"start":{"line":65,"column":8},"end":{"line":69,"column":null}},"22":{"start":{"line":67,"column":12},"end":{"line":67,"column":null}},"23":{"start":{"line":72,"column":23},"end":{"line":72,"column":null}},"24":{"start":{"line":75,"column":8},"end":{"line":75,"column":null}},"25":{"start":{"line":75,"column":51},"end":{"line":75,"column":74}},"26":{"start":{"line":79,"column":8},"end":{"line":82,"column":null}},"27":{"start":{"line":80,"column":27},"end":{"line":80,"column":null}},"28":{"start":{"line":86,"column":8},"end":{"line":119,"column":null}},"29":{"start":{"line":87,"column":22},"end":{"line":87,"column":null}},"30":{"start":{"line":88,"column":10},"end":{"line":88,"column":null}},"31":{"start":{"line":88,"column":23},"end":{"line":88,"column":null}},"32":{"start":{"line":91,"column":12},"end":{"line":91,"column":null}},"33":{"start":{"line":92,"column":27},"end":{"line":92,"column":null}},"34":{"start":{"line":92,"column":53},"end":{"line":92,"column":62}},"35":{"start":{"line":94,"column":24},"end":{"line":94,"column":null}},"36":{"start":{"line":95,"column":24},"end":{"line":95,"column":null}},"37":{"start":{"line":96,"column":26},"end":{"line":114,"column":null}},"38":{"start":{"line":97,"column":28},"end":{"line":97,"column":null}},"39":{"start":{"line":98,"column":12},"end":{"line":98,"column":null}},"40":{"start":{"line":98,"column":26},"end":{"line":98,"column":null}},"41":{"start":{"line":99,"column":12},"end":{"line":112,"column":null}},"42":{"start":{"line":103,"column":14},"end":{"line":103,"column":null}},"43":{"start":{"line":104,"column":14},"end":{"line":111,"column":null}},"44":{"start":{"line":113,"column":12},"end":{"line":113,"column":null}},"45":{"start":{"line":115,"column":10},"end":{"line":115,"column":null}},"46":{"start":{"line":115,"column":23},"end":{"line":115,"column":null}},"47":{"start":{"line":116,"column":10},"end":{"line":116,"column":null}},"48":{"start":{"line":118,"column":10},"end":{"line":118,"column":null}}},"fnMap":{"0":{"name":"(anonymous_0)","decl":{"start":{"line":27,"column":4},"end":{"line":27,"column":5}},"loc":{"start":{"line":27,"column":19},"end":{"line":121,"column":null}},"line":27},"1":{"name":"(anonymous_1)","decl":{"start":{"line":30,"column":15},"end":{"line":30,"column":16}},"loc":{"start":{"line":30,"column":37},"end":{"line":32,"column":null}},"line":30},"2":{"name":"(anonymous_2)","decl":{"start":{"line":34,"column":27},"end":{"line":34,"column":28}},"loc":{"start":{"line":34,"column":62},"end":{"line":53,"column":null}},"line":34},"3":{"name":"(anonymous_3)","decl":{"start":{"line":36,"column":40},"end":{"line":36,"column":41}},"loc":{"start":{"line":36,"column":50},"end":{"line":36,"column":80}},"line":36},"4":{"name":"(anonymous_4)","decl":{"start":{"line":44,"column":29},"end":{"line":44,"column":30}},"loc":{"start":{"line":45,"column":14},"end":{"line":47,"column":null}},"line":45},"5":{"name":"(anonymous_5)","decl":{"start":{"line":55,"column":18},"end":{"line":55,"column":19}},"loc":{"start":{"line":55,"column":41},"end":{"line":57,"column":null}},"line":55},"6":{"name":"(anonymous_6)","decl":{"start":{"line":56,"column":40},"end":{"line":56,"column":41}},"loc":{"start":{"line":56,"column":50},"end":{"line":56,"column":79}},"line":56},"7":{"name":"(anonymous_7)","decl":{"start":{"line":59,"column":22},"end":{"line":59,"column":23}},"loc":{"start":{"line":59,"column":63},"end":{"line":70,"column":null}},"line":59},"8":{"name":"(anonymous_8)","decl":{"start":{"line":66,"column":33},"end":{"line":66,"column":34}},"loc":{"start":{"line":67,"column":12},"end":{"line":67,"column":null}},"line":67},"9":{"name":"(anonymous_9)","decl":{"start":{"line":72,"column":17},"end":{"line":72,"column":23}},"loc":{"start":{"line":72,"column":23},"end":{"line":72,"column":null}},"line":72},"10":{"name":"(anonymous_10)","decl":{"start":{"line":74,"column":21},"end":{"line":74,"column":27}},"loc":{"start":{"line":74,"column":27},"end":{"line":76,"column":null}},"line":74},"11":{"name":"(anonymous_11)","decl":{"start":{"line":75,"column":34},"end":{"line":75,"column":35}},"loc":{"start":{"line":75,"column":51},"end":{"line":75,"column":74}},"line":75},"12":{"name":"(anonymous_12)","decl":{"start":{"line":78,"column":21},"end":{"line":78,"column":27}},"loc":{"start":{"line":78,"column":27},"end":{"line":83,"column":null}},"line":78},"13":{"name":"(anonymous_13)","decl":{"start":{"line":80,"column":10},"end":{"line":80,"column":11}},"loc":{"start":{"line":80,"column":27},"end":{"line":80,"column":null}},"line":80},"14":{"name":"(anonymous_14)","decl":{"start":{"line":85,"column":18},"end":{"line":85,"column":30}},"loc":{"start":{"line":85,"column":30},"end":{"line":120,"column":null}},"line":85},"15":{"name":"(anonymous_15)","decl":{"start":{"line":92,"column":46},"end":{"line":92,"column":47}},"loc":{"start":{"line":92,"column":53},"end":{"line":92,"column":62}},"line":92},"16":{"name":"(anonymous_16)","decl":{"start":{"line":96,"column":36},"end":{"line":96,"column":37}},"loc":{"start":{"line":96,"column":46},"end":{"line":114,"column":11}},"line":96}},"branchMap":{"0":{"loc":{"start":{"line":37,"column":27},"end":{"line":37,"column":null}},"type":"binary-expr","locations":[{"start":{"line":37,"column":27},"end":{"line":37,"column":53}},{"start":{"line":37,"column":53},"end":{"line":37,"column":null}}],"line":37},"1":{"loc":{"start":{"line":40,"column":8},"end":{"line":40,"column":null}},"type":"if","locations":[{"start":{"line":40,"column":8},"end":{"line":40,"column":null}},{"start":{},"end":{}}],"line":40},"2":{"loc":{"start":{"line":42,"column":8},"end":{"line":52,"column":null}},"type":"if","locations":[{"start":{"line":42,"column":8},"end":{"line":52,"column":null}},{"start":{"line":50,"column":15},"end":{"line":52,"column":null}}],"line":42},"3":{"loc":{"start":{"line":45,"column":14},"end":{"line":47,"column":null}},"type":"cond-expr","locations":[{"start":{"line":46,"column":18},"end":{"line":46,"column":null}},{"start":{"line":47,"column":18},"end":{"line":47,"column":null}}],"line":45},"4":{"loc":{"start":{"line":60,"column":8},"end":{"line":63,"column":null}},"type":"if","locations":[{"start":{"line":60,"column":8},"end":{"line":63,"column":null}},{"start":{},"end":{}}],"line":60},"5":{"loc":{"start":{"line":64,"column":8},"end":{"line":64,"column":null}},"type":"if","locations":[{"start":{"line":64,"column":8},"end":{"line":64,"column":null}},{"start":{},"end":{}}],"line":64},"6":{"loc":{"start":{"line":67,"column":12},"end":{"line":67,"column":null}},"type":"cond-expr","locations":[{"start":{"line":67,"column":44},"end":{"line":67,"column":68}},{"start":{"line":67,"column":68},"end":{"line":67,"column":null}}],"line":67},"7":{"loc":{"start":{"line":88,"column":10},"end":{"line":88,"column":null}},"type":"if","locations":[{"start":{"line":88,"column":10},"end":{"line":88,"column":null}},{"start":{},"end":{}}],"line":88},"8":{"loc":{"start":{"line":98,"column":12},"end":{"line":98,"column":null}},"type":"if","locations":[{"start":{"line":98,"column":12},"end":{"line":98,"column":null}},{"start":{},"end":{}}],"line":98},"9":{"loc":{"start":{"line":99,"column":12},"end":{"line":112,"column":null}},"type":"if","locations":[{"start":{"line":99,"column":12},"end":{"line":112,"column":null}},{"start":{},"end":{}}],"line":99},"10":{"loc":{"start":{"line":100,"column":14},"end":{"line":101,"column":null}},"type":"binary-expr","locations":[{"start":{"line":100,"column":14},"end":{"line":100,"column":null}},{"start":{"line":101,"column":14},"end":{"line":101,"column":null}}],"line":100},"11":{"loc":{"start":{"line":115,"column":10},"end":{"line":115,"column":null}},"type":"if","locations":[{"start":{"line":115,"column":10},"end":{"line":115,"column":null}},{"start":{},"end":{}}],"line":115}},"s":{"0":1,"1":1,"2":40,"3":48,"4":48,"5":23,"6":48,"7":48,"8":48,"9":3,"10":45,"11":14,"12":14,"13":31,"14":4,"15":5,"16":4,"17":2,"18":2,"19":2,"20":2,"21":1,"22":1,"23":1,"24":2,"25":2,"26":3,"27":3,"28":6,"29":6,"30":5,"31":1,"32":4,"33":4,"34":4,"35":4,"36":4,"37":4,"38":5,"39":5,"40":1,"41":4,"42":3,"43":3,"44":1,"45":4,"46":3,"47":4,"48":1},"f":{"0":1,"1":40,"2":48,"3":23,"4":14,"5":4,"6":5,"7":4,"8":1,"9":1,"10":2,"11":2,"12":3,"13":3,"14":6,"15":4,"16":5},"b":{"0":[48,31],"1":[3,45],"2":[14,31],"3":[14,0],"4":[2,2],"5":[1,1],"6":[1,0],"7":[1,4],"8":[1,4],"9":[3,1],"10":[4,1],"11":[3,1]},"meta":{"lastBranch":12,"lastFunction":17,"lastStatement":49,"seen":{"s:25:13:126:Infinity":0,"f:27:4:27:5":0,"s:27:19:121:Infinity":1,"f:30:15:30:16":1,"s:31:8:31:Infinity":2,"f:34:27:34:28":2,"s:35:22:35:Infinity":3,"s:36:29:36:Infinity":4,"f:36:40:36:41":3,"s:36:50:36:80":5,"s:37:27:37:Infinity":6,"b:37:27:37:53:37:53:37:Infinity":0,"s:38:23:38:Infinity":7,"b:40:8:40:Infinity:undefined:undefined:undefined:undefined":1,"s:40:8:40:Infinity":8,"s:40:35:40:Infinity":9,"b:42:8:52:Infinity:50:15:52:Infinity":2,"s:42:8:52:Infinity":10,"s:43:10:49:Infinity":11,"f:44:29:44:30":4,"s:45:14:47:Infinity":12,"b:46:18:46:Infinity:47:18:47:Infinity":3,"s:51:10:51:Infinity":13,"f:55:18:55:19":5,"s:56:8:56:Infinity":14,"f:56:40:56:41":6,"s:56:50:56:79":15,"f:59:22:59:23":7,"b:60:8:63:Infinity:undefined:undefined:undefined:undefined":4,"s:60:8:63:Infinity":16,"s:61:10:61:Infinity":17,"s:62:10:62:Infinity":18,"b:64:8:64:Infinity:undefined:undefined:undefined:undefined":5,"s:64:8:64:Infinity":19,"s:64:37:64:Infinity":20,"s:65:8:69:Infinity":21,"f:66:33:66:34":8,"s:67:12:67:Infinity":22,"b:67:44:67:68:67:68:67:Infinity":6,"f:72:17:72:23":9,"s:72:23:72:Infinity":23,"f:74:21:74:27":10,"s:75:8:75:Infinity":24,"f:75:34:75:35":11,"s:75:51:75:74":25,"f:78:21:78:27":12,"s:79:8:82:Infinity":26,"f:80:10:80:11":13,"s:80:27:80:Infinity":27,"f:85:18:85:30":14,"s:86:8:119:Infinity":28,"s:87:22:87:Infinity":29,"b:88:10:88:Infinity:undefined:undefined:undefined:undefined":7,"s:88:10:88:Infinity":30,"s:88:23:88:Infinity":31,"s:91:12:91:Infinity":32,"s:92:27:92:Infinity":33,"f:92:46:92:47":15,"s:92:53:92:62":34,"s:94:24:94:Infinity":35,"s:95:24:95:Infinity":36,"s:96:26:114:Infinity":37,"f:96:36:96:37":16,"s:97:28:97:Infinity":38,"b:98:12:98:Infinity:undefined:undefined:undefined:undefined":8,"s:98:12:98:Infinity":39,"s:98:26:98:Infinity":40,"b:99:12:112:Infinity:undefined:undefined:undefined:undefined":9,"s:99:12:112:Infinity":41,"b:100:14:100:Infinity:101:14:101:Infinity":10,"s:103:14:103:Infinity":42,"s:104:14:111:Infinity":43,"s:113:12:113:Infinity":44,"b:115:10:115:Infinity:undefined:undefined:undefined:undefined":11,"s:115:10:115:Infinity":45,"s:115:23:115:Infinity":46,"s:116:10:116:Infinity":47,"s:118:10:118:Infinity":48}}}
}
