{"/Users/sgrueva/pbars/app/actions/admin.ts": {"path":"/Users/sgrueva/pbars/app/actions/admin.ts","statementMap":{"0":{"start":{"line":13,"column":44},"end":{"line":13,"column":null}},"1":{"start":{"line":19,"column":27},"end":{"line":19,"column":null}},"2":{"start":{"line":20,"column":29},"end":{"line":20,"column":null}},"3":{"start":{"line":21,"column":22},"end":{"line":21,"column":null}},"4":{"start":{"line":24,"column":19},"end":{"line":24,"column":null}},"5":{"start":{"line":25,"column":2},"end":{"line":25,"column":null}},"6":{"start":{"line":25,"column":17},"end":{"line":25,"column":null}},"7":{"start":{"line":28,"column":14},"end":{"line":28,"column":null}},"8":{"start":{"line":29,"column":2},"end":{"line":33,"column":null}},"9":{"start":{"line":30,"column":4},"end":{"line":32,"column":null}},"10":{"start":{"line":31,"column":6},"end":{"line":31,"column":null}},"11":{"start":{"line":35,"column":22},"end":{"line":35,"column":null}},"12":{"start":{"line":36,"column":13},"end":{"line":36,"column":null}},"13":{"start":{"line":37,"column":19},"end":{"line":37,"column":null}},"14":{"start":{"line":38,"column":2},"end":{"line":40,"column":null}},"15":{"start":{"line":39,"column":4},"end":{"line":39,"column":null}},"16":{"start":{"line":44,"column":23},"end":{"line":44,"column":null}},"17":{"start":{"line":45,"column":23},"end":{"line":45,"column":null}},"18":{"start":{"line":46,"column":16},"end":{"line":46,"column":null}},"19":{"start":{"line":48,"column":2},"end":{"line":55,"column":null}},"20":{"start":{"line":49,"column":4},"end":{"line":53,"column":null}},"21":{"start":{"line":50,"column":6},"end":{"line":50,"column":null}},"22":{"start":{"line":52,"column":6},"end":{"line":52,"column":null}},"23":{"start":{"line":54,"column":4},"end":{"line":54,"column":null}},"24":{"start":{"line":57,"column":2},"end":{"line":57,"column":null}},"25":{"start":{"line":58,"column":2},"end":{"line":58,"column":null}},"26":{"start":{"line":59,"column":2},"end":{"line":59,"column":null}},"27":{"start":{"line":63,"column":2},"end":{"line":63,"column":null}},"28":{"start":{"line":64,"column":2},"end":{"line":64,"column":null}},"29":{"start":{"line":68,"column":16},"end":{"line":68,"column":null}},"30":{"start":{"line":69,"column":2},"end":{"line":69,"column":null}},"31":{"start":{"line":69,"column":14},"end":{"line":69,"column":null}},"32":{"start":{"line":90,"column":2},"end":{"line":90,"column":null}},"33":{"start":{"line":91,"column":19},"end":{"line":91,"column":null}},"34":{"start":{"line":93,"column":14},"end":{"line":93,"column":null}},"35":{"start":{"line":94,"column":21},"end":{"line":94,"column":null}},"36":{"start":{"line":95,"column":14},"end":{"line":95,"column":null}},"37":{"start":{"line":96,"column":23},"end":{"line":96,"column":null}},"38":{"start":{"line":97,"column":20},"end":{"line":97,"column":null}},"39":{"start":{"line":98,"column":21},"end":{"line":98,"column":null}},"40":{"start":{"line":101,"column":49},"end":{"line":105,"column":null}},"41":{"start":{"line":107,"column":2},"end":{"line":110,"column":null}},"42":{"start":{"line":108,"column":4},"end":{"line":108,"column":null}},"43":{"start":{"line":109,"column":4},"end":{"line":109,"column":null}},"44":{"start":{"line":112,"column":12},"end":{"line":112,"column":null}},"45":{"start":{"line":115,"column":33},"end":{"line":119,"column":null}},"46":{"start":{"line":121,"column":2},"end":{"line":128,"column":null}},"47":{"start":{"line":200,"column":25},"end":{"line":200,"column":null}},"48":{"start":{"line":203,"column":2},"end":{"line":203,"column":null}},"49":{"start":{"line":208,"column":17},"end":{"line":208,"column":null}},"50":{"start":{"line":209,"column":2},"end":{"line":211,"column":null}},"51":{"start":{"line":210,"column":4},"end":{"line":210,"column":null}},"52":{"start":{"line":213,"column":19},"end":{"line":213,"column":null}},"53":{"start":{"line":214,"column":2},"end":{"line":216,"column":null}},"54":{"start":{"line":215,"column":4},"end":{"line":215,"column":null}},"55":{"start":{"line":218,"column":17},"end":{"line":218,"column":null}},"56":{"start":{"line":219,"column":2},"end":{"line":221,"column":null}},"57":{"start":{"line":220,"column":4},"end":{"line":220,"column":null}},"58":{"start":{"line":223,"column":17},"end":{"line":223,"column":null}},"59":{"start":{"line":224,"column":2},"end":{"line":235,"column":null}},"60":{"start":{"line":225,"column":20},"end":{"line":225,"column":null}},"61":{"start":{"line":226,"column":23},"end":{"line":226,"column":null}},"62":{"start":{"line":227,"column":4},"end":{"line":234,"column":null}},"63":{"start":{"line":228,"column":22},"end":{"line":228,"column":null}},"64":{"start":{"line":229,"column":6},"end":{"line":229,"column":null}},"65":{"start":{"line":230,"column":4},"end":{"line":234,"column":null}},"66":{"start":{"line":231,"column":6},"end":{"line":231,"column":null}},"67":{"start":{"line":233,"column":6},"end":{"line":233,"column":null}},"68":{"start":{"line":237,"column":24},"end":{"line":237,"column":null}},"69":{"start":{"line":238,"column":2},"end":{"line":244,"column":null}},"70":{"start":{"line":239,"column":4},"end":{"line":239,"column":null}},"71":{"start":{"line":240,"column":2},"end":{"line":244,"column":null}},"72":{"start":{"line":241,"column":4},"end":{"line":241,"column":null}},"73":{"start":{"line":242,"column":2},"end":{"line":244,"column":null}},"74":{"start":{"line":243,"column":4},"end":{"line":243,"column":null}},"75":{"start":{"line":246,"column":2},"end":{"line":246,"column":null}},"76":{"start":{"line":250,"column":2},"end":{"line":250,"column":null}},"77":{"start":{"line":251,"column":19},"end":{"line":251,"column":null}},"78":{"start":{"line":253,"column":15},"end":{"line":253,"column":null}},"79":{"start":{"line":254,"column":15},"end":{"line":254,"column":null}},"80":{"start":{"line":255,"column":13},"end":{"line":255,"column":null}},"81":{"start":{"line":257,"column":14},"end":{"line":261,"column":null}},"82":{"start":{"line":263,"column":2},"end":{"line":263,"column":null}},"83":{"start":{"line":265,"column":33},"end":{"line":265,"column":null}},"84":{"start":{"line":267,"column":2},"end":{"line":270,"column":null}},"85":{"start":{"line":268,"column":4},"end":{"line":268,"column":null}},"86":{"start":{"line":269,"column":4},"end":{"line":269,"column":null}},"87":{"start":{"line":272,"column":2},"end":{"line":272,"column":null}},"88":{"start":{"line":276,"column":2},"end":{"line":276,"column":null}},"89":{"start":{"line":277,"column":19},"end":{"line":277,"column":null}},"90":{"start":{"line":279,"column":34},"end":{"line":279,"column":null}},"91":{"start":{"line":280,"column":13},"end":{"line":280,"column":null}},"92":{"start":{"line":281,"column":20},"end":{"line":281,"column":null}},"93":{"start":{"line":283,"column":2},"end":{"line":301,"column":null}},"94":{"start":{"line":284,"column":16},"end":{"line":288,"column":null}},"95":{"start":{"line":290,"column":4},"end":{"line":290,"column":null}},"96":{"start":{"line":292,"column":28},"end":{"line":292,"column":null}},"97":{"start":{"line":293,"column":4},"end":{"line":296,"column":null}},"98":{"start":{"line":294,"column":6},"end":{"line":294,"column":null}},"99":{"start":{"line":295,"column":6},"end":{"line":295,"column":null}},"100":{"start":{"line":298,"column":4},"end":{"line":298,"column":null}},"101":{"start":{"line":299,"column":4},"end":{"line":299,"column":null}},"102":{"start":{"line":299,"column":42},"end":{"line":299,"column":null}},"103":{"start":{"line":300,"column":4},"end":{"line":300,"column":null}},"104":{"start":{"line":303,"column":2},"end":{"line":303,"column":null}},"105":{"start":{"line":328,"column":19},"end":{"line":328,"column":null}},"106":{"start":{"line":329,"column":2},"end":{"line":331,"column":null}},"107":{"start":{"line":330,"column":4},"end":{"line":330,"column":null}},"108":{"start":{"line":333,"column":17},"end":{"line":333,"column":null}},"109":{"start":{"line":334,"column":2},"end":{"line":336,"column":null}},"110":{"start":{"line":335,"column":4},"end":{"line":335,"column":null}},"111":{"start":{"line":338,"column":17},"end":{"line":338,"column":null}},"112":{"start":{"line":339,"column":2},"end":{"line":346,"column":null}},"113":{"start":{"line":340,"column":20},"end":{"line":340,"column":null}},"114":{"start":{"line":341,"column":4},"end":{"line":345,"column":null}},"115":{"start":{"line":342,"column":6},"end":{"line":342,"column":null}},"116":{"start":{"line":344,"column":6},"end":{"line":344,"column":null}},"117":{"start":{"line":348,"column":2},"end":{"line":348,"column":null}},"118":{"start":{"line":352,"column":2},"end":{"line":352,"column":null}},"119":{"start":{"line":353,"column":19},"end":{"line":353,"column":null}},"120":{"start":{"line":355,"column":15},"end":{"line":355,"column":null}},"121":{"start":{"line":356,"column":15},"end":{"line":356,"column":null}},"122":{"start":{"line":357,"column":13},"end":{"line":357,"column":null}},"123":{"start":{"line":359,"column":14},"end":{"line":364,"column":null}},"124":{"start":{"line":366,"column":2},"end":{"line":366,"column":null}},"125":{"start":{"line":368,"column":33},"end":{"line":368,"column":null}},"126":{"start":{"line":370,"column":2},"end":{"line":373,"column":null}},"127":{"start":{"line":371,"column":4},"end":{"line":371,"column":null}},"128":{"start":{"line":372,"column":4},"end":{"line":372,"column":null}},"129":{"start":{"line":375,"column":2},"end":{"line":375,"column":null}},"130":{"start":{"line":379,"column":2},"end":{"line":379,"column":null}},"131":{"start":{"line":380,"column":19},"end":{"line":380,"column":null}},"132":{"start":{"line":382,"column":36},"end":{"line":382,"column":null}},"133":{"start":{"line":383,"column":13},"end":{"line":383,"column":null}},"134":{"start":{"line":384,"column":20},"end":{"line":384,"column":null}},"135":{"start":{"line":386,"column":2},"end":{"line":405,"column":null}},"136":{"start":{"line":387,"column":16},"end":{"line":392,"column":null}},"137":{"start":{"line":394,"column":4},"end":{"line":394,"column":null}},"138":{"start":{"line":396,"column":28},"end":{"line":396,"column":null}},"139":{"start":{"line":397,"column":4},"end":{"line":400,"column":null}},"140":{"start":{"line":398,"column":6},"end":{"line":398,"column":null}},"141":{"start":{"line":399,"column":6},"end":{"line":399,"column":null}},"142":{"start":{"line":402,"column":4},"end":{"line":402,"column":null}},"143":{"start":{"line":403,"column":4},"end":{"line":403,"column":null}},"144":{"start":{"line":403,"column":42},"end":{"line":403,"column":null}},"145":{"start":{"line":404,"column":4},"end":{"line":404,"column":null}},"146":{"start":{"line":407,"column":2},"end":{"line":407,"column":null}},"147":{"start":{"line":411,"column":2},"end":{"line":411,"column":null}},"148":{"start":{"line":413,"column":20},"end":{"line":413,"column":null}},"149":{"start":{"line":414,"column":2},"end":{"line":416,"column":null}},"150":{"start":{"line":415,"column":4},"end":{"line":415,"column":null}},"151":{"start":{"line":418,"column":19},"end":{"line":418,"column":null}},"152":{"start":{"line":420,"column":26},"end":{"line":424,"column":null}},"153":{"start":{"line":426,"column":2},"end":{"line":428,"column":null}},"154":{"start":{"line":427,"column":4},"end":{"line":427,"column":null}},"155":{"start":{"line":430,"column":2},"end":{"line":430,"column":null}},"156":{"start":{"line":434,"column":52},"end":{"line":438,"column":null}},"157":{"start":{"line":446,"column":2},"end":{"line":446,"column":null}},"158":{"start":{"line":448,"column":20},"end":{"line":448,"column":null}},"159":{"start":{"line":449,"column":2},"end":{"line":451,"column":null}},"160":{"start":{"line":450,"column":4},"end":{"line":450,"column":null}},"161":{"start":{"line":453,"column":2},"end":{"line":455,"column":null}},"162":{"start":{"line":454,"column":4},"end":{"line":454,"column":null}},"163":{"start":{"line":456,"column":2},"end":{"line":458,"column":null}},"164":{"start":{"line":457,"column":4},"end":{"line":457,"column":null}},"165":{"start":{"line":459,"column":2},"end":{"line":461,"column":null}},"166":{"start":{"line":460,"column":4},"end":{"line":460,"column":null}},"167":{"start":{"line":463,"column":19},"end":{"line":463,"column":null}},"168":{"start":{"line":466,"column":45},"end":{"line":470,"column":null}},"169":{"start":{"line":472,"column":2},"end":{"line":474,"column":null}},"170":{"start":{"line":473,"column":4},"end":{"line":473,"column":null}},"171":{"start":{"line":477,"column":18},"end":{"line":477,"column":null}},"172":{"start":{"line":478,"column":2},"end":{"line":480,"column":null}},"173":{"start":{"line":479,"column":4},"end":{"line":479,"column":null}},"174":{"start":{"line":483,"column":8},"end":{"line":483,"column":null}},"175":{"start":{"line":484,"column":46},"end":{"line":484,"column":null}},"176":{"start":{"line":485,"column":2},"end":{"line":487,"column":null}},"177":{"start":{"line":486,"column":4},"end":{"line":486,"column":null}},"178":{"start":{"line":488,"column":2},"end":{"line":491,"column":null}},"179":{"start":{"line":489,"column":4},"end":{"line":489,"column":null}},"180":{"start":{"line":490,"column":4},"end":{"line":490,"column":null}},"181":{"start":{"line":490,"column":24},"end":{"line":490,"column":null}},"182":{"start":{"line":492,"column":2},"end":{"line":494,"column":null}},"183":{"start":{"line":493,"column":4},"end":{"line":493,"column":null}},"184":{"start":{"line":495,"column":2},"end":{"line":498,"column":null}},"185":{"start":{"line":496,"column":4},"end":{"line":496,"column":null}},"186":{"start":{"line":497,"column":4},"end":{"line":497,"column":null}},"187":{"start":{"line":497,"column":28},"end":{"line":497,"column":null}},"188":{"start":{"line":501,"column":48},"end":{"line":506,"column":null}},"189":{"start":{"line":508,"column":2},"end":{"line":511,"column":null}},"190":{"start":{"line":509,"column":4},"end":{"line":509,"column":null}},"191":{"start":{"line":510,"column":4},"end":{"line":510,"column":null}},"192":{"start":{"line":513,"column":2},"end":{"line":515,"column":null}},"193":{"start":{"line":514,"column":4},"end":{"line":514,"column":null}},"194":{"start":{"line":518,"column":2},"end":{"line":520,"column":null}},"195":{"start":{"line":519,"column":4},"end":{"line":519,"column":null}},"196":{"start":{"line":523,"column":2},"end":{"line":553,"column":null}},"197":{"start":{"line":524,"column":4},"end":{"line":552,"column":null}},"198":{"start":{"line":525,"column":55},"end":{"line":527,"column":null}},"199":{"start":{"line":529,"column":6},"end":{"line":549,"column":null}},"200":{"start":{"line":530,"column":8},"end":{"line":530,"column":null}},"201":{"start":{"line":532,"column":14},"end":{"line":532,"column":null}},"202":{"start":{"line":533,"column":26},"end":{"line":539,"column":null}},"203":{"start":{"line":541,"column":8},"end":{"line":548,"column":null}},"204":{"start":{"line":551,"column":6},"end":{"line":551,"column":null}},"205":{"start":{"line":555,"column":2},"end":{"line":555,"column":null}},"206":{"start":{"line":586,"column":2},"end":{"line":586,"column":null}},"207":{"start":{"line":588,"column":20},"end":{"line":588,"column":null}},"208":{"start":{"line":589,"column":2},"end":{"line":589,"column":null}},"209":{"start":{"line":589,"column":32},"end":{"line":589,"column":null}},"210":{"start":{"line":591,"column":19},"end":{"line":591,"column":null}},"211":{"start":{"line":592,"column":33},"end":{"line":596,"column":null}},"212":{"start":{"line":598,"column":2},"end":{"line":598,"column":null}},"213":{"start":{"line":598,"column":23},"end":{"line":598,"column":null}},"214":{"start":{"line":599,"column":16},"end":{"line":599,"column":null}},"215":{"start":{"line":600,"column":19},"end":{"line":600,"column":null}},"216":{"start":{"line":600,"column":36},"end":{"line":600,"column":69}},"217":{"start":{"line":601,"column":18},"end":{"line":601,"column":null}},"218":{"start":{"line":602,"column":16},"end":{"line":602,"column":null}},"219":{"start":{"line":603,"column":19},"end":{"line":603,"column":null}},"220":{"start":{"line":605,"column":2},"end":{"line":632,"column":null}},"221":{"start":{"line":636,"column":2},"end":{"line":636,"column":null}},"222":{"start":{"line":638,"column":20},"end":{"line":638,"column":null}},"223":{"start":{"line":639,"column":2},"end":{"line":639,"column":null}},"224":{"start":{"line":639,"column":32},"end":{"line":639,"column":null}},"225":{"start":{"line":640,"column":2},"end":{"line":640,"column":null}},"226":{"start":{"line":640,"column":61},"end":{"line":640,"column":null}},"227":{"start":{"line":641,"column":2},"end":{"line":641,"column":null}},"228":{"start":{"line":641,"column":34},"end":{"line":641,"column":null}},"229":{"start":{"line":642,"column":2},"end":{"line":642,"column":null}},"230":{"start":{"line":642,"column":35},"end":{"line":642,"column":null}},"231":{"start":{"line":643,"column":2},"end":{"line":643,"column":null}},"232":{"start":{"line":643,"column":29},"end":{"line":643,"column":null}},"233":{"start":{"line":644,"column":2},"end":{"line":644,"column":null}},"234":{"start":{"line":644,"column":34},"end":{"line":644,"column":null}},"235":{"start":{"line":646,"column":19},"end":{"line":646,"column":null}},"236":{"start":{"line":649,"column":45},"end":{"line":656,"column":null}},"237":{"start":{"line":658,"column":2},"end":{"line":665,"column":null}},"238":{"start":{"line":660,"column":31},"end":{"line":660,"column":null}},"239":{"start":{"line":661,"column":4},"end":{"line":661,"column":null}},"240":{"start":{"line":661,"column":19},"end":{"line":661,"column":null}},"241":{"start":{"line":662,"column":4},"end":{"line":662,"column":null}},"242":{"start":{"line":662,"column":41},"end":{"line":662,"column":null}},"243":{"start":{"line":663,"column":4},"end":{"line":663,"column":null}},"244":{"start":{"line":663,"column":34},"end":{"line":663,"column":null}},"245":{"start":{"line":664,"column":4},"end":{"line":664,"column":null}},"246":{"start":{"line":667,"column":16},"end":{"line":667,"column":null}},"247":{"start":{"line":670,"column":18},"end":{"line":670,"column":null}},"248":{"start":{"line":671,"column":18},"end":{"line":671,"column":null}},"249":{"start":{"line":672,"column":23},"end":{"line":672,"column":null}},"250":{"start":{"line":675,"column":16},"end":{"line":675,"column":null}},"251":{"start":{"line":676,"column":20},"end":{"line":676,"column":null}},"252":{"start":{"line":680,"column":2},"end":{"line":719,"column":null}},"253":{"start":{"line":681,"column":4},"end":{"line":714,"column":null}},"254":{"start":{"line":682,"column":21},"end":{"line":689,"column":null}},"255":{"start":{"line":690,"column":6},"end":{"line":690,"column":null}},"256":{"start":{"line":692,"column":21},"end":{"line":712,"column":null}},"257":{"start":{"line":713,"column":6},"end":{"line":713,"column":null}},"258":{"start":{"line":717,"column":4},"end":{"line":717,"column":null}},"259":{"start":{"line":718,"column":4},"end":{"line":718,"column":null}},"260":{"start":{"line":722,"column":33},"end":{"line":726,"column":null}},"261":{"start":{"line":728,"column":2},"end":{"line":732,"column":null}},"262":{"start":{"line":729,"column":4},"end":{"line":729,"column":null}},"263":{"start":{"line":730,"column":4},"end":{"line":730,"column":null}},"264":{"start":{"line":731,"column":4},"end":{"line":731,"column":null}},"265":{"start":{"line":734,"column":2},"end":{"line":734,"column":null}},"266":{"start":{"line":738,"column":2},"end":{"line":738,"column":null}},"267":{"start":{"line":740,"column":20},"end":{"line":740,"column":null}},"268":{"start":{"line":741,"column":2},"end":{"line":741,"column":null}},"269":{"start":{"line":741,"column":32},"end":{"line":741,"column":null}},"270":{"start":{"line":742,"column":2},"end":{"line":742,"column":null}},"271":{"start":{"line":742,"column":27},"end":{"line":742,"column":null}},"272":{"start":{"line":744,"column":19},"end":{"line":744,"column":null}},"273":{"start":{"line":745,"column":20},"end":{"line":748,"column":null}},"274":{"start":{"line":750,"column":2},"end":{"line":753,"column":null}},"275":{"start":{"line":751,"column":4},"end":{"line":751,"column":null}},"276":{"start":{"line":752,"column":4},"end":{"line":752,"column":null}},"277":{"start":{"line":755,"column":2},"end":{"line":755,"column":null}},"278":{"start":{"line":759,"column":2},"end":{"line":759,"column":null}},"279":{"start":{"line":761,"column":20},"end":{"line":761,"column":null}},"280":{"start":{"line":762,"column":2},"end":{"line":762,"column":null}},"281":{"start":{"line":762,"column":32},"end":{"line":762,"column":null}},"282":{"start":{"line":764,"column":19},"end":{"line":764,"column":null}},"283":{"start":{"line":765,"column":33},"end":{"line":769,"column":null}},"284":{"start":{"line":771,"column":2},"end":{"line":771,"column":null}},"285":{"start":{"line":771,"column":23},"end":{"line":771,"column":null}},"286":{"start":{"line":772,"column":2},"end":{"line":772,"column":null}},"287":{"start":{"line":772,"column":28},"end":{"line":772,"column":null}},"288":{"start":{"line":775,"column":51},"end":{"line":777,"column":null}},"289":{"start":{"line":779,"column":2},"end":{"line":784,"column":null}},"290":{"start":{"line":780,"column":4},"end":{"line":780,"column":null}},"291":{"start":{"line":781,"column":4},"end":{"line":783,"column":null}},"292":{"start":{"line":787,"column":33},"end":{"line":791,"column":null}},"293":{"start":{"line":793,"column":22},"end":{"line":793,"column":null}},"294":{"start":{"line":794,"column":8},"end":{"line":794,"column":null}},"295":{"start":{"line":796,"column":20},"end":{"line":802,"column":null}},"296":{"start":{"line":805,"column":2},"end":{"line":812,"column":null}},"297":{"start":{"line":814,"column":2},"end":{"line":814,"column":null}},"298":{"start":{"line":818,"column":2},"end":{"line":818,"column":null}},"299":{"start":{"line":820,"column":20},"end":{"line":820,"column":null}},"300":{"start":{"line":821,"column":2},"end":{"line":821,"column":null}},"301":{"start":{"line":821,"column":32},"end":{"line":821,"column":null}},"302":{"start":{"line":823,"column":19},"end":{"line":823,"column":null}},"303":{"start":{"line":824,"column":33},"end":{"line":828,"column":null}},"304":{"start":{"line":830,"column":2},"end":{"line":830,"column":null}},"305":{"start":{"line":830,"column":23},"end":{"line":830,"column":null}},"306":{"start":{"line":832,"column":8},"end":{"line":832,"column":null}},"307":{"start":{"line":833,"column":21},"end":{"line":833,"column":null}},"308":{"start":{"line":834,"column":24},"end":{"line":834,"column":null}},"309":{"start":{"line":835,"column":15},"end":{"line":835,"column":null}},"310":{"start":{"line":837,"column":20},"end":{"line":843,"column":null}},"311":{"start":{"line":845,"column":19},"end":{"line":847,"column":null}},"312":{"start":{"line":849,"column":2},"end":{"line":849,"column":null}},"313":{"start":{"line":853,"column":2},"end":{"line":853,"column":null}},"314":{"start":{"line":853,"column":35},"end":{"line":853,"column":null}},"315":{"start":{"line":855,"column":17},"end":{"line":855,"column":null}},"316":{"start":{"line":856,"column":8},"end":{"line":856,"column":null}},"317":{"start":{"line":857,"column":21},"end":{"line":857,"column":null}},"318":{"start":{"line":863,"column":20},"end":{"line":865,"column":null}},"319":{"start":{"line":864,"column":19},"end":{"line":864,"column":111}},"320":{"start":{"line":867,"column":26},"end":{"line":867,"column":null}},"321":{"start":{"line":868,"column":27},"end":{"line":868,"column":null}},"322":{"start":{"line":870,"column":2},"end":{"line":894,"column":null}},"323":{"start":{"line":893,"column":4},"end":{"line":893,"column":null}},"324":{"start":{"line":911,"column":2},"end":{"line":911,"column":null}},"325":{"start":{"line":912,"column":19},"end":{"line":912,"column":null}},"326":{"start":{"line":914,"column":26},"end":{"line":917,"column":null}},"327":{"start":{"line":919,"column":2},"end":{"line":922,"column":null}},"328":{"start":{"line":920,"column":4},"end":{"line":920,"column":null}},"329":{"start":{"line":921,"column":4},"end":{"line":921,"column":null}},"330":{"start":{"line":924,"column":2},"end":{"line":924,"column":null}},"331":{"start":{"line":928,"column":22},"end":{"line":928,"column":null}},"332":{"start":{"line":928,"column":43},"end":{"line":928,"column":61}},"333":{"start":{"line":929,"column":2},"end":{"line":929,"column":null}},"334":{"start":{"line":929,"column":20},"end":{"line":929,"column":null}},"335":{"start":{"line":931,"column":19},"end":{"line":931,"column":null}},"336":{"start":{"line":932,"column":24},"end":{"line":932,"column":null}},"337":{"start":{"line":935,"column":28},"end":{"line":941,"column":null}},"338":{"start":{"line":944,"column":30},"end":{"line":950,"column":null}},"339":{"start":{"line":952,"column":20},"end":{"line":952,"column":null}},"340":{"start":{"line":953,"column":21},"end":{"line":953,"column":null}},"341":{"start":{"line":954,"column":18},"end":{"line":954,"column":null}},"342":{"start":{"line":956,"column":2},"end":{"line":956,"column":null}},"343":{"start":{"line":965,"column":2},"end":{"line":965,"column":null}},"344":{"start":{"line":967,"column":18},"end":{"line":967,"column":null}},"345":{"start":{"line":967,"column":39},"end":{"line":967,"column":62}},"346":{"start":{"line":968,"column":2},"end":{"line":968,"column":null}},"347":{"start":{"line":968,"column":16},"end":{"line":968,"column":null}},"348":{"start":{"line":970,"column":2},"end":{"line":972,"column":null}},"349":{"start":{"line":971,"column":4},"end":{"line":971,"column":null}},"350":{"start":{"line":974,"column":2},"end":{"line":978,"column":null}},"351":{"start":{"line":975,"column":4},"end":{"line":977,"column":null}},"352":{"start":{"line":980,"column":2},"end":{"line":988,"column":null}},"353":{"start":{"line":981,"column":23},"end":{"line":981,"column":null}},"354":{"start":{"line":982,"column":4},"end":{"line":984,"column":null}},"355":{"start":{"line":983,"column":6},"end":{"line":983,"column":null}},"356":{"start":{"line":985,"column":4},"end":{"line":987,"column":null}},"357":{"start":{"line":986,"column":6},"end":{"line":986,"column":null}},"358":{"start":{"line":991,"column":22},"end":{"line":991,"column":null}},"359":{"start":{"line":993,"column":19},"end":{"line":993,"column":null}},"360":{"start":{"line":996,"column":37},"end":{"line":1000,"column":null}},"361":{"start":{"line":1002,"column":2},"end":{"line":1005,"column":null}},"362":{"start":{"line":1003,"column":4},"end":{"line":1003,"column":null}},"363":{"start":{"line":1004,"column":4},"end":{"line":1004,"column":null}},"364":{"start":{"line":1008,"column":2},"end":{"line":1011,"column":null}},"365":{"start":{"line":1013,"column":20},"end":{"line":1020,"column":null}},"366":{"start":{"line":1022,"column":2},"end":{"line":1025,"column":null}},"367":{"start":{"line":1023,"column":4},"end":{"line":1023,"column":null}},"368":{"start":{"line":1024,"column":4},"end":{"line":1024,"column":null}},"369":{"start":{"line":1027,"column":2},"end":{"line":1027,"column":null}},"370":{"start":{"line":1028,"column":2},"end":{"line":1028,"column":null}},"371":{"start":{"line":1032,"column":2},"end":{"line":1032,"column":null}},"372":{"start":{"line":1034,"column":20},"end":{"line":1034,"column":null}},"373":{"start":{"line":1035,"column":2},"end":{"line":1035,"column":null}},"374":{"start":{"line":1035,"column":31},"end":{"line":1035,"column":null}},"375":{"start":{"line":1037,"column":19},"end":{"line":1037,"column":null}},"376":{"start":{"line":1039,"column":35},"end":{"line":1044,"column":null}},"377":{"start":{"line":1046,"column":2},"end":{"line":1049,"column":null}},"378":{"start":{"line":1047,"column":4},"end":{"line":1047,"column":null}},"379":{"start":{"line":1048,"column":4},"end":{"line":1048,"column":null}},"380":{"start":{"line":1051,"column":2},"end":{"line":1053,"column":null}},"381":{"start":{"line":1052,"column":4},"end":{"line":1052,"column":null}},"382":{"start":{"line":1055,"column":2},"end":{"line":1055,"column":null}},"383":{"start":{"line":1056,"column":2},"end":{"line":1056,"column":null}},"384":{"start":{"line":1076,"column":2},"end":{"line":1076,"column":null}},"385":{"start":{"line":1077,"column":19},"end":{"line":1077,"column":null}},"386":{"start":{"line":1079,"column":26},"end":{"line":1082,"column":null}},"387":{"start":{"line":1084,"column":2},"end":{"line":1087,"column":null}},"388":{"start":{"line":1085,"column":4},"end":{"line":1085,"column":null}},"389":{"start":{"line":1086,"column":4},"end":{"line":1086,"column":null}},"390":{"start":{"line":1089,"column":2},"end":{"line":1089,"column":null}},"391":{"start":{"line":1092,"column":25},"end":{"line":1092,"column":null}},"392":{"start":{"line":1103,"column":2},"end":{"line":1103,"column":null}},"393":{"start":{"line":1105,"column":15},"end":{"line":1105,"column":null}},"394":{"start":{"line":1106,"column":2},"end":{"line":1108,"column":null}},"395":{"start":{"line":1107,"column":4},"end":{"line":1107,"column":null}},"396":{"start":{"line":1110,"column":2},"end":{"line":1112,"column":null}},"397":{"start":{"line":1111,"column":4},"end":{"line":1111,"column":null}},"398":{"start":{"line":1114,"column":2},"end":{"line":1116,"column":null}},"399":{"start":{"line":1115,"column":4},"end":{"line":1115,"column":null}},"400":{"start":{"line":1118,"column":2},"end":{"line":1120,"column":null}},"401":{"start":{"line":1119,"column":4},"end":{"line":1119,"column":null}},"402":{"start":{"line":1122,"column":2},"end":{"line":1124,"column":null}},"403":{"start":{"line":1123,"column":4},"end":{"line":1123,"column":null}},"404":{"start":{"line":1126,"column":2},"end":{"line":1130,"column":null}},"405":{"start":{"line":1127,"column":23},"end":{"line":1127,"column":null}},"406":{"start":{"line":1128,"column":4},"end":{"line":1128,"column":null}},"407":{"start":{"line":1128,"column":37},"end":{"line":1128,"column":null}},"408":{"start":{"line":1129,"column":4},"end":{"line":1129,"column":null}},"409":{"start":{"line":1129,"column":34},"end":{"line":1129,"column":null}},"410":{"start":{"line":1132,"column":19},"end":{"line":1132,"column":null}},"411":{"start":{"line":1134,"column":20},"end":{"line":1143,"column":null}},"412":{"start":{"line":1145,"column":2},"end":{"line":1151,"column":null}},"413":{"start":{"line":1146,"column":4},"end":{"line":1148,"column":null}},"414":{"start":{"line":1147,"column":6},"end":{"line":1147,"column":null}},"415":{"start":{"line":1149,"column":4},"end":{"line":1149,"column":null}},"416":{"start":{"line":1150,"column":4},"end":{"line":1150,"column":null}},"417":{"start":{"line":1153,"column":2},"end":{"line":1153,"column":null}},"418":{"start":{"line":1157,"column":2},"end":{"line":1157,"column":null}},"419":{"start":{"line":1159,"column":20},"end":{"line":1159,"column":null}},"420":{"start":{"line":1160,"column":2},"end":{"line":1160,"column":null}},"421":{"start":{"line":1160,"column":32},"end":{"line":1160,"column":null}},"422":{"start":{"line":1162,"column":19},"end":{"line":1162,"column":null}},"423":{"start":{"line":1164,"column":35},"end":{"line":1169,"column":null}},"424":{"start":{"line":1171,"column":2},"end":{"line":1174,"column":null}},"425":{"start":{"line":1172,"column":4},"end":{"line":1172,"column":null}},"426":{"start":{"line":1173,"column":4},"end":{"line":1173,"column":null}},"427":{"start":{"line":1176,"column":2},"end":{"line":1178,"column":null}},"428":{"start":{"line":1177,"column":4},"end":{"line":1177,"column":null}},"429":{"start":{"line":1180,"column":2},"end":{"line":1180,"column":null}}},"fnMap":{"0":{"name":"loginAdmin","decl":{"start":{"line":23,"column":22},"end":{"line":23,"column":33}},"loc":{"start":{"line":23,"column":51},"end":{"line":60,"column":null}},"line":23},"1":{"name":"logoutAdmin","decl":{"start":{"line":62,"column":22},"end":{"line":62,"column":36}},"loc":{"start":{"line":62,"column":36},"end":{"line":65,"column":null}},"line":62},"2":{"name":"requireAdmin","decl":{"start":{"line":67,"column":15},"end":{"line":67,"column":30}},"loc":{"start":{"line":67,"column":30},"end":{"line":70,"column":null}},"line":67},"3":{"name":"getDashboardStats","decl":{"start":{"line":89,"column":22},"end":{"line":89,"column":67}},"loc":{"start":{"line":89,"column":67},"end":{"line":129,"column":null}},"line":89},"4":{"name":"escapeIlike","decl":{"start":{"line":202,"column":9},"end":{"line":202,"column":21}},"loc":{"start":{"line":202,"column":44},"end":{"line":204,"column":null}},"line":202},"5":{"name":"applyOrderFilters","decl":{"start":{"line":207,"column":9},"end":{"line":207,"column":27}},"loc":{"start":{"line":207,"column":66},"end":{"line":247,"column":null}},"line":207},"6":{"name":"getOrders","decl":{"start":{"line":249,"column":22},"end":{"line":249,"column":32}},"loc":{"start":{"line":249,"column":131},"end":{"line":273,"column":null}},"line":249},"7":{"name":"getAllOrders","decl":{"start":{"line":275,"column":22},"end":{"line":275,"column":35}},"loc":{"start":{"line":275,"column":87},"end":{"line":304,"column":null}},"line":275},"8":{"name":"applyInvoiceFilters","decl":{"start":{"line":327,"column":9},"end":{"line":327,"column":29}},"loc":{"start":{"line":327,"column":70},"end":{"line":349,"column":null}},"line":327},"9":{"name":"getInvoices","decl":{"start":{"line":351,"column":22},"end":{"line":351,"column":34}},"loc":{"start":{"line":351,"column":139},"end":{"line":376,"column":null}},"line":351},"10":{"name":"getAllInvoices","decl":{"start":{"line":378,"column":22},"end":{"line":378,"column":37}},"loc":{"start":{"line":378,"column":93},"end":{"line":408,"column":null}},"line":378},"11":{"name":"getOrder","decl":{"start":{"line":410,"column":22},"end":{"line":410,"column":31}},"loc":{"start":{"line":410,"column":70},"end":{"line":431,"column":null}},"line":410},"12":{"name":"updateOrderStatus","decl":{"start":{"line":440,"column":22},"end":{"line":440,"column":null}},"loc":{"start":{"line":445,"column":2},"end":{"line":556,"column":null}},"line":445},"13":{"name":"getShipmentDefaults","decl":{"start":{"line":585,"column":22},"end":{"line":585,"column":42}},"loc":{"start":{"line":585,"column":126},"end":{"line":633,"column":null}},"line":585},"14":{"name":"(anonymous_14)","decl":{"start":{"line":600,"column":29},"end":{"line":600,"column":30}},"loc":{"start":{"line":600,"column":36},"end":{"line":600,"column":69}},"line":600},"15":{"name":"generateShipment","decl":{"start":{"line":635,"column":22},"end":{"line":635,"column":39}},"loc":{"start":{"line":635,"column":117},"end":{"line":735,"column":null}},"line":635},"16":{"name":"updateAdminNotes","decl":{"start":{"line":737,"column":22},"end":{"line":737,"column":39}},"loc":{"start":{"line":737,"column":71},"end":{"line":756,"column":null}},"line":737},"17":{"name":"issueInvoice","decl":{"start":{"line":758,"column":22},"end":{"line":758,"column":35}},"loc":{"start":{"line":758,"column":88},"end":{"line":815,"column":null}},"line":758},"18":{"name":"downloadInvoicePDF","decl":{"start":{"line":817,"column":22},"end":{"line":817,"column":41}},"loc":{"start":{"line":817,"column":108},"end":{"line":850,"column":null}},"line":817},"19":{"name":"sendShippingEmail","decl":{"start":{"line":852,"column":9},"end":{"line":852,"column":27}},"loc":{"start":{"line":852,"column":83},"end":{"line":895,"column":null}},"line":852},"20":{"name":"(anonymous_20)","decl":{"start":{"line":864,"column":9},"end":{"line":864,"column":10}},"loc":{"start":{"line":864,"column":19},"end":{"line":864,"column":111}},"line":864},"21":{"name":"(anonymous_21)","decl":{"start":{"line":892,"column":11},"end":{"line":892,"column":12}},"loc":{"start":{"line":892,"column":20},"end":{"line":894,"column":3}},"line":892},"22":{"name":"getSales","decl":{"start":{"line":910,"column":22},"end":{"line":910,"column":56}},"loc":{"start":{"line":910,"column":56},"end":{"line":925,"column":null}},"line":910},"23":{"name":"getLowestPrice30Days","decl":{"start":{"line":927,"column":15},"end":{"line":927,"column":36}},"loc":{"start":{"line":927,"column":72},"end":{"line":957,"column":null}},"line":927},"24":{"name":"(anonymous_24)","decl":{"start":{"line":928,"column":36},"end":{"line":928,"column":37}},"loc":{"start":{"line":928,"column":43},"end":{"line":928,"column":61}},"line":928},"25":{"name":"createSale","decl":{"start":{"line":959,"column":22},"end":{"line":959,"column":33}},"loc":{"start":{"line":964,"column":3},"end":{"line":1029,"column":null}},"line":964},"26":{"name":"(anonymous_26)","decl":{"start":{"line":967,"column":32},"end":{"line":967,"column":33}},"loc":{"start":{"line":967,"column":39},"end":{"line":967,"column":62}},"line":967},"27":{"name":"endSale","decl":{"start":{"line":1031,"column":22},"end":{"line":1031,"column":30}},"loc":{"start":{"line":1031,"column":46},"end":{"line":1057,"column":null}},"line":1031},"28":{"name":"getPromoCodes","decl":{"start":{"line":1075,"column":22},"end":{"line":1075,"column":66}},"loc":{"start":{"line":1075,"column":66},"end":{"line":1090,"column":null}},"line":1075},"29":{"name":"createPromoCode","decl":{"start":{"line":1094,"column":22},"end":{"line":1094,"column":38}},"loc":{"start":{"line":1102,"column":3},"end":{"line":1154,"column":null}},"line":1102},"30":{"name":"deactivatePromoCode","decl":{"start":{"line":1156,"column":22},"end":{"line":1156,"column":42}},"loc":{"start":{"line":1156,"column":59},"end":{"line":1181,"column":null}},"line":1156}},"branchMap":{"0":{"loc":{"start":{"line":25,"column":2},"end":{"line":25,"column":null}},"type":"if","locations":[{"start":{"line":25,"column":2},"end":{"line":25,"column":null}},{"start":{},"end":{}}],"line":25},"1":{"loc":{"start":{"line":30,"column":4},"end":{"line":32,"column":null}},"type":"if","locations":[{"start":{"line":30,"column":4},"end":{"line":32,"column":null}},{"start":{},"end":{}}],"line":30},"2":{"loc":{"start":{"line":36,"column":13},"end":{"line":36,"column":null}},"type":"binary-expr","locations":[{"start":{"line":36,"column":13},"end":{"line":36,"column":74}},{"start":{"line":36,"column":74},"end":{"line":36,"column":null}}],"line":36},"3":{"loc":{"start":{"line":38,"column":2},"end":{"line":40,"column":null}},"type":"if","locations":[{"start":{"line":38,"column":2},"end":{"line":40,"column":null}},{"start":{},"end":{}}],"line":38},"4":{"loc":{"start":{"line":38,"column":6},"end":{"line":38,"column":56}},"type":"binary-expr","locations":[{"start":{"line":38,"column":6},"end":{"line":38,"column":18}},{"start":{"line":38,"column":18},"end":{"line":38,"column":56}}],"line":38},"5":{"loc":{"start":{"line":48,"column":2},"end":{"line":55,"column":null}},"type":"if","locations":[{"start":{"line":48,"column":2},"end":{"line":55,"column":null}},{"start":{},"end":{}}],"line":48},"6":{"loc":{"start":{"line":49,"column":4},"end":{"line":53,"column":null}},"type":"if","locations":[{"start":{"line":49,"column":4},"end":{"line":53,"column":null}},{"start":{"line":51,"column":11},"end":{"line":53,"column":null}}],"line":49},"7":{"loc":{"start":{"line":69,"column":2},"end":{"line":69,"column":null}},"type":"if","locations":[{"start":{"line":69,"column":2},"end":{"line":69,"column":null}},{"start":{},"end":{}}],"line":69},"8":{"loc":{"start":{"line":96,"column":23},"end":{"line":96,"column":null}},"type":"cond-expr","locations":[{"start":{"line":96,"column":35},"end":{"line":96,"column":39}},{"start":{"line":96,"column":39},"end":{"line":96,"column":null}}],"line":96},"9":{"loc":{"start":{"line":107,"column":2},"end":{"line":110,"column":null}},"type":"if","locations":[{"start":{"line":107,"column":2},"end":{"line":110,"column":null}},{"start":{},"end":{}}],"line":107},"10":{"loc":{"start":{"line":112,"column":12},"end":{"line":112,"column":null}},"type":"binary-expr","locations":[{"start":{"line":112,"column":12},"end":{"line":112,"column":25}},{"start":{"line":112,"column":25},"end":{"line":112,"column":null}}],"line":112},"11":{"loc":{"start":{"line":122,"column":21},"end":{"line":122,"column":42}},"type":"binary-expr","locations":[{"start":{"line":122,"column":21},"end":{"line":122,"column":39}},{"start":{"line":122,"column":39},"end":{"line":122,"column":42}}],"line":122},"12":{"loc":{"start":{"line":122,"column":51},"end":{"line":122,"column":72}},"type":"binary-expr","locations":[{"start":{"line":122,"column":51},"end":{"line":122,"column":70}},{"start":{"line":122,"column":70},"end":{"line":122,"column":72}}],"line":122},"13":{"loc":{"start":{"line":123,"column":20},"end":{"line":123,"column":40}},"type":"binary-expr","locations":[{"start":{"line":123,"column":20},"end":{"line":123,"column":37}},{"start":{"line":123,"column":37},"end":{"line":123,"column":40}}],"line":123},"14":{"loc":{"start":{"line":123,"column":49},"end":{"line":123,"column":69}},"type":"binary-expr","locations":[{"start":{"line":123,"column":49},"end":{"line":123,"column":67}},{"start":{"line":123,"column":67},"end":{"line":123,"column":69}}],"line":123},"15":{"loc":{"start":{"line":124,"column":21},"end":{"line":124,"column":42}},"type":"binary-expr","locations":[{"start":{"line":124,"column":21},"end":{"line":124,"column":39}},{"start":{"line":124,"column":39},"end":{"line":124,"column":42}}],"line":124},"16":{"loc":{"start":{"line":124,"column":51},"end":{"line":124,"column":72}},"type":"binary-expr","locations":[{"start":{"line":124,"column":51},"end":{"line":124,"column":70}},{"start":{"line":124,"column":70},"end":{"line":124,"column":72}}],"line":124},"17":{"loc":{"start":{"line":125,"column":19},"end":{"line":125,"column":null}},"type":"binary-expr","locations":[{"start":{"line":125,"column":19},"end":{"line":125,"column":39}},{"start":{"line":125,"column":39},"end":{"line":125,"column":null}}],"line":125},"18":{"loc":{"start":{"line":126,"column":22},"end":{"line":126,"column":null}},"type":"binary-expr","locations":[{"start":{"line":126,"column":22},"end":{"line":126,"column":45}},{"start":{"line":126,"column":45},"end":{"line":126,"column":null}}],"line":126},"19":{"loc":{"start":{"line":127,"column":18},"end":{"line":127,"column":null}},"type":"binary-expr","locations":[{"start":{"line":127,"column":18},"end":{"line":127,"column":34}},{"start":{"line":127,"column":34},"end":{"line":127,"column":null}}],"line":127},"20":{"loc":{"start":{"line":209,"column":2},"end":{"line":211,"column":null}},"type":"if","locations":[{"start":{"line":209,"column":2},"end":{"line":211,"column":null}},{"start":{},"end":{}}],"line":209},"21":{"loc":{"start":{"line":209,"column":6},"end":{"line":209,"column":34}},"type":"binary-expr","locations":[{"start":{"line":209,"column":6},"end":{"line":209,"column":16}},{"start":{"line":209,"column":16},"end":{"line":209,"column":34}}],"line":209},"22":{"loc":{"start":{"line":214,"column":2},"end":{"line":216,"column":null}},"type":"if","locations":[{"start":{"line":214,"column":2},"end":{"line":216,"column":null}},{"start":{},"end":{}}],"line":214},"23":{"loc":{"start":{"line":219,"column":2},"end":{"line":221,"column":null}},"type":"if","locations":[{"start":{"line":219,"column":2},"end":{"line":221,"column":null}},{"start":{},"end":{}}],"line":219},"24":{"loc":{"start":{"line":224,"column":2},"end":{"line":235,"column":null}},"type":"if","locations":[{"start":{"line":224,"column":2},"end":{"line":235,"column":null}},{"start":{},"end":{}}],"line":224},"25":{"loc":{"start":{"line":227,"column":4},"end":{"line":234,"column":null}},"type":"if","locations":[{"start":{"line":227,"column":4},"end":{"line":234,"column":null}},{"start":{"line":230,"column":4},"end":{"line":234,"column":null}}],"line":227},"26":{"loc":{"start":{"line":230,"column":4},"end":{"line":234,"column":null}},"type":"if","locations":[{"start":{"line":230,"column":4},"end":{"line":234,"column":null}},{"start":{"line":232,"column":11},"end":{"line":234,"column":null}}],"line":230},"27":{"loc":{"start":{"line":238,"column":2},"end":{"line":244,"column":null}},"type":"if","locations":[{"start":{"line":238,"column":2},"end":{"line":244,"column":null}},{"start":{"line":240,"column":2},"end":{"line":244,"column":null}}],"line":238},"28":{"loc":{"start":{"line":240,"column":2},"end":{"line":244,"column":null}},"type":"if","locations":[{"start":{"line":240,"column":2},"end":{"line":244,"column":null}},{"start":{"line":242,"column":2},"end":{"line":244,"column":null}}],"line":240},"29":{"loc":{"start":{"line":242,"column":2},"end":{"line":244,"column":null}},"type":"if","locations":[{"start":{"line":242,"column":2},"end":{"line":244,"column":null}},{"start":{},"end":{}}],"line":242},"30":{"loc":{"start":{"line":253,"column":15},"end":{"line":253,"column":null}},"type":"binary-expr","locations":[{"start":{"line":253,"column":15},"end":{"line":253,"column":31}},{"start":{"line":253,"column":31},"end":{"line":253,"column":null}}],"line":253},"31":{"loc":{"start":{"line":267,"column":2},"end":{"line":270,"column":null}},"type":"if","locations":[{"start":{"line":267,"column":2},"end":{"line":270,"column":null}},{"start":{},"end":{}}],"line":267},"32":{"loc":{"start":{"line":272,"column":19},"end":{"line":272,"column":31}},"type":"binary-expr","locations":[{"start":{"line":272,"column":19},"end":{"line":272,"column":27}},{"start":{"line":272,"column":27},"end":{"line":272,"column":31}}],"line":272},"33":{"loc":{"start":{"line":272,"column":38},"end":{"line":272,"column":49}},"type":"binary-expr","locations":[{"start":{"line":272,"column":38},"end":{"line":272,"column":47}},{"start":{"line":272,"column":47},"end":{"line":272,"column":49}}],"line":272},"34":{"loc":{"start":{"line":293,"column":4},"end":{"line":296,"column":null}},"type":"if","locations":[{"start":{"line":293,"column":4},"end":{"line":296,"column":null}},{"start":{},"end":{}}],"line":293},"35":{"loc":{"start":{"line":298,"column":21},"end":{"line":298,"column":32}},"type":"binary-expr","locations":[{"start":{"line":298,"column":21},"end":{"line":298,"column":29}},{"start":{"line":298,"column":29},"end":{"line":298,"column":32}}],"line":298},"36":{"loc":{"start":{"line":299,"column":4},"end":{"line":299,"column":null}},"type":"if","locations":[{"start":{"line":299,"column":4},"end":{"line":299,"column":null}},{"start":{},"end":{}}],"line":299},"37":{"loc":{"start":{"line":299,"column":8},"end":{"line":299,"column":42}},"type":"binary-expr","locations":[{"start":{"line":299,"column":8},"end":{"line":299,"column":17}},{"start":{"line":299,"column":17},"end":{"line":299,"column":42}}],"line":299},"38":{"loc":{"start":{"line":329,"column":2},"end":{"line":331,"column":null}},"type":"if","locations":[{"start":{"line":329,"column":2},"end":{"line":331,"column":null}},{"start":{},"end":{}}],"line":329},"39":{"loc":{"start":{"line":334,"column":2},"end":{"line":336,"column":null}},"type":"if","locations":[{"start":{"line":334,"column":2},"end":{"line":336,"column":null}},{"start":{},"end":{}}],"line":334},"40":{"loc":{"start":{"line":339,"column":2},"end":{"line":346,"column":null}},"type":"if","locations":[{"start":{"line":339,"column":2},"end":{"line":346,"column":null}},{"start":{},"end":{}}],"line":339},"41":{"loc":{"start":{"line":341,"column":4},"end":{"line":345,"column":null}},"type":"if","locations":[{"start":{"line":341,"column":4},"end":{"line":345,"column":null}},{"start":{"line":343,"column":11},"end":{"line":345,"column":null}}],"line":341},"42":{"loc":{"start":{"line":355,"column":15},"end":{"line":355,"column":null}},"type":"binary-expr","locations":[{"start":{"line":355,"column":15},"end":{"line":355,"column":31}},{"start":{"line":355,"column":31},"end":{"line":355,"column":null}}],"line":355},"43":{"loc":{"start":{"line":370,"column":2},"end":{"line":373,"column":null}},"type":"if","locations":[{"start":{"line":370,"column":2},"end":{"line":373,"column":null}},{"start":{},"end":{}}],"line":370},"44":{"loc":{"start":{"line":375,"column":22},"end":{"line":375,"column":55}},"type":"binary-expr","locations":[{"start":{"line":375,"column":22},"end":{"line":375,"column":30}},{"start":{"line":375,"column":30},"end":{"line":375,"column":55}}],"line":375},"45":{"loc":{"start":{"line":375,"column":62},"end":{"line":375,"column":73}},"type":"binary-expr","locations":[{"start":{"line":375,"column":62},"end":{"line":375,"column":71}},{"start":{"line":375,"column":71},"end":{"line":375,"column":73}}],"line":375},"46":{"loc":{"start":{"line":397,"column":4},"end":{"line":400,"column":null}},"type":"if","locations":[{"start":{"line":397,"column":4},"end":{"line":400,"column":null}},{"start":{},"end":{}}],"line":397},"47":{"loc":{"start":{"line":402,"column":22},"end":{"line":402,"column":54}},"type":"binary-expr","locations":[{"start":{"line":402,"column":22},"end":{"line":402,"column":30}},{"start":{"line":402,"column":30},"end":{"line":402,"column":54}}],"line":402},"48":{"loc":{"start":{"line":403,"column":4},"end":{"line":403,"column":null}},"type":"if","locations":[{"start":{"line":403,"column":4},"end":{"line":403,"column":null}},{"start":{},"end":{}}],"line":403},"49":{"loc":{"start":{"line":403,"column":8},"end":{"line":403,"column":42}},"type":"binary-expr","locations":[{"start":{"line":403,"column":8},"end":{"line":403,"column":17}},{"start":{"line":403,"column":17},"end":{"line":403,"column":42}}],"line":403},"50":{"loc":{"start":{"line":414,"column":2},"end":{"line":416,"column":null}},"type":"if","locations":[{"start":{"line":414,"column":2},"end":{"line":416,"column":null}},{"start":{},"end":{}}],"line":414},"51":{"loc":{"start":{"line":426,"column":2},"end":{"line":428,"column":null}},"type":"if","locations":[{"start":{"line":426,"column":2},"end":{"line":428,"column":null}},{"start":{},"end":{}}],"line":426},"52":{"loc":{"start":{"line":426,"column":6},"end":{"line":426,"column":22}},"type":"binary-expr","locations":[{"start":{"line":426,"column":6},"end":{"line":426,"column":15}},{"start":{"line":426,"column":15},"end":{"line":426,"column":22}}],"line":426},"53":{"loc":{"start":{"line":449,"column":2},"end":{"line":451,"column":null}},"type":"if","locations":[{"start":{"line":449,"column":2},"end":{"line":451,"column":null}},{"start":{},"end":{}}],"line":449},"54":{"loc":{"start":{"line":453,"column":2},"end":{"line":455,"column":null}},"type":"if","locations":[{"start":{"line":453,"column":2},"end":{"line":455,"column":null}},{"start":{},"end":{}}],"line":453},"55":{"loc":{"start":{"line":453,"column":6},"end":{"line":453,"column":90}},"type":"binary-expr","locations":[{"start":{"line":453,"column":6},"end":{"line":453,"column":34}},{"start":{"line":453,"column":34},"end":{"line":453,"column":53}},{"start":{"line":453,"column":53},"end":{"line":453,"column":90}}],"line":453},"56":{"loc":{"start":{"line":456,"column":2},"end":{"line":458,"column":null}},"type":"if","locations":[{"start":{"line":456,"column":2},"end":{"line":458,"column":null}},{"start":{},"end":{}}],"line":456},"57":{"loc":{"start":{"line":456,"column":6},"end":{"line":456,"column":53}},"type":"binary-expr","locations":[{"start":{"line":456,"column":6},"end":{"line":456,"column":24}},{"start":{"line":456,"column":24},"end":{"line":456,"column":53}}],"line":456},"58":{"loc":{"start":{"line":459,"column":2},"end":{"line":461,"column":null}},"type":"if","locations":[{"start":{"line":459,"column":2},"end":{"line":461,"column":null}},{"start":{},"end":{}}],"line":459},"59":{"loc":{"start":{"line":459,"column":6},"end":{"line":459,"column":62}},"type":"binary-expr","locations":[{"start":{"line":459,"column":6},"end":{"line":459,"column":28}},{"start":{"line":459,"column":28},"end":{"line":459,"column":62}}],"line":459},"60":{"loc":{"start":{"line":472,"column":2},"end":{"line":474,"column":null}},"type":"if","locations":[{"start":{"line":472,"column":2},"end":{"line":474,"column":null}},{"start":{},"end":{}}],"line":472},"61":{"loc":{"start":{"line":472,"column":6},"end":{"line":472,"column":28}},"type":"binary-expr","locations":[{"start":{"line":472,"column":6},"end":{"line":472,"column":20}},{"start":{"line":472,"column":20},"end":{"line":472,"column":28}}],"line":472},"62":{"loc":{"start":{"line":478,"column":2},"end":{"line":480,"column":null}},"type":"if","locations":[{"start":{"line":478,"column":2},"end":{"line":480,"column":null}},{"start":{},"end":{}}],"line":478},"63":{"loc":{"start":{"line":478,"column":6},"end":{"line":478,"column":48}},"type":"binary-expr","locations":[{"start":{"line":478,"column":6},"end":{"line":478,"column":18}},{"start":{"line":478,"column":18},"end":{"line":478,"column":48}}],"line":478},"64":{"loc":{"start":{"line":485,"column":2},"end":{"line":487,"column":null}},"type":"if","locations":[{"start":{"line":485,"column":2},"end":{"line":487,"column":null}},{"start":{},"end":{}}],"line":485},"65":{"loc":{"start":{"line":488,"column":2},"end":{"line":491,"column":null}},"type":"if","locations":[{"start":{"line":488,"column":2},"end":{"line":491,"column":null}},{"start":{},"end":{}}],"line":488},"66":{"loc":{"start":{"line":490,"column":4},"end":{"line":490,"column":null}},"type":"if","locations":[{"start":{"line":490,"column":4},"end":{"line":490,"column":null}},{"start":{},"end":{}}],"line":490},"67":{"loc":{"start":{"line":492,"column":2},"end":{"line":494,"column":null}},"type":"if","locations":[{"start":{"line":492,"column":2},"end":{"line":494,"column":null}},{"start":{},"end":{}}],"line":492},"68":{"loc":{"start":{"line":495,"column":2},"end":{"line":498,"column":null}},"type":"if","locations":[{"start":{"line":495,"column":2},"end":{"line":498,"column":null}},{"start":{},"end":{}}],"line":495},"69":{"loc":{"start":{"line":497,"column":4},"end":{"line":497,"column":null}},"type":"if","locations":[{"start":{"line":497,"column":4},"end":{"line":497,"column":null}},{"start":{},"end":{}}],"line":497},"70":{"loc":{"start":{"line":508,"column":2},"end":{"line":511,"column":null}},"type":"if","locations":[{"start":{"line":508,"column":2},"end":{"line":511,"column":null}},{"start":{},"end":{}}],"line":508},"71":{"loc":{"start":{"line":513,"column":2},"end":{"line":515,"column":null}},"type":"if","locations":[{"start":{"line":513,"column":2},"end":{"line":515,"column":null}},{"start":{},"end":{}}],"line":513},"72":{"loc":{"start":{"line":513,"column":6},"end":{"line":513,"column":40}},"type":"binary-expr","locations":[{"start":{"line":513,"column":6},"end":{"line":513,"column":18}},{"start":{"line":513,"column":18},"end":{"line":513,"column":40}}],"line":513},"73":{"loc":{"start":{"line":518,"column":2},"end":{"line":520,"column":null}},"type":"if","locations":[{"start":{"line":518,"column":2},"end":{"line":520,"column":null}},{"start":{},"end":{}}],"line":518},"74":{"loc":{"start":{"line":523,"column":2},"end":{"line":553,"column":null}},"type":"if","locations":[{"start":{"line":523,"column":2},"end":{"line":553,"column":null}},{"start":{},"end":{}}],"line":523},"75":{"loc":{"start":{"line":523,"column":6},"end":{"line":523,"column":136}},"type":"binary-expr","locations":[{"start":{"line":523,"column":6},"end":{"line":523,"column":35}},{"start":{"line":523,"column":35},"end":{"line":523,"column":69}},{"start":{"line":523,"column":69},"end":{"line":523,"column":92}},{"start":{"line":523,"column":92},"end":{"line":523,"column":113}},{"start":{"line":523,"column":113},"end":{"line":523,"column":136}}],"line":523},"76":{"loc":{"start":{"line":529,"column":6},"end":{"line":549,"column":null}},"type":"if","locations":[{"start":{"line":529,"column":6},"end":{"line":549,"column":null}},{"start":{"line":531,"column":13},"end":{"line":549,"column":null}}],"line":529},"77":{"loc":{"start":{"line":529,"column":10},"end":{"line":529,"column":38}},"type":"binary-expr","locations":[{"start":{"line":529,"column":10},"end":{"line":529,"column":22}},{"start":{"line":529,"column":22},"end":{"line":529,"column":38}}],"line":529},"78":{"loc":{"start":{"line":589,"column":2},"end":{"line":589,"column":null}},"type":"if","locations":[{"start":{"line":589,"column":2},"end":{"line":589,"column":null}},{"start":{},"end":{}}],"line":589},"79":{"loc":{"start":{"line":598,"column":2},"end":{"line":598,"column":null}},"type":"if","locations":[{"start":{"line":598,"column":2},"end":{"line":598,"column":null}},{"start":{},"end":{}}],"line":598},"80":{"loc":{"start":{"line":598,"column":6},"end":{"line":598,"column":23}},"type":"binary-expr","locations":[{"start":{"line":598,"column":6},"end":{"line":598,"column":15}},{"start":{"line":598,"column":15},"end":{"line":598,"column":23}}],"line":598},"81":{"loc":{"start":{"line":601,"column":18},"end":{"line":601,"column":null}},"type":"binary-expr","locations":[{"start":{"line":601,"column":18},"end":{"line":601,"column":45}},{"start":{"line":601,"column":45},"end":{"line":601,"column":null}}],"line":601},"82":{"loc":{"start":{"line":607,"column":18},"end":{"line":607,"column":null}},"type":"binary-expr","locations":[{"start":{"line":607,"column":18},"end":{"line":607,"column":53}},{"start":{"line":607,"column":53},"end":{"line":607,"column":null}}],"line":607},"83":{"loc":{"start":{"line":608,"column":19},"end":{"line":608,"column":null}},"type":"binary-expr","locations":[{"start":{"line":608,"column":19},"end":{"line":608,"column":47}},{"start":{"line":608,"column":47},"end":{"line":608,"column":null}}],"line":608},"84":{"loc":{"start":{"line":609,"column":19},"end":{"line":609,"column":null}},"type":"binary-expr","locations":[{"start":{"line":609,"column":19},"end":{"line":609,"column":47}},{"start":{"line":609,"column":47},"end":{"line":609,"column":null}}],"line":609},"85":{"loc":{"start":{"line":610,"column":21},"end":{"line":610,"column":null}},"type":"binary-expr","locations":[{"start":{"line":610,"column":21},"end":{"line":610,"column":51}},{"start":{"line":610,"column":51},"end":{"line":610,"column":null}}],"line":610},"86":{"loc":{"start":{"line":611,"column":18},"end":{"line":611,"column":null}},"type":"binary-expr","locations":[{"start":{"line":611,"column":18},"end":{"line":611,"column":45}},{"start":{"line":611,"column":45},"end":{"line":611,"column":null}}],"line":611},"87":{"loc":{"start":{"line":612,"column":24},"end":{"line":612,"column":null}},"type":"binary-expr","locations":[{"start":{"line":612,"column":24},"end":{"line":612,"column":58}},{"start":{"line":612,"column":58},"end":{"line":612,"column":null}}],"line":612},"88":{"loc":{"start":{"line":613,"column":24},"end":{"line":613,"column":null}},"type":"binary-expr","locations":[{"start":{"line":613,"column":24},"end":{"line":613,"column":64}},{"start":{"line":613,"column":64},"end":{"line":613,"column":null}}],"line":613},"89":{"loc":{"start":{"line":617,"column":24},"end":{"line":617,"column":null}},"type":"binary-expr","locations":[{"start":{"line":617,"column":24},"end":{"line":617,"column":41}},{"start":{"line":617,"column":41},"end":{"line":617,"column":null}}],"line":617},"90":{"loc":{"start":{"line":618,"column":27},"end":{"line":618,"column":null}},"type":"binary-expr","locations":[{"start":{"line":618,"column":27},"end":{"line":618,"column":48}},{"start":{"line":618,"column":48},"end":{"line":618,"column":null}}],"line":618},"91":{"loc":{"start":{"line":619,"column":25},"end":{"line":619,"column":null}},"type":"cond-expr","locations":[{"start":{"line":619,"column":36},"end":{"line":619,"column":75}},{"start":{"line":619,"column":75},"end":{"line":619,"column":null}}],"line":619},"92":{"loc":{"start":{"line":619,"column":43},"end":{"line":619,"column":71}},"type":"binary-expr","locations":[{"start":{"line":619,"column":43},"end":{"line":619,"column":69}},{"start":{"line":619,"column":69},"end":{"line":619,"column":71}}],"line":619},"93":{"loc":{"start":{"line":620,"column":27},"end":{"line":620,"column":null}},"type":"cond-expr","locations":[{"start":{"line":620,"column":39},"end":{"line":620,"column":72}},{"start":{"line":620,"column":72},"end":{"line":620,"column":null}}],"line":620},"94":{"loc":{"start":{"line":620,"column":39},"end":{"line":620,"column":72}},"type":"binary-expr","locations":[{"start":{"line":620,"column":39},"end":{"line":620,"column":66}},{"start":{"line":620,"column":66},"end":{"line":620,"column":72}}],"line":620},"95":{"loc":{"start":{"line":621,"column":27},"end":{"line":623,"column":null}},"type":"cond-expr","locations":[{"start":{"line":622,"column":11},"end":{"line":622,"column":null}},{"start":{"line":623,"column":10},"end":{"line":623,"column":null}}],"line":621},"96":{"loc":{"start":{"line":622,"column":11},"end":{"line":622,"column":null}},"type":"binary-expr","locations":[{"start":{"line":622,"column":11},"end":{"line":622,"column":39}},{"start":{"line":622,"column":39},"end":{"line":622,"column":66}},{"start":{"line":622,"column":66},"end":{"line":622,"column":null}}],"line":622},"97":{"loc":{"start":{"line":628,"column":17},"end":{"line":628,"column":null}},"type":"cond-expr","locations":[{"start":{"line":628,"column":25},"end":{"line":628,"column":52}},{"start":{"line":628,"column":52},"end":{"line":628,"column":null}}],"line":628},"98":{"loc":{"start":{"line":629,"column":15},"end":{"line":629,"column":null}},"type":"cond-expr","locations":[{"start":{"line":629,"column":46},"end":{"line":629,"column":57}},{"start":{"line":629,"column":57},"end":{"line":629,"column":null}}],"line":629},"99":{"loc":{"start":{"line":630,"column":20},"end":{"line":630,"column":null}},"type":"cond-expr","locations":[{"start":{"line":630,"column":31},"end":{"line":630,"column":42}},{"start":{"line":630,"column":42},"end":{"line":630,"column":null}}],"line":630},"100":{"loc":{"start":{"line":639,"column":2},"end":{"line":639,"column":null}},"type":"if","locations":[{"start":{"line":639,"column":2},"end":{"line":639,"column":null}},{"start":{},"end":{}}],"line":639},"101":{"loc":{"start":{"line":640,"column":2},"end":{"line":640,"column":null}},"type":"if","locations":[{"start":{"line":640,"column":2},"end":{"line":640,"column":null}},{"start":{},"end":{}}],"line":640},"102":{"loc":{"start":{"line":640,"column":6},"end":{"line":640,"column":61}},"type":"binary-expr","locations":[{"start":{"line":640,"column":6},"end":{"line":640,"column":22}},{"start":{"line":640,"column":22},"end":{"line":640,"column":43}},{"start":{"line":640,"column":43},"end":{"line":640,"column":61}}],"line":640},"103":{"loc":{"start":{"line":641,"column":2},"end":{"line":641,"column":null}},"type":"if","locations":[{"start":{"line":641,"column":2},"end":{"line":641,"column":null}},{"start":{},"end":{}}],"line":641},"104":{"loc":{"start":{"line":642,"column":2},"end":{"line":642,"column":null}},"type":"if","locations":[{"start":{"line":642,"column":2},"end":{"line":642,"column":null}},{"start":{},"end":{}}],"line":642},"105":{"loc":{"start":{"line":643,"column":2},"end":{"line":643,"column":null}},"type":"if","locations":[{"start":{"line":643,"column":2},"end":{"line":643,"column":null}},{"start":{},"end":{}}],"line":643},"106":{"loc":{"start":{"line":644,"column":2},"end":{"line":644,"column":null}},"type":"if","locations":[{"start":{"line":644,"column":2},"end":{"line":644,"column":null}},{"start":{},"end":{}}],"line":644},"107":{"loc":{"start":{"line":658,"column":2},"end":{"line":665,"column":null}},"type":"if","locations":[{"start":{"line":658,"column":2},"end":{"line":665,"column":null}},{"start":{},"end":{}}],"line":658},"108":{"loc":{"start":{"line":658,"column":6},"end":{"line":658,"column":28}},"type":"binary-expr","locations":[{"start":{"line":658,"column":6},"end":{"line":658,"column":19}},{"start":{"line":658,"column":19},"end":{"line":658,"column":28}}],"line":658},"109":{"loc":{"start":{"line":661,"column":4},"end":{"line":661,"column":null}},"type":"if","locations":[{"start":{"line":661,"column":4},"end":{"line":661,"column":null}},{"start":{},"end":{}}],"line":661},"110":{"loc":{"start":{"line":662,"column":4},"end":{"line":662,"column":null}},"type":"if","locations":[{"start":{"line":662,"column":4},"end":{"line":662,"column":null}},{"start":{},"end":{}}],"line":662},"111":{"loc":{"start":{"line":663,"column":4},"end":{"line":663,"column":null}},"type":"if","locations":[{"start":{"line":663,"column":4},"end":{"line":663,"column":null}},{"start":{},"end":{}}],"line":663},"112":{"loc":{"start":{"line":671,"column":18},"end":{"line":671,"column":null}},"type":"cond-expr","locations":[{"start":{"line":671,"column":49},"end":{"line":671,"column":60}},{"start":{"line":671,"column":60},"end":{"line":671,"column":null}}],"line":671},"113":{"loc":{"start":{"line":672,"column":23},"end":{"line":672,"column":null}},"type":"cond-expr","locations":[{"start":{"line":672,"column":53},"end":{"line":672,"column":64}},{"start":{"line":672,"column":64},"end":{"line":672,"column":null}}],"line":672},"114":{"loc":{"start":{"line":676,"column":20},"end":{"line":676,"column":null}},"type":"cond-expr","locations":[{"start":{"line":676,"column":28},"end":{"line":676,"column":55}},{"start":{"line":676,"column":55},"end":{"line":676,"column":null}}],"line":676},"115":{"loc":{"start":{"line":681,"column":4},"end":{"line":714,"column":null}},"type":"if","locations":[{"start":{"line":681,"column":4},"end":{"line":714,"column":null}},{"start":{"line":691,"column":11},"end":{"line":714,"column":null}}],"line":681},"116":{"loc":{"start":{"line":685,"column":18},"end":{"line":685,"column":null}},"type":"cond-expr","locations":[{"start":{"line":685,"column":46},"end":{"line":685,"column":92}},{"start":{"line":685,"column":92},"end":{"line":685,"column":null}}],"line":685},"117":{"loc":{"start":{"line":685,"column":46},"end":{"line":685,"column":92}},"type":"binary-expr","locations":[{"start":{"line":685,"column":46},"end":{"line":685,"column":80}},{"start":{"line":685,"column":80},"end":{"line":685,"column":92}}],"line":685},"118":{"loc":{"start":{"line":696,"column":26},"end":{"line":696,"column":null}},"type":"binary-expr","locations":[{"start":{"line":696,"column":26},"end":{"line":696,"column":58}},{"start":{"line":696,"column":58},"end":{"line":696,"column":null}}],"line":696},"119":{"loc":{"start":{"line":702,"column":20},"end":{"line":702,"column":null}},"type":"cond-expr","locations":[{"start":{"line":702,"column":48},"end":{"line":702,"column":75}},{"start":{"line":702,"column":75},"end":{"line":702,"column":null}}],"line":702},"120":{"loc":{"start":{"line":703,"column":17},"end":{"line":708,"column":null}},"type":"cond-expr","locations":[{"start":{"line":703,"column":46},"end":{"line":708,"column":12}},{"start":{"line":708,"column":12},"end":{"line":708,"column":null}}],"line":703},"121":{"loc":{"start":{"line":728,"column":2},"end":{"line":732,"column":null}},"type":"if","locations":[{"start":{"line":728,"column":2},"end":{"line":732,"column":null}},{"start":{},"end":{}}],"line":728},"122":{"loc":{"start":{"line":741,"column":2},"end":{"line":741,"column":null}},"type":"if","locations":[{"start":{"line":741,"column":2},"end":{"line":741,"column":null}},{"start":{},"end":{}}],"line":741},"123":{"loc":{"start":{"line":742,"column":2},"end":{"line":742,"column":null}},"type":"if","locations":[{"start":{"line":742,"column":2},"end":{"line":742,"column":null}},{"start":{},"end":{}}],"line":742},"124":{"loc":{"start":{"line":747,"column":27},"end":{"line":747,"column":48}},"type":"binary-expr","locations":[{"start":{"line":747,"column":27},"end":{"line":747,"column":43}},{"start":{"line":747,"column":43},"end":{"line":747,"column":48}}],"line":747},"125":{"loc":{"start":{"line":750,"column":2},"end":{"line":753,"column":null}},"type":"if","locations":[{"start":{"line":750,"column":2},"end":{"line":753,"column":null}},{"start":{},"end":{}}],"line":750},"126":{"loc":{"start":{"line":762,"column":2},"end":{"line":762,"column":null}},"type":"if","locations":[{"start":{"line":762,"column":2},"end":{"line":762,"column":null}},{"start":{},"end":{}}],"line":762},"127":{"loc":{"start":{"line":771,"column":2},"end":{"line":771,"column":null}},"type":"if","locations":[{"start":{"line":771,"column":2},"end":{"line":771,"column":null}},{"start":{},"end":{}}],"line":771},"128":{"loc":{"start":{"line":771,"column":6},"end":{"line":771,"column":23}},"type":"binary-expr","locations":[{"start":{"line":771,"column":6},"end":{"line":771,"column":15}},{"start":{"line":771,"column":15},"end":{"line":771,"column":23}}],"line":771},"129":{"loc":{"start":{"line":772,"column":2},"end":{"line":772,"column":null}},"type":"if","locations":[{"start":{"line":772,"column":2},"end":{"line":772,"column":null}},{"start":{},"end":{}}],"line":772},"130":{"loc":{"start":{"line":779,"column":2},"end":{"line":784,"column":null}},"type":"if","locations":[{"start":{"line":779,"column":2},"end":{"line":784,"column":null}},{"start":{},"end":{}}],"line":779},"131":{"loc":{"start":{"line":779,"column":6},"end":{"line":779,"column":34}},"type":"binary-expr","locations":[{"start":{"line":779,"column":6},"end":{"line":779,"column":18}},{"start":{"line":779,"column":18},"end":{"line":779,"column":34}}],"line":779},"132":{"loc":{"start":{"line":781,"column":20},"end":{"line":783,"column":33}},"type":"cond-expr","locations":[{"start":{"line":782,"column":8},"end":{"line":782,"column":null}},{"start":{"line":783,"column":8},"end":{"line":783,"column":33}}],"line":781},"133":{"loc":{"start":{"line":793,"column":22},"end":{"line":793,"column":null}},"type":"cond-expr","locations":[{"start":{"line":793,"column":51},"end":{"line":793,"column":89}},{"start":{"line":793,"column":89},"end":{"line":793,"column":null}}],"line":793},"134":{"loc":{"start":{"line":800,"column":11},"end":{"line":800,"column":null}},"type":"binary-expr","locations":[{"start":{"line":800,"column":11},"end":{"line":800,"column":27}},{"start":{"line":800,"column":27},"end":{"line":800,"column":null}}],"line":800},"135":{"loc":{"start":{"line":821,"column":2},"end":{"line":821,"column":null}},"type":"if","locations":[{"start":{"line":821,"column":2},"end":{"line":821,"column":null}},{"start":{},"end":{}}],"line":821},"136":{"loc":{"start":{"line":830,"column":2},"end":{"line":830,"column":null}},"type":"if","locations":[{"start":{"line":830,"column":2},"end":{"line":830,"column":null}},{"start":{},"end":{}}],"line":830},"137":{"loc":{"start":{"line":830,"column":6},"end":{"line":830,"column":23}},"type":"binary-expr","locations":[{"start":{"line":830,"column":6},"end":{"line":830,"column":15}},{"start":{"line":830,"column":15},"end":{"line":830,"column":23}}],"line":830},"138":{"loc":{"start":{"line":834,"column":24},"end":{"line":834,"column":null}},"type":"binary-expr","locations":[{"start":{"line":834,"column":24},"end":{"line":834,"column":48}},{"start":{"line":834,"column":48},"end":{"line":834,"column":null}}],"line":834},"139":{"loc":{"start":{"line":835,"column":15},"end":{"line":835,"column":null}},"type":"cond-expr","locations":[{"start":{"line":835,"column":28},"end":{"line":835,"column":49}},{"start":{"line":835,"column":49},"end":{"line":835,"column":null}}],"line":835},"140":{"loc":{"start":{"line":840,"column":17},"end":{"line":840,"column":null}},"type":"cond-expr","locations":[{"start":{"line":840,"column":38},"end":{"line":840,"column":69}},{"start":{"line":840,"column":69},"end":{"line":840,"column":null}}],"line":840},"141":{"loc":{"start":{"line":845,"column":19},"end":{"line":847,"column":null}},"type":"cond-expr","locations":[{"start":{"line":846,"column":6},"end":{"line":846,"column":null}},{"start":{"line":847,"column":6},"end":{"line":847,"column":null}}],"line":845},"142":{"loc":{"start":{"line":853,"column":2},"end":{"line":853,"column":null}},"type":"if","locations":[{"start":{"line":853,"column":2},"end":{"line":853,"column":null}},{"start":{},"end":{}}],"line":853},"143":{"loc":{"start":{"line":867,"column":26},"end":{"line":867,"column":null}},"type":"cond-expr","locations":[{"start":{"line":867,"column":52},"end":{"line":867,"column":128}},{"start":{"line":867,"column":128},"end":{"line":867,"column":null}}],"line":867},"144":{"loc":{"start":{"line":867,"column":91},"end":{"line":867,"column":123}},"type":"binary-expr","locations":[{"start":{"line":867,"column":91},"end":{"line":867,"column":121}},{"start":{"line":867,"column":121},"end":{"line":867,"column":123}}],"line":867},"145":{"loc":{"start":{"line":868,"column":27},"end":{"line":868,"column":null}},"type":"cond-expr","locations":[{"start":{"line":868,"column":54},"end":{"line":868,"column":132}},{"start":{"line":868,"column":132},"end":{"line":868,"column":null}}],"line":868},"146":{"loc":{"start":{"line":868,"column":94},"end":{"line":868,"column":127}},"type":"binary-expr","locations":[{"start":{"line":868,"column":94},"end":{"line":868,"column":125}},{"start":{"line":868,"column":125},"end":{"line":868,"column":127}}],"line":868},"147":{"loc":{"start":{"line":871,"column":10},"end":{"line":871,"column":null}},"type":"binary-expr","locations":[{"start":{"line":871,"column":10},"end":{"line":871,"column":36}},{"start":{"line":871,"column":36},"end":{"line":871,"column":null}}],"line":871},"148":{"loc":{"start":{"line":919,"column":2},"end":{"line":922,"column":null}},"type":"if","locations":[{"start":{"line":919,"column":2},"end":{"line":922,"column":null}},{"start":{},"end":{}}],"line":919},"149":{"loc":{"start":{"line":924,"column":9},"end":{"line":924,"column":null}},"type":"binary-expr","locations":[{"start":{"line":924,"column":9},"end":{"line":924,"column":17}},{"start":{"line":924,"column":17},"end":{"line":924,"column":null}}],"line":924},"150":{"loc":{"start":{"line":929,"column":2},"end":{"line":929,"column":null}},"type":"if","locations":[{"start":{"line":929,"column":2},"end":{"line":929,"column":null}},{"start":{},"end":{}}],"line":929},"151":{"loc":{"start":{"line":953,"column":21},"end":{"line":953,"column":null}},"type":"binary-expr","locations":[{"start":{"line":953,"column":21},"end":{"line":953,"column":53}},{"start":{"line":953,"column":53},"end":{"line":953,"column":null}}],"line":953},"152":{"loc":{"start":{"line":954,"column":18},"end":{"line":954,"column":null}},"type":"binary-expr","locations":[{"start":{"line":954,"column":18},"end":{"line":954,"column":57}},{"start":{"line":954,"column":57},"end":{"line":954,"column":null}}],"line":954},"153":{"loc":{"start":{"line":968,"column":2},"end":{"line":968,"column":null}},"type":"if","locations":[{"start":{"line":968,"column":2},"end":{"line":968,"column":null}},{"start":{},"end":{}}],"line":968},"154":{"loc":{"start":{"line":970,"column":2},"end":{"line":972,"column":null}},"type":"if","locations":[{"start":{"line":970,"column":2},"end":{"line":972,"column":null}},{"start":{},"end":{}}],"line":970},"155":{"loc":{"start":{"line":970,"column":6},"end":{"line":970,"column":78}},"type":"binary-expr","locations":[{"start":{"line":970,"column":6},"end":{"line":970,"column":50}},{"start":{"line":970,"column":50},"end":{"line":970,"column":78}}],"line":970},"156":{"loc":{"start":{"line":974,"column":2},"end":{"line":978,"column":null}},"type":"if","locations":[{"start":{"line":974,"column":2},"end":{"line":978,"column":null}},{"start":{},"end":{}}],"line":974},"157":{"loc":{"start":{"line":980,"column":2},"end":{"line":988,"column":null}},"type":"if","locations":[{"start":{"line":980,"column":2},"end":{"line":988,"column":null}},{"start":{},"end":{}}],"line":980},"158":{"loc":{"start":{"line":982,"column":4},"end":{"line":984,"column":null}},"type":"if","locations":[{"start":{"line":982,"column":4},"end":{"line":984,"column":null}},{"start":{},"end":{}}],"line":982},"159":{"loc":{"start":{"line":985,"column":4},"end":{"line":987,"column":null}},"type":"if","locations":[{"start":{"line":985,"column":4},"end":{"line":987,"column":null}},{"start":{},"end":{}}],"line":985},"160":{"loc":{"start":{"line":1002,"column":2},"end":{"line":1005,"column":null}},"type":"if","locations":[{"start":{"line":1002,"column":2},"end":{"line":1005,"column":null}},{"start":{},"end":{}}],"line":1002},"161":{"loc":{"start":{"line":1017,"column":15},"end":{"line":1017,"column":null}},"type":"binary-expr","locations":[{"start":{"line":1017,"column":15},"end":{"line":1017,"column":32}},{"start":{"line":1017,"column":20},"end":{"line":1017,"column":null}}],"line":1017},"162":{"loc":{"start":{"line":1018,"column":13},"end":{"line":1018,"column":null}},"type":"binary-expr","locations":[{"start":{"line":1018,"column":13},"end":{"line":1018,"column":28}},{"start":{"line":1018,"column":28},"end":{"line":1018,"column":null}}],"line":1018},"163":{"loc":{"start":{"line":1022,"column":2},"end":{"line":1025,"column":null}},"type":"if","locations":[{"start":{"line":1022,"column":2},"end":{"line":1025,"column":null}},{"start":{},"end":{}}],"line":1022},"164":{"loc":{"start":{"line":1035,"column":2},"end":{"line":1035,"column":null}},"type":"if","locations":[{"start":{"line":1035,"column":2},"end":{"line":1035,"column":null}},{"start":{},"end":{}}],"line":1035},"165":{"loc":{"start":{"line":1046,"column":2},"end":{"line":1049,"column":null}},"type":"if","locations":[{"start":{"line":1046,"column":2},"end":{"line":1049,"column":null}},{"start":{},"end":{}}],"line":1046},"166":{"loc":{"start":{"line":1051,"column":2},"end":{"line":1053,"column":null}},"type":"if","locations":[{"start":{"line":1051,"column":2},"end":{"line":1053,"column":null}},{"start":{},"end":{}}],"line":1051},"167":{"loc":{"start":{"line":1051,"column":6},"end":{"line":1051,"column":40}},"type":"binary-expr","locations":[{"start":{"line":1051,"column":6},"end":{"line":1051,"column":18}},{"start":{"line":1051,"column":18},"end":{"line":1051,"column":40}}],"line":1051},"168":{"loc":{"start":{"line":1084,"column":2},"end":{"line":1087,"column":null}},"type":"if","locations":[{"start":{"line":1084,"column":2},"end":{"line":1087,"column":null}},{"start":{},"end":{}}],"line":1084},"169":{"loc":{"start":{"line":1089,"column":9},"end":{"line":1089,"column":null}},"type":"binary-expr","locations":[{"start":{"line":1089,"column":9},"end":{"line":1089,"column":17}},{"start":{"line":1089,"column":17},"end":{"line":1089,"column":null}}],"line":1089},"170":{"loc":{"start":{"line":1106,"column":2},"end":{"line":1108,"column":null}},"type":"if","locations":[{"start":{"line":1106,"column":2},"end":{"line":1108,"column":null}},{"start":{},"end":{}}],"line":1106},"171":{"loc":{"start":{"line":1110,"column":2},"end":{"line":1112,"column":null}},"type":"if","locations":[{"start":{"line":1110,"column":2},"end":{"line":1112,"column":null}},{"start":{},"end":{}}],"line":1110},"172":{"loc":{"start":{"line":1110,"column":6},"end":{"line":1110,"column":74}},"type":"binary-expr","locations":[{"start":{"line":1110,"column":6},"end":{"line":1110,"column":48}},{"start":{"line":1110,"column":48},"end":{"line":1110,"column":74}}],"line":1110},"173":{"loc":{"start":{"line":1114,"column":2},"end":{"line":1116,"column":null}},"type":"if","locations":[{"start":{"line":1114,"column":2},"end":{"line":1116,"column":null}},{"start":{},"end":{}}],"line":1114},"174":{"loc":{"start":{"line":1114,"column":6},"end":{"line":1114,"column":72}},"type":"binary-expr","locations":[{"start":{"line":1114,"column":6},"end":{"line":1114,"column":45}},{"start":{"line":1114,"column":45},"end":{"line":1114,"column":72}}],"line":1114},"175":{"loc":{"start":{"line":1118,"column":2},"end":{"line":1120,"column":null}},"type":"if","locations":[{"start":{"line":1118,"column":2},"end":{"line":1120,"column":null}},{"start":{},"end":{}}],"line":1118},"176":{"loc":{"start":{"line":1122,"column":2},"end":{"line":1124,"column":null}},"type":"if","locations":[{"start":{"line":1122,"column":2},"end":{"line":1124,"column":null}},{"start":{},"end":{}}],"line":1122},"177":{"loc":{"start":{"line":1122,"column":6},"end":{"line":1122,"column":52}},"type":"binary-expr","locations":[{"start":{"line":1122,"column":6},"end":{"line":1122,"column":32}},{"start":{"line":1122,"column":32},"end":{"line":1122,"column":52}}],"line":1122},"178":{"loc":{"start":{"line":1126,"column":2},"end":{"line":1130,"column":null}},"type":"if","locations":[{"start":{"line":1126,"column":2},"end":{"line":1130,"column":null}},{"start":{},"end":{}}],"line":1126},"179":{"loc":{"start":{"line":1128,"column":4},"e
[...]
,"/Users/sgrueva/pbars/tests/helpers/supabase-mock.ts": {"path":"/Users/sgrueva/pbars/tests/helpers/supabase-mock.ts","statementMap":{"0":{"start":{"line":8,"column":57},"end":{"line":27,"column":null}},"1":{"start":{"line":9,"column":22},"end":{"line":9,"column":26}},"2":{"start":{"line":10,"column":24},"end":{"line":10,"column":28}},"3":{"start":{"line":11,"column":24},"end":{"line":11,"column":28}},"4":{"start":{"line":12,"column":24},"end":{"line":12,"column":28}},"5":{"start":{"line":13,"column":24},"end":{"line":13,"column":28}},"6":{"start":{"line":14,"column":20},"end":{"line":14,"column":24}},"7":{"start":{"line":15,"column":21},"end":{"line":15,"column":25}},"8":{"start":{"line":16,"column":23},"end":{"line":16,"column":27}},"9":{"start":{"line":17,"column":23},"end":{"line":17,"column":27}},"10":{"start":{"line":18,"column":23},"end":{"line":18,"column":27}},"11":{"start":{"line":19,"column":20},"end":{"line":19,"column":24}},"12":{"start":{"line":20,"column":21},"end":{"line":20,"column":25}},"13":{"start":{"line":21,"column":23},"end":{"line":21,"column":27}},"14":{"start":{"line":22,"column":20},"end":{"line":22,"column":24}},"15":{"start":{"line":23,"column":21},"end":{"line":23,"column":25}},"16":{"start":{"line":24,"column":21},"end":{"line":24,"column":25}},"17":{"start":{"line":26,"column":21},"end":{"line":26,"column":65}},"18":{"start":{"line":28,"column":2},"end":{"line":28,"column":null}},"19":{"start":{"line":36,"column":39},"end":{"line":49,"column":null}},"20":{"start":{"line":37,"column":20},"end":{"line":37,"column":23}},"21":{"start":{"line":38,"column":20},"end":{"line":38,"column":23}},"22":{"start":{"line":39,"column":21},"end":{"line":39,"column":24}},"23":{"start":{"line":40,"column":23},"end":{"line":40,"column":26}},"24":{"start":{"line":41,"column":20},"end":{"line":41,"column":23}},"25":{"start":{"line":42,"column":21},"end":{"line":42,"column":24}},"26":{"start":{"line":43,"column":21},"end":{"line":43,"column":24}},"27":{"start":{"line":44,"column":24},"end":{"line":44,"column":27}},"28":{"start":{"line":45,"column":23},"end":{"line":45,"column":26}},"29":{"start":{"line":47,"column":6},"end":{"line":47,"column":null}},"30":{"start":{"line":50,"column":2},"end":{"line":50,"column":null}},"31":{"start":{"line":58,"column":41},"end":{"line":66,"column":null}},"32":{"start":{"line":59,"column":20},"end":{"line":59,"column":25}},"33":{"start":{"line":60,"column":20},"end":{"line":60,"column":25}},"34":{"start":{"line":61,"column":24},"end":{"line":61,"column":29}},"35":{"start":{"line":62,"column":24},"end":{"line":62,"column":94}},"36":{"start":{"line":64,"column":6},"end":{"line":64,"column":null}},"37":{"start":{"line":67,"column":2},"end":{"line":67,"column":null}},"38":{"start":{"line":75,"column":22},"end":{"line":75,"column":null}},"39":{"start":{"line":76,"column":2},"end":{"line":76,"column":null}},"40":{"start":{"line":76,"column":26},"end":{"line":76,"column":30}},"41":{"start":{"line":77,"column":2},"end":{"line":77,"column":null}},"42":{"start":{"line":77,"column":28},"end":{"line":77,"column":32}},"43":{"start":{"line":78,"column":2},"end":{"line":78,"column":null}},"44":{"start":{"line":78,"column":28},"end":{"line":78,"column":32}},"45":{"start":{"line":79,"column":2},"end":{"line":79,"column":null}},"46":{"start":{"line":79,"column":28},"end":{"line":79,"column":39}},"47":{"start":{"line":80,"column":2},"end":{"line":80,"column":null}},"48":{"start":{"line":80,"column":28},"end":{"line":80,"column":32}},"49":{"start":{"line":81,"column":2},"end":{"line":81,"column":null}},"50":{"start":{"line":81,"column":24},"end":{"line":81,"column":28}},"51":{"start":{"line":82,"column":2},"end":{"line":82,"column":null}},"52":{"start":{"line":82,"column":25},"end":{"line":82,"column":29}},"53":{"start":{"line":83,"column":2},"end":{"line":83,"column":null}},"54":{"start":{"line":83,"column":27},"end":{"line":83,"column":31}},"55":{"start":{"line":84,"column":2},"end":{"line":84,"column":null}},"56":{"start":{"line":84,"column":27},"end":{"line":84,"column":31}},"57":{"start":{"line":85,"column":2},"end":{"line":85,"column":null}},"58":{"start":{"line":85,"column":27},"end":{"line":85,"column":31}},"59":{"start":{"line":86,"column":2},"end":{"line":86,"column":null}},"60":{"start":{"line":86,"column":24},"end":{"line":86,"column":28}},"61":{"start":{"line":87,"column":2},"end":{"line":87,"column":null}},"62":{"start":{"line":87,"column":25},"end":{"line":87,"column":29}},"63":{"start":{"line":88,"column":2},"end":{"line":88,"column":null}},"64":{"start":{"line":88,"column":27},"end":{"line":88,"column":31}},"65":{"start":{"line":89,"column":2},"end":{"line":89,"column":null}},"66":{"start":{"line":89,"column":24},"end":{"line":89,"column":28}},"67":{"start":{"line":90,"column":2},"end":{"line":90,"column":null}},"68":{"start":{"line":90,"column":25},"end":{"line":90,"column":29}},"69":{"start":{"line":91,"column":2},"end":{"line":91,"column":null}},"70":{"start":{"line":91,"column":25},"end":{"line":91,"column":29}},"71":{"start":{"line":92,"column":2},"end":{"line":92,"column":null}},"72":{"start":{"line":93,"column":2},"end":{"line":93,"column":null}},"73":{"start":{"line":93,"column":25},"end":{"line":93,"column":69}}},"fnMap":{"0":{"name":"createSupabaseMock","decl":{"start":{"line":7,"column":16},"end":{"line":7,"column":37}},"loc":{"start":{"line":7,"column":37},"end":{"line":29,"column":null}},"line":7},"1":{"name":"(anonymous_1)","decl":{"start":{"line":9,"column":16},"end":{"line":9,"column":22}},"loc":{"start":{"line":9,"column":22},"end":{"line":9,"column":26}},"line":9},"2":{"name":"(anonymous_2)","decl":{"start":{"line":10,"column":18},"end":{"line":10,"column":24}},"loc":{"start":{"line":10,"column":24},"end":{"line":10,"column":28}},"line":10},"3":{"name":"(anonymous_3)","decl":{"start":{"line":11,"column":18},"end":{"line":11,"column":24}},"loc":{"start":{"line":11,"column":24},"end":{"line":11,"column":28}},"line":11},"4":{"name":"(anonymous_4)","decl":{"start":{"line":12,"column":18},"end":{"line":12,"column":24}},"loc":{"start":{"line":12,"column":24},"end":{"line":12,"column":28}},"line":12},"5":{"name":"(anonymous_5)","decl":{"start":{"line":13,"column":18},"end":{"line":13,"column":24}},"loc":{"start":{"line":13,"column":24},"end":{"line":13,"column":28}},"line":13},"6":{"name":"(anonymous_6)","decl":{"start":{"line":14,"column":14},"end":{"line":14,"column":20}},"loc":{"start":{"line":14,"column":20},"end":{"line":14,"column":24}},"line":14},"7":{"name":"(anonymous_7)","decl":{"start":{"line":15,"column":15},"end":{"line":15,"column":21}},"loc":{"start":{"line":15,"column":21},"end":{"line":15,"column":25}},"line":15},"8":{"name":"(anonymous_8)","decl":{"start":{"line":16,"column":17},"end":{"line":16,"column":23}},"loc":{"start":{"line":16,"column":23},"end":{"line":16,"column":27}},"line":16},"9":{"name":"(anonymous_9)","decl":{"start":{"line":17,"column":17},"end":{"line":17,"column":23}},"loc":{"start":{"line":17,"column":23},"end":{"line":17,"column":27}},"line":17},"10":{"name":"(anonymous_10)","decl":{"start":{"line":18,"column":17},"end":{"line":18,"column":23}},"loc":{"start":{"line":18,"column":23},"end":{"line":18,"column":27}},"line":18},"11":{"name":"(anonymous_11)","decl":{"start":{"line":19,"column":14},"end":{"line":19,"column":20}},"loc":{"start":{"line":19,"column":20},"end":{"line":19,"column":24}},"line":19},"12":{"name":"(anonymous_12)","decl":{"start":{"line":20,"column":15},"end":{"line":20,"column":21}},"loc":{"start":{"line":20,"column":21},"end":{"line":20,"column":25}},"line":20},"13":{"name":"(anonymous_13)","decl":{"start":{"line":21,"column":17},"end":{"line":21,"column":23}},"loc":{"start":{"line":21,"column":23},"end":{"line":21,"column":27}},"line":21},"14":{"name":"(anonymous_14)","decl":{"start":{"line":22,"column":14},"end":{"line":22,"column":20}},"loc":{"start":{"line":22,"column":20},"end":{"line":22,"column":24}},"line":22},"15":{"name":"(anonymous_15)","decl":{"start":{"line":23,"column":15},"end":{"line":23,"column":21}},"loc":{"start":{"line":23,"column":21},"end":{"line":23,"column":25}},"line":23},"16":{"name":"(anonymous_16)","decl":{"start":{"line":24,"column":15},"end":{"line":24,"column":21}},"loc":{"start":{"line":24,"column":21},"end":{"line":24,"column":25}},"line":24},"17":{"name":"(anonymous_17)","decl":{"start":{"line":26,"column":15},"end":{"line":26,"column":21}},"loc":{"start":{"line":26,"column":21},"end":{"line":26,"column":65}},"line":26},"18":{"name":"mockThenableResult","decl":{"start":{"line":35,"column":16},"end":{"line":35,"column":35}},"loc":{"start":{"line":35,"column":102},"end":{"line":51,"column":null}},"line":35},"19":{"name":"(anonymous_19)","decl":{"start":{"line":37,"column":14},"end":{"line":37,"column":20}},"loc":{"start":{"line":37,"column":20},"end":{"line":37,"column":23}},"line":37},"20":{"name":"(anonymous_20)","decl":{"start":{"line":38,"column":14},"end":{"line":38,"column":20}},"loc":{"start":{"line":38,"column":20},"end":{"line":38,"column":23}},"line":38},"21":{"name":"(anonymous_21)","decl":{"start":{"line":39,"column":15},"end":{"line":39,"column":21}},"loc":{"start":{"line":39,"column":21},"end":{"line":39,"column":24}},"line":39},"22":{"name":"(anonymous_22)","decl":{"start":{"line":40,"column":17},"end":{"line":40,"column":23}},"loc":{"start":{"line":40,"column":23},"end":{"line":40,"column":26}},"line":40},"23":{"name":"(anonymous_23)","decl":{"start":{"line":41,"column":14},"end":{"line":41,"column":20}},"loc":{"start":{"line":41,"column":20},"end":{"line":41,"column":23}},"line":41},"24":{"name":"(anonymous_24)","decl":{"start":{"line":42,"column":15},"end":{"line":42,"column":21}},"loc":{"start":{"line":42,"column":21},"end":{"line":42,"column":24}},"line":42},"25":{"name":"(anonymous_25)","decl":{"start":{"line":43,"column":15},"end":{"line":43,"column":21}},"loc":{"start":{"line":43,"column":21},"end":{"line":43,"column":24}},"line":43},"26":{"name":"(anonymous_26)","decl":{"start":{"line":44,"column":18},"end":{"line":44,"column":24}},"loc":{"start":{"line":44,"column":24},"end":{"line":44,"column":27}},"line":44},"27":{"name":"(anonymous_27)","decl":{"start":{"line":45,"column":17},"end":{"line":45,"column":23}},"loc":{"start":{"line":45,"column":23},"end":{"line":45,"column":26}},"line":45},"28":{"name":"(anonymous_28)","decl":{"start":{"line":46,"column":4},"end":{"line":46,"column":9}},"loc":{"start":{"line":46,"column":40},"end":{"line":48,"column":null}},"line":46},"29":{"name":"createUpdateChain","decl":{"start":{"line":57,"column":16},"end":{"line":57,"column":34}},"loc":{"start":{"line":57,"column":94},"end":{"line":68,"column":null}},"line":57},"30":{"name":"(anonymous_30)","decl":{"start":{"line":59,"column":14},"end":{"line":59,"column":20}},"loc":{"start":{"line":59,"column":20},"end":{"line":59,"column":25}},"line":59},"31":{"name":"(anonymous_31)","decl":{"start":{"line":60,"column":14},"end":{"line":60,"column":20}},"loc":{"start":{"line":60,"column":20},"end":{"line":60,"column":25}},"line":60},"32":{"name":"(anonymous_32)","decl":{"start":{"line":61,"column":18},"end":{"line":61,"column":24}},"loc":{"start":{"line":61,"column":24},"end":{"line":61,"column":29}},"line":61},"33":{"name":"(anonymous_33)","decl":{"start":{"line":62,"column":18},"end":{"line":62,"column":24}},"loc":{"start":{"line":62,"column":24},"end":{"line":62,"column":94}},"line":62},"34":{"name":"(anonymous_34)","decl":{"start":{"line":63,"column":4},"end":{"line":63,"column":9}},"loc":{"start":{"line":63,"column":40},"end":{"line":65,"column":null}},"line":63},"35":{"name":"resetSupabaseMock","decl":{"start":{"line":74,"column":16},"end":{"line":74,"column":34}},"loc":{"start":{"line":74,"column":82},"end":{"line":94,"column":null}},"line":74},"36":{"name":"(anonymous_36)","decl":{"start":{"line":76,"column":20},"end":{"line":76,"column":26}},"loc":{"start":{"line":76,"column":26},"end":{"line":76,"column":30}},"line":76},"37":{"name":"(anonymous_37)","decl":{"start":{"line":77,"column":22},"end":{"line":77,"column":28}},"loc":{"start":{"line":77,"column":28},"end":{"line":77,"column":32}},"line":77},"38":{"name":"(anonymous_38)","decl":{"start":{"line":78,"column":22},"end":{"line":78,"column":28}},"loc":{"start":{"line":78,"column":28},"end":{"line":78,"column":32}},"line":78},"39":{"name":"(anonymous_39)","decl":{"start":{"line":79,"column":22},"end":{"line":79,"column":28}},"loc":{"start":{"line":79,"column":28},"end":{"line":79,"column":39}},"line":79},"40":{"name":"(anonymous_40)","decl":{"start":{"line":80,"column":22},"end":{"line":80,"column":28}},"loc":{"start":{"line":80,"column":28},"end":{"line":80,"column":32}},"line":80},"41":{"name":"(anonymous_41)","decl":{"start":{"line":81,"column":18},"end":{"line":81,"column":24}},"loc":{"start":{"line":81,"column":24},"end":{"line":81,"column":28}},"line":81},"42":{"name":"(anonymous_42)","decl":{"start":{"line":82,"column":19},"end":{"line":82,"column":25}},"loc":{"start":{"line":82,"column":25},"end":{"line":82,"column":29}},"line":82},"43":{"name":"(anonymous_43)","decl":{"start":{"line":83,"column":21},"end":{"line":83,"column":27}},"loc":{"start":{"line":83,"column":27},"end":{"line":83,"column":31}},"line":83},"44":{"name":"(anonymous_44)","decl":{"start":{"line":84,"column":21},"end":{"line":84,"column":27}},"loc":{"start":{"line":84,"column":27},"end":{"line":84,"column":31}},"line":84},"45":{"name":"(anonymous_45)","decl":{"start":{"line":85,"column":21},"end":{"line":85,"column":27}},"loc":{"start":{"line":85,"column":27},"end":{"line":85,"column":31}},"line":85},"46":{"name":"(anonymous_46)","decl":{"start":{"line":86,"column":18},"end":{"line":86,"column":24}},"loc":{"start":{"line":86,"column":24},"end":{"line":86,"column":28}},"line":86},"47":{"name":"(anonymous_47)","decl":{"start":{"line":87,"column":19},"end":{"line":87,"column":25}},"loc":{"start":{"line":87,"column":25},"end":{"line":87,"column":29}},"line":87},"48":{"name":"(anonymous_48)","decl":{"start":{"line":88,"column":21},"end":{"line":88,"column":27}},"loc":{"start":{"line":88,"column":27},"end":{"line":88,"column":31}},"line":88},"49":{"name":"(anonymous_49)","decl":{"start":{"line":89,"column":18},"end":{"line":89,"column":24}},"loc":{"start":{"line":89,"column":24},"end":{"line":89,"column":28}},"line":89},"50":{"name":"(anonymous_50)","decl":{"start":{"line":90,"column":19},"end":{"line":90,"column":25}},"loc":{"start":{"line":90,"column":25},"end":{"line":90,"column":29}},"line":90},"51":{"name":"(anonymous_51)","decl":{"start":{"line":91,"column":19},"end":{"line":91,"column":25}},"loc":{"start":{"line":91,"column":25},"end":{"line":91,"column":29}},"line":91},"52":{"name":"(anonymous_52)","decl":{"start":{"line":93,"column":19},"end":{"line":93,"column":25}},"loc":{"start":{"line":93,"column":25},"end":{"line":93,"column":69}},"line":93}},"branchMap":{"0":{"loc":{"start":{"line":35,"column":50},"end":{"line":35,"column":73}},"type":"default-arg","locations":[{"start":{"line":35,"column":67},"end":{"line":35,"column":73}}],"line":35},"1":{"loc":{"start":{"line":35,"column":73},"end":{"line":35,"column":102}},"type":"default-arg","locations":[{"start":{"line":35,"column":96},"end":{"line":35,"column":102}}],"line":35},"2":{"loc":{"start":{"line":57,"column":34},"end":{"line":57,"column":71}},"type":"default-arg","locations":[{"start":{"line":57,"column":50},"end":{"line":57,"column":71}}],"line":57},"3":{"loc":{"start":{"line":57,"column":71},"end":{"line":57,"column":94}},"type":"default-arg","locations":[{"start":{"line":57,"column":88},"end":{"line":57,"column":94}}],"line":57},"4":{"loc":{"start":{"line":62,"column":48},"end":{"line":62,"column":86}},"type":"cond-expr","locations":[{"start":{"line":62,"column":70},"end":{"line":62,"column":80}},{"start":{"line":62,"column":80},"end":{"line":62,"column":86}}],"line":62}},"s":{"0":3,"1":0,"2":0,"3":0,"4":0,"5":0,"6":0,"7":0,"8":0,"9":0,"10":0,"11":0,"12":0,"13":0,"14":0,"15":0,"16":0,"17":0,"18":3,"19":30,"20":7,"21":0,"22":0,"23":0,"24":0,"25":0,"26":0,"27":0,"28":0,"29":30,"30":30,"31":169,"32":28,"33":0,"34":9,"35":2,"36":17,"37":169,"38":169,"39":169,"40":118,"41":169,"42":70,"43":169,"44":23,"45":169,"46":19,"47":169,"48":0,"49":169,"50":31,"51":169,"52":0,"53":169,"54":16,"55":169,"56":0,"57":169,"58":0,"59":169,"60":0,"61":169,"62":4,"63":169,"64":0,"65":169,"66":0,"67":169,"68":2,"69":169,"70":0,"71":169,"72":169,"73":0},"f":{"0":3,"1":0,"2":0,"3":0,"4":0,"5":0,"6":0,"7":0,"8":0,"9":0,"10":0,"11":0,"12":0,"13":0,"14":0,"15":0,"16":0,"17":0,"18":30,"19":7,"20":0,"21":0,"22":0,"23":0,"24":0,"25":0,"26":0,"27":0,"28":30,"29":169,"30":28,"31":0,"32":9,"33":2,"34":17,"35":169,"36":118,"37":70,"38":23,"39":19,"40":0,"41":31,"42":0,"43":16,"44":0,"45":0,"46":0,"47":4,"48":0,"49":0,"50":2,"51":0,"52":0},"b":{"0":[30],"1":[30],"2":[169],"3":[169],"4":[2,0]},"meta":{"lastBranch":5,"lastFunction":53,"lastStatement":74,"seen":{"f:7:16:7:37":0,"s:8:57:27:Infinity":0,"f:9:16:9:22":1,"s:9:22:9:26":1,"f:10:18:10:24":2,"s:10:24:10:28":2,"f:11:18:11:24":3,"s:11:24:11:28":3,"f:12:18:12:24":4,"s:12:24:12:28":4,"f:13:18:13:24":5,"s:13:24:13:28":5,"f:14:14:14:20":6,"s:14:20:14:24":6,"f:15:15:15:21":7,"s:15:21:15:25":7,"f:16:17:16:23":8,"s:16:23:16:27":8,"f:17:17:17:23":9,"s:17:23:17:27":9,"f:18:17:18:23":10,"s:18:23:18:27":10,"f:19:14:19:20":11,"s:19:20:19:24":11,"f:20:15:20:21":12,"s:20:21:20:25":12,"f:21:17:21:23":13,"s:21:23:21:27":13,"f:22:14:22:20":14,"s:22:20:22:24":14,"f:23:15:23:21":15,"s:23:21:23:25":15,"f:24:15:24:21":16,"s:24:21:24:25":16,"f:26:15:26:21":17,"s:26:21:26:65":17,"s:28:2:28:Infinity":18,"f:35:16:35:35":18,"b:35:67:35:73":0,"b:35:96:35:102":1,"s:36:39:49:Infinity":19,"f:37:14:37:20":19,"s:37:20:37:23":20,"f:38:14:38:20":20,"s:38:20:38:23":21,"f:39:15:39:21":21,"s:39:21:39:24":22,"f:40:17:40:23":22,"s:40:23:40:26":23,"f:41:14:41:20":23,"s:41:20:41:23":24,"f:42:15:42:21":24,"s:42:21:42:24":25,"f:43:15:43:21":25,"s:43:21:43:24":26,"f:44:18:44:24":26,"s:44:24:44:27":27,"f:45:17:45:23":27,"s:45:23:45:26":28,"f:46:4:46:9":28,"s:47:6:47:Infinity":29,"s:50:2:50:Infinity":30,"f:57:16:57:34":29,"b:57:50:57:71":2,"b:57:88:57:94":3,"s:58:41:66:Infinity":31,"f:59:14:59:20":30,"s:59:20:59:25":32,"f:60:14:60:20":31,"s:60:20:60:25":33,"f:61:18:61:24":32,"s:61:24:61:29":34,"f:62:18:62:24":33,"s:62:24:62:94":35,"b:62:70:62:80:62:80:62:86":4,"f:63:4:63:9":34,"s:64:6:64:Infinity":36,"s:67:2:67:Infinity":37,"f:74:16:74:34":35,"s:75:22:75:Infinity":38,"s:76:2:76:Infinity":39,"f:76:20:76:26":36,"s:76:26:76:30":40,"s:77:2:77:Infinity":41,"f:77:22:77:28":37,"s:77:28:77:32":42,"s:78:2:78:Infinity":43,"f:78:22:78:28":38,"s:78:28:78:32":44,"s:79:2:79:Infinity":45,"f:79:22:79:28":39,"s:79:28:79:39":46,"s:80:2:80:Infinity":47,"f:80:22:80:28":40,"s:80:28:80:32":48,"s:81:2:81:Infinity":49,"f:81:18:81:24":41,"s:81:24:81:28":50,"s:82:2:82:Infinity":51,"f:82:19:82:25":42,"s:82:25:82:29":52,"s:83:2:83:Infinity":53,"f:83:21:83:27":43,"s:83:27:83:31":54,"s:84:2:84:Infinity":55,"f:84:21:84:27":44,"s:84:27:84:31":56,"s:85:2:85:Infinity":57,"f:85:21:85:27":45,"s:85:27:85:31":58,"s:86:2:86:Infinity":59,"f:86:18:86:24":46,"s:86:24:86:28":60,"s:87:2:87:Infinity":61,"f:87:19:87:25":47,"s:87:25:87:29":62,"s:88:2:88:Infinity":63,"f:88:21:88:27":48,"s:88:27:88:31":64,"s:89:2:89:Infinity":65,"f:89:18:89:24":49,"s:89:24:89:28":66,"s:90:2:90:Infinity":67,"f:90:19:90:25":50,"s:90:25:90:29":68,"s:91:2:91:Infinity":69,"f:91:19:91:25":51,"s:91:25:91:29":70,"s:92:2:92:Infinity":71,"s:93:2:93:Infinity":72,"f:93:19:93:25":52,"s:93:25:93:69":73}}}
}
